<?xml version="1.0" encoding="UTF-8"?>
<coverage generated="1651150224515" clover="3.2.0">
  <project timestamp="1651150224515" name="All files">
    <metrics statements="1373" coveredstatements="1084" conditionals="1346" coveredconditionals="648" methods="558" coveredmethods="322" elements="3277" coveredelements="2054" complexity="0" loc="1373" ncloc="1373" packages="2" files="2" classes="2"/>
    <package name="dist">
      <metrics statements="1361" coveredstatements="1072" conditionals="1344" coveredconditionals="646" methods="555" coveredmethods="319"/>
      <file name="index.js" path="C:\projects\redumbx\dist\index.js">
        <metrics statements="1361" coveredstatements="1072" conditionals="1344" coveredconditionals="646" methods="555" coveredmethods="319"/>
        <line num="1" count="6" type="stmt"/>
        <line num="2" count="6" type="cond" truecount="3" falsecount="1"/>
        <line num="3" count="6" type="stmt"/>
        <line num="4" count="0" type="cond" truecount="0" falsecount="4"/>
        <line num="5" count="0" type="stmt"/>
        <line num="6" count="0" type="cond" truecount="0" falsecount="2"/>
        <line num="7" count="0" type="stmt"/>
        <line num="9" count="0" type="stmt"/>
        <line num="11" count="6" type="stmt"/>
        <line num="13" count="6" type="stmt"/>
        <line num="18" count="6" type="stmt"/>
        <line num="19" count="6" type="stmt"/>
        <line num="20" count="14" type="stmt"/>
        <line num="21" count="0" type="stmt"/>
        <line num="22" count="0" type="stmt"/>
        <line num="23" count="0" type="stmt"/>
        <line num="24" count="0" type="stmt"/>
        <line num="25" count="0" type="stmt"/>
        <line num="26" count="0" type="stmt"/>
        <line num="27" count="0" type="stmt"/>
        <line num="28" count="0" type="stmt"/>
        <line num="29" count="0" type="stmt"/>
        <line num="30" count="0" type="stmt"/>
        <line num="31" count="0" type="stmt"/>
        <line num="32" count="0" type="stmt"/>
        <line num="33" count="0" type="stmt"/>
        <line num="34" count="0" type="stmt"/>
        <line num="35" count="0" type="stmt"/>
        <line num="36" count="0" type="stmt"/>
        <line num="37" count="0" type="stmt"/>
        <line num="38" count="0" type="stmt"/>
        <line num="39" count="0" type="stmt"/>
        <line num="40" count="0" type="stmt"/>
        <line num="41" count="0" type="stmt"/>
        <line num="43" count="103" type="cond" truecount="152" falsecount="412"/>
        <line num="54" count="6" type="stmt"/>
        <line num="64" count="211" type="stmt"/>
        <line num="70" count="115" type="cond" truecount="2" falsecount="0"/>
        <line num="73" count="96" type="stmt"/>
        <line num="74" count="96" type="cond" truecount="1" falsecount="1"/>
        <line num="77" count="96" type="stmt"/>
        <line num="78" count="96" type="cond" truecount="1" falsecount="1"/>
        <line num="81" count="96" type="cond" truecount="2" falsecount="0"/>
        <line num="82" count="22" type="stmt"/>
        <line num="86" count="74" type="stmt"/>
        <line num="89" count="6" type="stmt"/>
        <line num="105" count="6" type="stmt"/>
        <line num="106" count="6" type="stmt"/>
        <line num="107" count="6" type="stmt"/>
        <line num="110" count="0" type="cond" truecount="0" falsecount="4"/>
        <line num="111" count="0" type="stmt"/>
        <line num="114" count="0" type="stmt"/>
        <line num="118" count="6" type="stmt"/>
        <line num="119" count="6" type="cond" truecount="1" falsecount="1"/>
        <line num="120" count="0" type="stmt"/>
        <line num="126" count="6" type="stmt"/>
        <line num="127" count="6" type="stmt"/>
        <line num="128" count="6" type="cond" truecount="1" falsecount="1"/>
        <line num="129" count="0" type="stmt"/>
        <line num="133" count="6" type="stmt"/>
        <line num="134" count="6" type="stmt"/>
        <line num="135" count="60" type="stmt"/>
        <line num="137" count="6" type="stmt"/>
        <line num="138" count="60" type="stmt"/>
        <line num="140" count="6" type="cond" truecount="1" falsecount="1"/>
        <line num="141" count="0" type="stmt"/>
        <line num="145" count="6" type="stmt"/>
        <line num="146" count="6" type="stmt"/>
        <line num="147" count="120" type="stmt"/>
        <line num="149" count="6" type="cond" truecount="1" falsecount="1"/>
        <line num="151" count="0" type="stmt"/>
        <line num="154" count="6" type="stmt"/>
        <line num="157" count="0" type="stmt"/>
        <line num="161" count="6" type="cond" truecount="1" falsecount="1"/>
        <line num="163" count="0" type="stmt"/>
        <line num="166" count="0" type="stmt"/>
        <line num="167" count="0" type="stmt"/>
        <line num="169" count="0" type="stmt"/>
        <line num="170" count="0" type="cond" truecount="0" falsecount="2"/>
        <line num="171" count="0" type="stmt"/>
        <line num="175" count="0" type="cond" truecount="0" falsecount="2"/>
        <line num="176" count="0" type="stmt"/>
        <line num="177" count="0" type="stmt"/>
        <line num="178" count="0" type="cond" truecount="0" falsecount="2"/>
        <line num="179" count="0" type="stmt"/>
        <line num="185" count="0" type="stmt"/>
        <line num="202" count="6" type="cond" truecount="3" falsecount="1"/>
        <line num="203" count="20" type="cond" truecount="9" falsecount="6"/>
        <line num="213" count="6" type="cond" truecount="1" falsecount="1"/>
        <line num="214" count="6" type="stmt"/>
        <line num="224" count="6" type="cond" truecount="4" falsecount="1"/>
        <line num="225" count="384" type="cond" truecount="1" falsecount="1"/>
        <line num="226" count="384" type="stmt"/>
        <line num="227" count="384" type="cond" truecount="4" falsecount="4"/>
        <line num="228" count="0" type="stmt"/>
        <line num="230" count="384" type="stmt"/>
        <line num="232" count="0" type="cond" truecount="0" falsecount="2"/>
        <line num="233" count="0" type="stmt"/>
        <line num="235" count="6" type="cond" truecount="3" falsecount="0"/>
        <line num="236" count="384" type="cond" truecount="3" falsecount="1"/>
        <line num="238" count="6" type="stmt"/>
        <line num="239" count="6" type="stmt"/>
        <line num="240" count="6" type="stmt"/>
        <line num="241" count="6" type="stmt"/>
        <line num="242" count="6" type="stmt"/>
        <line num="251" count="6" type="cond" truecount="4" falsecount="1"/>
        <line num="252" count="168" type="cond" truecount="1" falsecount="1"/>
        <line num="253" count="168" type="stmt"/>
        <line num="254" count="168" type="cond" truecount="5" falsecount="3"/>
        <line num="255" count="168" type="stmt"/>
        <line num="257" count="168" type="stmt"/>
        <line num="259" count="0" type="cond" truecount="0" falsecount="2"/>
        <line num="260" count="0" type="stmt"/>
        <line num="262" count="6" type="cond" truecount="4" falsecount="1"/>
        <line num="263" count="6" type="stmt"/>
        <line num="265" count="0" type="stmt"/>
        <line num="267" count="6" type="cond" truecount="3" falsecount="0"/>
        <line num="268" count="6" type="cond" truecount="3" falsecount="1"/>
        <line num="269" count="6" type="stmt"/>
        <line num="270" count="168" type="cond" truecount="4" falsecount="2"/>
        <line num="271" count="6" type="stmt"/>
        <line num="272" count="6" type="stmt"/>
        <line num="274" count="6" type="stmt"/>
        <line num="275" count="6" type="stmt"/>
        <line num="276" count="6" type="stmt"/>
        <line num="277" count="6" type="stmt"/>
        <line num="278" count="6" type="stmt"/>
        <line num="279" count="6" type="stmt"/>
        <line num="280" count="6" type="stmt"/>
        <line num="281" count="6" type="stmt"/>
        <line num="282" count="6" type="stmt"/>
        <line num="284" count="23" type="stmt"/>
        <line num="286" count="6" type="stmt"/>
        <line num="288" count="10" type="stmt"/>
        <line num="289" count="10" type="stmt"/>
        <line num="290" count="10" type="stmt"/>
        <line num="291" count="10" type="stmt"/>
        <line num="293" count="6" type="stmt"/>
        <line num="295" count="10" type="cond" truecount="2" falsecount="0"/>
        <line num="296" count="10" type="stmt"/>
        <line num="298" count="6" type="stmt"/>
        <line num="307" count="6" type="cond" truecount="4" falsecount="1"/>
        <line num="308" count="168" type="cond" truecount="1" falsecount="1"/>
        <line num="309" count="168" type="stmt"/>
        <line num="310" count="168" type="cond" truecount="5" falsecount="3"/>
        <line num="311" count="168" type="stmt"/>
        <line num="313" count="168" type="stmt"/>
        <line num="315" count="0" type="cond" truecount="0" falsecount="2"/>
        <line num="316" count="0" type="stmt"/>
        <line num="318" count="6" type="cond" truecount="4" falsecount="1"/>
        <line num="319" count="6" type="stmt"/>
        <line num="321" count="0" type="stmt"/>
        <line num="323" count="6" type="cond" truecount="3" falsecount="0"/>
        <line num="324" count="6" type="cond" truecount="3" falsecount="1"/>
        <line num="325" count="6" type="stmt"/>
        <line num="326" count="168" type="cond" truecount="4" falsecount="2"/>
        <line num="327" count="6" type="stmt"/>
        <line num="328" count="6" type="stmt"/>
        <line num="330" count="6" type="stmt"/>
        <line num="331" count="6" type="stmt"/>
        <line num="332" count="6" type="stmt"/>
        <line num="338" count="56" type="stmt"/>
        <line num="340" count="6" type="stmt"/>
        <line num="345" count="46" type="stmt"/>
        <line num="347" count="6" type="stmt"/>
        <line num="353" count="14" type="stmt"/>
        <line num="354" count="14" type="stmt"/>
        <line num="357" count="14" type="stmt"/>
        <line num="358" count="14" type="stmt"/>
        <line num="359" count="14" type="stmt"/>
        <line num="360" count="141" type="stmt"/>
        <line num="361" count="14" type="stmt"/>
        <line num="364" count="0" type="stmt"/>
        <line num="368" count="6" type="stmt"/>
        <line num="373" count="23" type="stmt"/>
        <line num="374" count="23" type="stmt"/>
        <line num="376" count="6" type="stmt"/>
        <line num="385" count="6" type="cond" truecount="4" falsecount="1"/>
        <line num="386" count="78" type="cond" truecount="1" falsecount="1"/>
        <line num="387" count="78" type="stmt"/>
        <line num="388" count="78" type="cond" truecount="5" falsecount="3"/>
        <line num="389" count="78" type="stmt"/>
        <line num="391" count="78" type="stmt"/>
        <line num="393" count="0" type="cond" truecount="0" falsecount="2"/>
        <line num="394" count="0" type="stmt"/>
        <line num="396" count="6" type="cond" truecount="3" falsecount="0"/>
        <line num="397" count="102" type="cond" truecount="4" falsecount="0"/>
        <line num="399" count="6" type="stmt"/>
        <line num="400" count="6" type="stmt"/>
        <line num="401" count="6" type="stmt"/>
        <line num="402" count="6" type="stmt"/>
        <line num="403" count="6" type="stmt"/>
        <line num="404" count="6" type="stmt"/>
        <line num="405" count="6" type="stmt"/>
        <line num="414" count="6" type="stmt"/>
        <line num="415" count="6" type="stmt"/>
        <line num="416" count="6" type="stmt"/>
        <line num="417" count="6" type="stmt"/>
        <line num="418" count="6" type="stmt"/>
        <line num="419" count="6" type="stmt"/>
        <line num="422" count="10" type="stmt"/>
        <line num="423" count="10" type="stmt"/>
        <line num="424" count="10" type="stmt"/>
        <line num="425" count="10" type="stmt"/>
        <line num="426" count="10" type="stmt"/>
        <line num="429" count="14" type="stmt"/>
        <line num="430" count="14" type="stmt"/>
        <line num="431" count="14" type="stmt"/>
        <line num="434" count="14" type="stmt"/>
        <line num="435" count="14" type="cond" truecount="1" falsecount="1"/>
        <line num="436" count="0" type="stmt"/>
        <line num="437" count="14" type="stmt"/>
        <line num="438" count="14" type="stmt"/>
        <line num="441" count="10" type="stmt"/>
        <line num="445" count="3" type="stmt"/>
        <line num="446" count="3" type="stmt"/>
        <line num="447" count="3" type="stmt"/>
        <line num="450" count="3" type="stmt"/>
        <line num="451" count="3" type="stmt"/>
        <line num="452" count="3" type="stmt"/>
        <line num="455" count="10" type="stmt"/>
        <line num="458" count="10" type="cond" truecount="1" falsecount="1"/>
        <line num="459" count="0" type="stmt"/>
        <line num="461" count="10" type="stmt"/>
        <line num="462" count="10" type="stmt"/>
        <line num="463" count="10" type="stmt"/>
        <line num="465" count="10" type="stmt"/>
        <line num="466" count="10" type="stmt"/>
        <line num="467" count="10" type="cond" truecount="2" falsecount="0"/>
        <line num="468" count="10" type="stmt"/>
        <line num="469" count="10" type="cond" truecount="2" falsecount="0"/>
        <line num="470" count="9" type="stmt"/>
        <line num="471" count="9" type="stmt"/>
        <line num="477" count="10" type="stmt"/>
        <line num="481" count="6" type="stmt"/>
        <line num="484" count="14" type="stmt"/>
        <line num="485" count="14" type="stmt"/>
        <line num="486" count="14" type="stmt"/>
        <line num="487" count="14" type="stmt"/>
        <line num="488" count="14" type="stmt"/>
        <line num="489" count="14" type="stmt"/>
        <line num="490" count="14" type="stmt"/>
        <line num="491" count="14" type="stmt"/>
        <line num="495" count="14" type="stmt"/>
        <line num="496" count="14" type="stmt"/>
        <line num="499" count="12" type="stmt"/>
        <line num="503" count="12" type="stmt"/>
        <line num="504" count="12" type="stmt"/>
        <line num="506" count="12" type="stmt"/>
        <line num="507" count="12" type="stmt"/>
        <line num="510" count="10" type="cond" truecount="3" falsecount="0"/>
        <line num="513" count="14" type="stmt"/>
        <line num="516" count="18" type="stmt"/>
        <line num="519" count="14" type="stmt"/>
        <line num="520" count="14" type="stmt"/>
        <line num="524" count="10" type="stmt"/>
        <line num="525" count="10" type="stmt"/>
        <line num="526" count="10" type="stmt"/>
        <line num="527" count="10" type="stmt"/>
        <line num="528" count="13" type="cond" truecount="5" falsecount="1"/>
        <line num="529" count="9" type="stmt"/>
        <line num="530" count="9" type="stmt"/>
        <line num="533" count="10" type="cond" truecount="2" falsecount="0"/>
        <line num="534" count="1" type="stmt"/>
        <line num="535" count="9" type="stmt"/>
        <line num="536" count="9" type="cond" truecount="1" falsecount="1"/>
        <line num="538" count="0" type="stmt"/>
        <line num="540" count="9" type="cond" truecount="1" falsecount="1"/>
        <line num="541" count="9" type="stmt"/>
        <line num="543" count="0" type="stmt"/>
        <line num="546" count="10" type="cond" truecount="1" falsecount="1"/>
        <line num="547" count="0" type="stmt"/>
        <line num="549" count="10" type="stmt"/>
        <line num="552" count="0" type="stmt"/>
        <line num="555" count="6" type="stmt"/>
        <line num="564" count="6" type="stmt"/>
        <line num="565" count="6" type="stmt"/>
        <line num="566" count="6" type="stmt"/>
        <line num="567" count="6" type="stmt"/>
        <line num="568" count="6" type="stmt"/>
        <line num="569" count="6" type="stmt"/>
        <line num="570" count="6" type="stmt"/>
        <line num="571" count="6" type="stmt"/>
        <line num="573" count="23" type="stmt"/>
        <line num="574" count="23" type="stmt"/>
        <line num="575" count="14" type="stmt"/>
        <line num="576" count="14" type="stmt"/>
        <line num="577" count="14" type="stmt"/>
        <line num="578" count="14" type="stmt"/>
        <line num="579" count="14" type="stmt"/>
        <line num="580" count="14" type="stmt"/>
        <line num="581" count="14" type="stmt"/>
        <line num="582" count="14" type="cond" truecount="2" falsecount="0"/>
        <line num="583" count="1" type="stmt"/>
        <line num="585" count="14" type="stmt"/>
        <line num="587" count="1" type="stmt"/>
        <line num="588" count="1" type="stmt"/>
        <line num="589" count="1" type="stmt"/>
        <line num="590" count="1" type="stmt"/>
        <line num="591" count="1" type="stmt"/>
        <line num="592" count="1" type="stmt"/>
        <line num="594" count="14" type="stmt"/>
        <line num="597" count="1" type="stmt"/>
        <line num="599" count="14" type="stmt"/>
        <line num="602" count="0" type="stmt"/>
        <line num="604" count="14" type="stmt"/>
        <line num="608" count="23" type="stmt"/>
        <line num="609" count="14" type="stmt"/>
        <line num="611" count="23" type="stmt"/>
        <line num="612" count="14" type="stmt"/>
        <line num="613" count="14" type="cond" truecount="2" falsecount="0"/>
        <line num="614" count="11" type="stmt"/>
        <line num="615" count="3" type="stmt"/>
        <line num="616" count="3" type="stmt"/>
        <line num="617" count="10" type="cond" truecount="1" falsecount="1"/>
        <line num="618" count="0" type="stmt"/>
        <line num="619" count="10" type="stmt"/>
        <line num="620" count="10" type="cond" truecount="2" falsecount="0"/>
        <line num="621" count="9" type="stmt"/>
        <line num="624" count="3" type="stmt"/>
        <line num="625" count="3" type="stmt"/>
        <line num="628" count="23" type="stmt"/>
        <line num="629" count="14" type="stmt"/>
        <line num="631" count="23" type="stmt"/>
        <line num="633" count="6" type="stmt"/>
        <line num="635" count="23" type="stmt"/>
        <line num="636" count="23" type="stmt"/>
        <line num="638" count="6" type="stmt"/>
        <line num="647" count="6" type="stmt"/>
        <line num="648" count="6" type="stmt"/>
        <line num="649" count="6" type="stmt"/>
        <line num="650" count="6" type="stmt"/>
        <line num="651" count="6" type="stmt"/>
        <line num="652" count="6" type="stmt"/>
        <line num="654" count="23" type="stmt"/>
        <line num="655" count="23" type="stmt"/>
        <line num="657" count="14" type="cond" truecount="4" falsecount="0"/>
        <line num="658" count="14" type="stmt"/>
        <line num="659" count="14" type="stmt"/>
        <line num="661" count="14" type="stmt"/>
        <line num="662" count="14" type="stmt"/>
        <line num="663" count="14" type="cond" truecount="2" falsecount="0"/>
        <line num="664" count="2" type="stmt"/>
        <line num="665" count="2" type="stmt"/>
        <line num="666" count="2" type="stmt"/>
        <line num="667" count="2" type="stmt"/>
        <line num="668" count="2" type="cond" truecount="1" falsecount="1"/>
        <line num="669" count="2" type="stmt"/>
        <line num="672" count="12" type="cond" truecount="4" falsecount="0"/>
        <line num="673" count="12" type="cond" truecount="2" falsecount="0"/>
        <line num="674" count="12" type="stmt"/>
        <line num="675" count="12" type="cond" truecount="2" falsecount="0"/>
        <line num="676" count="12" type="cond" truecount="4" falsecount="0"/>
        <line num="677" count="10" type="stmt"/>
        <line num="679" count="14" type="stmt"/>
        <line num="680" count="14" type="stmt"/>
        <line num="681" count="14" type="stmt"/>
        <line num="692" count="23" type="stmt"/>
        <line num="693" count="23" type="stmt"/>
        <line num="694" count="23" type="cond" truecount="2" falsecount="0"/>
        <line num="697" count="23" type="stmt"/>
        <line num="698" count="14" type="cond" truecount="4" falsecount="0"/>
        <line num="699" count="2" type="stmt"/>
        <line num="700" count="12" type="cond" truecount="2" falsecount="0"/>
        <line num="701" count="2" type="stmt"/>
        <line num="704" count="10" type="stmt"/>
        <line num="707" count="23" type="stmt"/>
        <line num="709" count="6" type="stmt"/>
        <line num="720" count="6" type="stmt"/>
        <line num="729" count="6" type="cond" truecount="4" falsecount="1"/>
        <line num="730" count="132" type="cond" truecount="1" falsecount="1"/>
        <line num="731" count="132" type="stmt"/>
        <line num="732" count="132" type="cond" truecount="5" falsecount="3"/>
        <line num="733" count="425" type="stmt"/>
        <line num="735" count="132" type="stmt"/>
        <line num="737" count="0" type="cond" truecount="0" falsecount="2"/>
        <line num="738" count="0" type="stmt"/>
        <line num="740" count="6" type="cond" truecount="3" falsecount="0"/>
        <line num="741" count="132" type="cond" truecount="3" falsecount="1"/>
        <line num="743" count="6" type="stmt"/>
        <line num="744" count="6" type="stmt"/>
        <line num="745" count="6" type="stmt"/>
        <line num="746" count="6" type="stmt"/>
        <line num="747" count="6" type="stmt"/>
        <line num="748" count="6" type="stmt"/>
        <line num="749" count="6" type="stmt"/>
        <line num="758" count="6" type="stmt"/>
        <line num="759" count="6" type="stmt"/>
        <line num="760" count="6" type="stmt"/>
        <line num="761" count="6" type="stmt"/>
        <line num="764" count="0" type="stmt"/>
        <line num="765" count="0" type="stmt"/>
        <line num="766" count="0" type="stmt"/>
        <line num="767" count="0" type="stmt"/>
        <line num="768" count="0" type="stmt"/>
        <line num="769" count="0" type="stmt"/>
        <line num="772" count="0" type="cond" truecount="0" falsecount="2"/>
        <line num="787" count="0" type="stmt"/>
        <line num="788" count="0" type="stmt"/>
        <line num="789" count="0" type="cond" truecount="0" falsecount="2"/>
        <line num="790" count="0" type="stmt"/>
        <line num="804" count="0" type="stmt"/>
        <line num="807" count="0" type="cond" truecount="0" falsecount="2"/>
        <line num="808" count="0" type="cond" truecount="0" falsecount="2"/>
        <line num="809" count="0" type="stmt"/>
        <line num="814" count="0" type="stmt"/>
        <line num="817" count="0" type="stmt"/>
        <line num="820" count="6" type="stmt"/>
        <line num="822" count="0" type="stmt"/>
        <line num="823" count="0" type="cond" truecount="0" falsecount="2"/>
        <line num="824" count="0" type="stmt"/>
        <line num="826" count="0" type="stmt"/>
        <line num="827" count="0" type="stmt"/>
        <line num="828" count="0" type="stmt"/>
        <line num="829" count="0" type="stmt"/>
        <line num="830" count="0" type="cond" truecount="0" falsecount="2"/>
        <line num="831" count="0" type="stmt"/>
        <line num="833" count="0" type="cond" truecount="0" falsecount="2"/>
        <line num="836" count="0" type="stmt"/>
        <line num="838" count="6" type="stmt"/>
        <line num="840" count="6" type="stmt"/>
        <line num="848" count="15" type="stmt"/>
        <line num="849" count="15" type="stmt"/>
        <line num="850" count="15" type="stmt"/>
        <line num="852" count="6" type="stmt"/>
        <line num="854" count="0" type="stmt"/>
        <line num="856" count="6" type="stmt"/>
        <line num="858" count="31" type="stmt"/>
        <line num="860" count="6" type="stmt"/>
        <line num="869" count="6" type="stmt"/>
        <line num="878" count="6" type="stmt"/>
        <line num="879" count="6" type="stmt"/>
        <line num="880" count="6" type="stmt"/>
        <line num="881" count="6" type="stmt"/>
        <line num="882" count="6" type="stmt"/>
        <line num="885" count="43" type="stmt"/>
        <line num="886" count="43" type="stmt"/>
        <line num="887" count="43" type="stmt"/>
        <line num="888" count="43" type="stmt"/>
        <line num="889" count="43" type="stmt"/>
        <line num="890" count="43" type="stmt"/>
        <line num="891" count="43" type="stmt"/>
        <line num="892" count="43" type="stmt"/>
        <line num="893" count="43" type="stmt"/>
        <line num="896" count="43" type="stmt"/>
        <line num="897" count="43" type="stmt"/>
        <line num="898" count="43" type="stmt"/>
        <line num="899" count="43" type="stmt"/>
        <line num="900" count="43" type="stmt"/>
        <line num="901" count="43" type="stmt"/>
        <line num="902" count="43" type="stmt"/>
        <line num="903" count="43" type="stmt"/>
        <line num="904" count="43" type="cond" truecount="1" falsecount="1"/>
        <line num="905" count="0" type="stmt"/>
        <line num="906" count="43" type="stmt"/>
        <line num="908" count="43" type="stmt"/>
        <line num="909" count="43" type="cond" truecount="1" falsecount="1"/>
        <line num="910" count="43" type="cond" truecount="2" falsecount="0"/>
        <line num="911" count="40" type="stmt"/>
        <line num="912" count="40" type="stmt"/>
        <line num="915" count="3" type="stmt"/>
        <line num="916" count="3" type="stmt"/>
        <line num="919" count="0" type="cond" truecount="0" falsecount="2"/>
        <line num="920" count="0" type="stmt"/>
        <line num="921" count="0" type="stmt"/>
        <line num="923" count="0" type="stmt"/>
        <line num="926" count="43" type="stmt"/>
        <line num="927" count="43" type="stmt"/>
        <line num="928" count="43" type="stmt"/>
        <line num="929" count="43" type="stmt"/>
        <line num="930" count="43" type="stmt"/>
        <line num="933" count="33" type="stmt"/>
        <line num="934" count="11" type="stmt"/>
        <line num="935" count="11" type="stmt"/>
        <line num="937" count="33" type="cond" truecount="1" falsecount="1"/>
        <line num="938" count="33" type="stmt"/>
        <line num="939" count="33" type="stmt"/>
        <line num="940" count="33" type="stmt"/>
        <line num="941" count="33" type="cond" truecount="2" falsecount="0"/>
        <line num="942" count="33" type="stmt"/>
        <line num="944" count="33" type="stmt"/>
        <line num="953" count="0" type="stmt"/>
        <line num="986" count="14" type="stmt"/>
        <line num="989" count="1" type="stmt"/>
        <line num="990" count="1" type="stmt"/>
        <line num="994" count="23" type="stmt"/>
        <line num="996" count="23" type="stmt"/>
        <line num="1000" count="23" type="stmt"/>
        <line num="1001" count="23" type="cond" truecount="1" falsecount="1"/>
        <line num="1002" count="0" type="stmt"/>
        <line num="1004" count="23" type="cond" truecount="2" falsecount="0"/>
        <line num="1005" count="23" type="stmt"/>
        <line num="1007" count="23" type="cond" truecount="4" falsecount="0"/>
        <line num="1008" count="23" type="stmt"/>
        <line num="1009" count="23" type="stmt"/>
        <line num="1010" count="23" type="stmt"/>
        <line num="1011" count="23" type="stmt"/>
        <line num="1064" count="0" type="stmt"/>
        <line num="1067" count="12" type="cond" truecount="2" falsecount="0"/>
        <line num="1068" count="10" type="stmt"/>
        <line num="1069" count="12" type="stmt"/>
        <line num="1072" count="1" type="stmt"/>
        <line num="1073" count="1" type="cond" truecount="1" falsecount="1"/>
        <line num="1074" count="1" type="stmt"/>
        <line num="1076" count="1" type="stmt"/>
        <line num="1079" count="11" type="stmt"/>
        <line num="1080" count="11" type="cond" truecount="1" falsecount="1"/>
        <line num="1081" count="11" type="stmt"/>
        <line num="1082" count="11" type="stmt"/>
        <line num="1083" count="11" type="stmt"/>
        <line num="1084" count="11" type="cond" truecount="2" falsecount="0"/>
        <line num="1085" count="11" type="stmt"/>
        <line num="1088" count="6" type="stmt"/>
        <line num="1090" count="43" type="stmt"/>
        <line num="1091" count="43" type="stmt"/>
        <line num="1092" count="43" type="stmt"/>
        <line num="1093" count="43" type="stmt"/>
        <line num="1095" count="6" type="stmt"/>
        <line num="1097" count="26" type="stmt"/>
        <line num="1098" count="26" type="cond" truecount="1" falsecount="1"/>
        <line num="1099" count="0" type="stmt"/>
        <line num="1101" count="26" type="stmt"/>
        <line num="1106" count="6" type="stmt"/>
        <line num="1107" count="6" type="stmt"/>
        <line num="1119" count="6" type="stmt"/>
        <line num="1120" count="6" type="stmt"/>
        <line num="1121" count="6" type="stmt"/>
        <line num="1122" count="6" type="stmt"/>
        <line num="1123" count="6" type="stmt"/>
        <line num="1124" count="6" type="stmt"/>
        <line num="1125" count="6" type="stmt"/>
        <line num="1126" count="6" type="stmt"/>
        <line num="1127" count="6" type="stmt"/>
        <line num="1136" count="32" type="stmt"/>
        <line num="1137" count="32" type="stmt"/>
        <line num="1138" count="32" type="stmt"/>
        <line num="1139" count="32" type="stmt"/>
        <line num="1140" count="32" type="cond" truecount="3" falsecount="1"/>
        <line num="1141" count="32" type="cond" truecount="2" falsecount="0"/>
        <line num="1142" count="32" type="cond" truecount="2" falsecount="0"/>
        <line num="1144" count="32" type="cond" truecount="2" falsecount="0"/>
        <line num="1147" count="32" type="stmt"/>
        <line num="1150" count="43" type="cond" truecount="3" falsecount="0"/>
        <line num="1151" count="43" type="cond" truecount="1" falsecount="1"/>
        <line num="1152" count="0" type="stmt"/>
        <line num="1154" count="43" type="stmt"/>
        <line num="1155" count="43" type="stmt"/>
        <line num="1156" count="43" type="stmt"/>
        <line num="1157" count="43" type="stmt"/>
        <line num="1160" count="312" type="cond" truecount="2" falsecount="0"/>
        <line num="1161" count="312" type="cond" truecount="2" falsecount="0"/>
        <line num="1162" count="2" type="stmt"/>
        <line num="1163" count="310" type="stmt"/>
        <line num="1164" count="310" type="cond" truecount="2" falsecount="0"/>
        <line num="1165" count="230" type="stmt"/>
        <line num="1166" count="80" type="cond" truecount="2" falsecount="0"/>
        <line num="1167" count="9" type="stmt"/>
        <line num="1168" count="71" type="stmt"/>
        <line num="1171" count="175" type="stmt"/>
        <line num="1172" count="175" type="cond" truecount="1" falsecount="1"/>
        <line num="1173" count="175" type="stmt"/>
        <line num="1174" count="0" type="cond" truecount="0" falsecount="2"/>
        <line num="1175" count="0" type="cond" truecount="0" falsecount="2"/>
        <line num="1176" count="0" type="stmt"/>
        <line num="1177" count="0" type="stmt"/>
        <line num="1180" count="0" type="stmt"/>
        <line num="1181" count="0" type="cond" truecount="0" falsecount="2"/>
        <line num="1184" count="71" type="stmt"/>
        <line num="1185" count="71" type="cond" truecount="2" falsecount="0"/>
        <line num="1186" count="51" type="stmt"/>
        <line num="1187" count="20" type="stmt"/>
        <line num="1190" count="10" type="stmt"/>
        <line num="1191" count="10" type="cond" truecount="2" falsecount="0"/>
        <line num="1192" count="1" type="stmt"/>
        <line num="1193" count="9" type="stmt"/>
        <line num="1194" count="9" type="stmt"/>
        <line num="1198" count="56" type="stmt"/>
        <line num="1201" count="0" type="stmt"/>
        <line num="1202" count="0" type="cond" truecount="0" falsecount="4"/>
        <line num="1209" count="43" type="stmt"/>
        <line num="1210" count="43" type="cond" truecount="1" falsecount="1"/>
        <line num="1211" count="0" type="stmt"/>
        <line num="1214" count="43" type="stmt"/>
        <line num="1215" count="43" type="stmt"/>
        <line num="1216" count="43" type="stmt"/>
        <line num="1219" count="43" type="stmt"/>
        <line num="1221" count="43" type="cond" truecount="2" falsecount="0"/>
        <line num="1222" count="22" type="stmt"/>
        <line num="1223" count="43" type="stmt"/>
        <line num="1240" count="43" type="stmt"/>
        <line num="1241" count="43" type="stmt"/>
        <line num="1243" count="43" type="stmt"/>
        <line num="1244" count="43" type="cond" truecount="1" falsecount="1"/>
        <line num="1245" count="43" type="stmt"/>
        <line num="1248" count="0" type="stmt"/>
        <line num="1250" count="43" type="stmt"/>
        <line num="1251" count="43" type="stmt"/>
        <line num="1252" count="43" type="stmt"/>
        <line num="1253" count="43" type="stmt"/>
        <line num="1254" count="43" type="stmt"/>
        <line num="1262" count="43" type="stmt"/>
        <line num="1265" count="22" type="stmt"/>
        <line num="1269" count="2" type="stmt"/>
        <line num="1270" count="2" type="stmt"/>
        <line num="1271" count="2" type="stmt"/>
        <line num="1272" count="2" type="cond" truecount="1" falsecount="1"/>
        <line num="1273" count="2" type="stmt"/>
        <line num="1276" count="0" type="stmt"/>
        <line num="1277" count="0" type="cond" truecount="0" falsecount="2"/>
        <line num="1278" count="0" type="stmt"/>
        <line num="1279" count="0" type="stmt"/>
        <line num="1280" count="0" type="stmt"/>
        <line num="1283" count="0" type="cond" truecount="0" falsecount="2"/>
        <line num="1284" count="0" type="stmt"/>
        <line num="1285" count="0" type="stmt"/>
        <line num="1289" count="12" type="stmt"/>
        <line num="1290" count="0" type="stmt"/>
        <line num="1293" count="12" type="stmt"/>
        <line num="1294" count="14" type="stmt"/>
        <line num="1295" count="14" type="stmt"/>
        <line num="1298" count="12" type="cond" truecount="1" falsecount="1"/>
        <line num="1299" count="0" type="stmt"/>
        <line num="1302" count="0" type="stmt"/>
        <line num="1309" count="0" type="stmt"/>
        <line num="1312" count="163" type="stmt"/>
        <line num="1315" count="6" type="stmt"/>
        <line num="1317" count="0" type="stmt"/>
        <line num="1319" count="6" type="stmt"/>
        <line num="1321" count="31" type="stmt"/>
        <line num="1323" count="6" type="stmt"/>
        <line num="1332" count="6" type="stmt"/>
        <line num="1333" count="6" type="stmt"/>
        <line num="1334" count="6" type="stmt"/>
        <line num="1336" count="157" type="stmt"/>
        <line num="1338" count="6" type="stmt"/>
        <line num="1340" count="0" type="cond" truecount="0" falsecount="4"/>
        <line num="1341" count="0" type="stmt"/>
        <line num="1344" count="6" type="stmt"/>
        <line num="1346" count="0" type="stmt"/>
        <line num="1347" count="0" type="stmt"/>
        <line num="1349" count="6" type="stmt"/>
        <line num="1351" count="0" type="stmt"/>
        <line num="1352" count="0" type="cond" truecount="0" falsecount="4"/>
        <line num="1354" count="6" type="stmt"/>
        <line num="1356" count="26" type="stmt"/>
        <line num="1357" count="111" type="stmt"/>
        <line num="1360" count="6" type="stmt"/>
        <line num="1363" count="293" type="stmt"/>
        <line num="1369" count="6" type="stmt"/>
        <line num="1372" count="9" type="stmt"/>
        <line num="1378" count="6" type="stmt"/>
        <line num="1380" count="9" type="stmt"/>
        <line num="1382" count="6" type="stmt"/>
        <line num="1385" count="47" type="cond" truecount="3" falsecount="0"/>
        <line num="1387" count="6" type="stmt"/>
        <line num="1396" count="6" type="stmt"/>
        <line num="1397" count="6" type="stmt"/>
        <line num="1398" count="6" type="stmt"/>
        <line num="1401" count="29" type="stmt"/>
        <line num="1402" count="29" type="stmt"/>
        <line num="1403" count="29" type="stmt"/>
        <line num="1404" count="29" type="stmt"/>
        <line num="1405" count="29" type="stmt"/>
        <line num="1406" count="29" type="stmt"/>
        <line num="1407" count="29" type="stmt"/>
        <line num="1408" count="29" type="stmt"/>
        <line num="1413" count="89" type="cond" truecount="1" falsecount="1"/>
        <line num="1414" count="0" type="stmt"/>
        <line num="1415" count="89" type="cond" truecount="1" falsecount="1"/>
        <line num="1416" count="0" type="stmt"/>
        <line num="1417" count="89" type="stmt"/>
        <line num="1418" count="89" type="stmt"/>
        <line num="1423" count="183" type="stmt"/>
        <line num="1424" count="183" type="stmt"/>
        <line num="1425" count="183" type="cond" truecount="2" falsecount="0"/>
        <line num="1426" count="71" type="stmt"/>
        <line num="1427" count="183" type="stmt"/>
        <line num="1430" count="4" type="stmt"/>
        <line num="1431" count="4" type="stmt"/>
        <line num="1434" count="89" type="stmt"/>
        <line num="1435" count="89" type="cond" truecount="2" falsecount="0"/>
        <line num="1436" count="2" type="cond" truecount="1" falsecount="1"/>
        <line num="1437" count="0" type="stmt"/>
        <line num="1439" count="2" type="stmt"/>
        <line num="1440" count="2" type="stmt"/>
        <line num="1442" count="89" type="cond" truecount="2" falsecount="0"/>
        <line num="1443" count="56" type="stmt"/>
        <line num="1444" count="56" type="cond" truecount="2" falsecount="0"/>
        <line num="1445" count="6" type="stmt"/>
        <line num="1446" count="56" type="cond" truecount="2" falsecount="0"/>
        <line num="1447" count="12" type="stmt"/>
        <line num="1449" count="77" type="stmt"/>
        <line num="1452" count="12" type="stmt"/>
        <line num="1453" count="12" type="stmt"/>
        <line num="1454" count="12" type="stmt"/>
        <line num="1456" count="32" type="cond" truecount="2" falsecount="0"/>
        <line num="1457" count="12" type="stmt"/>
        <line num="1458" count="12" type="cond" truecount="1" falsecount="1"/>
        <line num="1459" count="12" type="stmt"/>
        <line num="1462" count="0" type="stmt"/>
        <line num="1466" count="20" type="stmt"/>
        <line num="1468" count="32" type="stmt"/>
        <line num="1470" count="12" type="stmt"/>
        <line num="1473" count="0" type="stmt"/>
        <line num="1476" count="5" type="stmt"/>
        <line num="1477" count="32" type="stmt"/>
        <line num="1478" count="5" type="stmt"/>
        <line num="1482" count="5" type="stmt"/>
        <line num="1483" count="24" type="stmt"/>
        <line num="1484" count="5" type="stmt"/>
        <line num="1487" count="6" type="stmt"/>
        <line num="1496" count="6" type="cond" truecount="3" falsecount="0"/>
        <line num="1497" count="6" type="cond" truecount="3" falsecount="1"/>
        <line num="1499" count="6" type="stmt"/>
        <line num="1500" count="6" type="stmt"/>
        <line num="1501" count="6" type="stmt"/>
        <line num="1502" count="6" type="stmt"/>
        <line num="1503" count="6" type="stmt"/>
        <line num="1504" count="6" type="stmt"/>
        <line num="1512" count="10" type="stmt"/>
        <line num="1514" count="10" type="stmt"/>
        <line num="1515" count="10" type="stmt"/>
        <line num="1516" count="10" type="stmt"/>
        <line num="1517" count="10" type="stmt"/>
        <line num="1518" count="10" type="stmt"/>
        <line num="1519" count="10" type="stmt"/>
        <line num="1520" count="10" type="stmt"/>
        <line num="1523" count="4" type="cond" truecount="2" falsecount="2"/>
        <line num="1524" count="0" type="stmt"/>
        <line num="1526" count="4" type="stmt"/>
        <line num="1527" count="4" type="stmt"/>
        <line num="1528" count="4" type="stmt"/>
        <line num="1531" count="10" type="stmt"/>
        <line num="1532" count="10" type="stmt"/>
        <line num="1533" count="10" type="cond" truecount="1" falsecount="1"/>
        <line num="1534" count="0" type="stmt"/>
        <line num="1535" count="10" type="stmt"/>
        <line num="1536" count="10" type="cond" truecount="1" falsecount="1"/>
        <line num="1537" count="0" type="stmt"/>
        <line num="1539" count="10" type="stmt"/>
        <line num="1543" count="0" type="stmt"/>
        <line num="1546" count="0" type="stmt"/>
        <line num="1547" count="0" type="stmt"/>
        <line num="1550" count="12" type="stmt"/>
        <line num="1551" count="12" type="stmt"/>
        <line num="1552" count="12" type="stmt"/>
        <line num="1553" count="12" type="stmt"/>
        <line num="1554" count="12" type="cond" truecount="1" falsecount="1"/>
        <line num="1555" count="12" type="stmt"/>
        <line num="1557" count="12" type="stmt"/>
        <line num="1560" count="24" type="stmt"/>
        <line num="1563" count="22" type="stmt"/>
        <line num="1566" count="0" type="stmt"/>
        <line num="1570" count="0" type="cond" truecount="0" falsecount="4"/>
        <line num="1573" count="6" type="stmt"/>
        <line num="1576" count="4" type="stmt"/>
        <line num="1577" count="4" type="stmt"/>
        <line num="1578" count="4" type="stmt"/>
        <line num="1579" count="4" type="stmt"/>
        <line num="1580" count="4" type="stmt"/>
        <line num="1582" count="4" type="stmt"/>
        <line num="1583" count="4" type="stmt"/>
        <line num="1584" count="4" type="stmt"/>
        <line num="1591" count="4" type="stmt"/>
        <line num="1593" count="4" type="stmt"/>
        <line num="1594" count="72" type="stmt"/>
        <line num="1595" count="9" type="stmt"/>
        <line num="1596" count="9" type="stmt"/>
        <line num="1597" count="9" type="stmt"/>
        <line num="1598" count="13" type="cond" truecount="2" falsecount="0"/>
        <line num="1599" count="13" type="cond" truecount="1" falsecount="1"/>
        <line num="1600" count="0" type="stmt"/>
        <line num="1601" count="0" type="stmt"/>
        <line num="1603" count="13" type="stmt"/>
        <line num="1604" count="13" type="stmt"/>
        <line num="1608" count="4" type="stmt"/>
        <line num="1609" count="8" type="stmt"/>
        <line num="1610" count="1" type="stmt"/>
        <line num="1611" count="1" type="stmt"/>
        <line num="1614" count="4" type="stmt"/>
        <line num="1615" count="0" type="stmt"/>
        <line num="1618" count="4" type="stmt"/>
        <line num="1619" count="9" type="stmt"/>
        <line num="1620" count="9" type="cond" truecount="2" falsecount="0"/>
        <line num="1621" count="2" type="stmt"/>
        <line num="1622" count="7" type="stmt"/>
        <line num="1623" count="7" type="stmt"/>
        <line num="1626" count="4" type="stmt"/>
        <line num="1628" count="4" type="stmt"/>
        <line num="1629" count="14" type="stmt"/>
        <line num="1634" count="4" type="stmt"/>
        <line num="1635" count="4" type="stmt"/>
        <line num="1638" count="25" type="stmt"/>
        <line num="1639" count="25" type="stmt"/>
        <line num="1640" count="25" type="cond" truecount="2" falsecount="0"/>
        <line num="1641" count="25" type="stmt"/>
        <line num="1643" count="25" type="stmt"/>
        <line num="1647" count="10" type="cond" truecount="1" falsecount="1"/>
        <line num="1648" count="0" type="stmt"/>
        <line num="1650" count="10" type="stmt"/>
        <line num="1657" count="10" type="stmt"/>
        <line num="1661" count="11" type="stmt"/>
        <line num="1662" count="11" type="stmt"/>
        <line num="1663" count="11" type="stmt"/>
        <line num="1664" count="11" type="stmt"/>
        <line num="1665" count="11" type="cond" truecount="2" falsecount="0"/>
        <line num="1666" count="1" type="cond" truecount="1" falsecount="1"/>
        <line num="1667" count="0" type="stmt"/>
        <line num="1670" count="1" type="stmt"/>
        <line num="1671" count="1" type="cond" truecount="1" falsecount="1"/>
        <line num="1672" count="1" type="stmt"/>
        <line num="1674" count="1" type="stmt"/>
        <line num="1676" count="10" type="stmt"/>
        <line num="1677" count="10" type="stmt"/>
        <line num="1678" count="10" type="stmt"/>
        <line num="1679" count="10" type="stmt"/>
        <line num="1680" count="10" type="cond" truecount="2" falsecount="0"/>
        <line num="1681" count="1" type="stmt"/>
        <line num="1682" count="1" type="stmt"/>
        <line num="1684" count="9" type="stmt"/>
        <line num="1685" count="9" type="cond" truecount="1" falsecount="1"/>
        <line num="1686" count="9" type="stmt"/>
        <line num="1690" count="0" type="stmt"/>
        <line num="1693" count="10" type="stmt"/>
        <line num="1694" count="10" type="stmt"/>
        <line num="1695" count="10" type="stmt"/>
        <line num="1697" count="10" type="stmt"/>
        <line num="1698" count="10" type="cond" truecount="1" falsecount="1"/>
        <line num="1699" count="10" type="stmt"/>
        <line num="1703" count="4" type="stmt"/>
        <line num="1704" count="4" type="stmt"/>
        <line num="1705" count="4" type="stmt"/>
        <line num="1708" count="105" type="cond" truecount="2" falsecount="0"/>
        <line num="1709" count="14" type="stmt"/>
        <line num="1710" count="91" type="stmt"/>
        <line num="1711" count="91" type="stmt"/>
        <line num="1712" count="91" type="cond" truecount="2" falsecount="0"/>
        <line num="1713" count="36" type="stmt"/>
        <line num="1715" count="91" type="stmt"/>
        <line num="1719" count="0" type="stmt"/>
        <line num="1722" count="111" type="stmt"/>
        <line num="1725" count="12" type="stmt"/>
        <line num="1728" count="6" type="stmt"/>
        <line num="1737" count="6" type="cond" truecount="4" falsecount="1"/>
        <line num="1738" count="120" type="cond" truecount="1" falsecount="1"/>
        <line num="1739" count="120" type="stmt"/>
        <line num="1740" count="120" type="cond" truecount="7" falsecount="1"/>
        <line num="1741" count="24" type="stmt"/>
        <line num="1743" count="120" type="stmt"/>
        <line num="1745" count="0" type="cond" truecount="0" falsecount="2"/>
        <line num="1746" count="0" type="stmt"/>
        <line num="1748" count="6" type="cond" truecount="3" falsecount="0"/>
        <line num="1749" count="120" type="cond" truecount="3" falsecount="1"/>
        <line num="1751" count="6" type="stmt"/>
        <line num="1752" count="6" type="stmt"/>
        <line num="1753" count="6" type="stmt"/>
        <line num="1754" count="6" type="stmt"/>
        <line num="1755" count="6" type="stmt"/>
        <line num="1764" count="6" type="stmt"/>
        <line num="1765" count="6" type="stmt"/>
        <line num="1766" count="6" type="stmt"/>
        <line num="1767" count="6" type="stmt"/>
        <line num="1773" count="4" type="cond" truecount="2" falsecount="0"/>
        <line num="1774" count="1" type="stmt"/>
        <line num="1776" count="3" type="cond" truecount="1" falsecount="1"/>
        <line num="1777" count="0" type="stmt"/>
        <line num="1780" count="3" type="stmt"/>
        <line num="1782" count="4" type="stmt"/>
        <line num="1788" count="4" type="stmt"/>
        <line num="1790" count="4" type="stmt"/>
        <line num="1791" count="4" type="cond" truecount="1" falsecount="1"/>
        <line num="1792" count="0" type="stmt"/>
        <line num="1793" count="0" type="cond" truecount="0" falsecount="2"/>
        <line num="1794" count="0" type="stmt"/>
        <line num="1795" count="0" type="stmt"/>
        <line num="1797" count="0" type="stmt"/>
        <line num="1798" count="0" type="cond" truecount="0" falsecount="2"/>
        <line num="1799" count="0" type="stmt"/>
        <line num="1800" count="0" type="stmt"/>
        <line num="1804" count="4" type="cond" truecount="1" falsecount="1"/>
        <line num="1805" count="4" type="stmt"/>
        <line num="1806" count="10" type="cond" truecount="2" falsecount="0"/>
        <line num="1807" count="1" type="stmt"/>
        <line num="1808" count="1" type="stmt"/>
        <line num="1810" count="9" type="stmt"/>
        <line num="1811" count="9" type="cond" truecount="2" falsecount="0"/>
        <line num="1812" count="6" type="stmt"/>
        <line num="1813" count="3" type="cond" truecount="3" falsecount="0"/>
        <line num="1816" count="3" type="cond" truecount="1" falsecount="1"/>
        <line num="1817" count="3" type="stmt"/>
        <line num="1818" count="0" type="stmt"/>
        <line num="1822" count="4" type="stmt"/>
        <line num="1823" count="10" type="cond" truecount="2" falsecount="0"/>
        <line num="1824" count="1" type="stmt"/>
        <line num="1825" count="9" type="cond" truecount="1" falsecount="1"/>
        <line num="1826" count="0" type="stmt"/>
        <line num="1827" count="9" type="stmt"/>
        <line num="1828" count="9" type="cond" truecount="2" falsecount="0"/>
        <line num="1829" count="6" type="stmt"/>
        <line num="1830" count="3" type="stmt"/>
        <line num="1832" count="4" type="stmt"/>
        <line num="1834" count="6" type="stmt"/>
        <line num="1836" count="4" type="stmt"/>
        <line num="1838" count="4" type="cond" truecount="2" falsecount="0"/>
        <line num="1839" count="1" type="stmt"/>
        <line num="1840" count="4" type="stmt"/>
        <line num="1844" count="3" type="stmt"/>
        <line num="1845" count="6" type="cond" truecount="1" falsecount="1"/>
        <line num="1846" count="0" type="stmt"/>
        <line num="1847" count="6" type="stmt"/>
        <line num="1848" count="6" type="cond" truecount="2" falsecount="0"/>
        <line num="1849" count="1" type="stmt"/>
        <line num="1850" count="5" type="stmt"/>
        <line num="1853" count="4" type="stmt"/>
        <line num="1863" count="6" type="stmt"/>
        <line num="1864" count="6" type="stmt"/>
        <line num="1865" count="6" type="stmt"/>
        <line num="1866" count="6" type="stmt"/>
        <line num="1867" count="6" type="stmt"/>
        <line num="1869" count="14" type="stmt"/>
        <line num="1870" count="14" type="stmt"/>
        <line num="1871" count="14" type="stmt"/>
        <line num="1873" count="57" type="cond" truecount="2" falsecount="0"/>
        <line num="1874" count="28" type="stmt"/>
        <line num="1875" count="29" type="cond" truecount="2" falsecount="0"/>
        <line num="1876" count="1" type="stmt"/>
        <line num="1877" count="28" type="cond" truecount="3" falsecount="1"/>
        <line num="1878" count="28" type="cond" truecount="2" falsecount="0"/>
        <line num="1879" count="5" type="stmt"/>
        <line num="1880" count="5" type="stmt"/>
        <line num="1881" count="5" type="cond" truecount="2" falsecount="0"/>
        <line num="1882" count="5" type="cond" truecount="2" falsecount="0"/>
        <line num="1883" count="5" type="cond" truecount="2" falsecount="0"/>
        <line num="1884" count="5" type="cond" truecount="2" falsecount="0"/>
        <line num="1885" count="3" type="stmt"/>
        <line num="1886" count="3" type="stmt"/>
        <line num="1887" count="20" type="cond" truecount="1" falsecount="1"/>
        <line num="1888" count="20" type="stmt"/>
        <line num="1890" count="3" type="stmt"/>
        <line num="1892" count="5" type="cond" truecount="3" falsecount="0"/>
        <line num="1893" count="5" type="cond" truecount="1" falsecount="1"/>
        <line num="1894" count="5" type="stmt"/>
        <line num="1900" count="0" type="stmt"/>
        <line num="1906" count="14" type="stmt"/>
        <line num="1907" count="57" type="cond" truecount="2" falsecount="0"/>
        <line num="1908" count="5" type="stmt"/>
        <line num="1909" count="52" type="cond" truecount="2" falsecount="0"/>
        <line num="1910" count="28" type="stmt"/>
        <line num="1911" count="24" type="cond" truecount="2" falsecount="0"/>
        <line num="1912" count="1" type="stmt"/>
        <line num="1916" count="0" type="stmt"/>
        <line num="1918" count="1" type="stmt"/>
        <line num="1920" count="23" type="cond" truecount="2" falsecount="0"/>
        <line num="1921" count="14" type="stmt"/>
        <line num="1925" count="8" type="stmt"/>
        <line num="1927" count="14" type="stmt"/>
        <line num="1929" count="9" type="stmt"/>
        <line num="1933" count="9" type="stmt"/>
        <line num="1936" count="14" type="stmt"/>
        <line num="1938" count="6" type="stmt"/>
        <line num="1940" count="0" type="stmt"/>
        <line num="1941" count="0" type="stmt"/>
        <line num="1942" count="0" type="stmt"/>
        <line num="1944" count="0" type="cond" truecount="0" falsecount="2"/>
        <line num="1945" count="0" type="stmt"/>
        <line num="1946" count="0" type="cond" truecount="0" falsecount="2"/>
        <line num="1947" count="0" type="stmt"/>
        <line num="1948" count="0" type="cond" truecount="0" falsecount="4"/>
        <line num="1949" count="0" type="cond" truecount="0" falsecount="2"/>
        <line num="1950" count="0" type="stmt"/>
        <line num="1951" count="0" type="stmt"/>
        <line num="1952" count="0" type="cond" truecount="0" falsecount="2"/>
        <line num="1953" count="0" type="cond" truecount="0" falsecount="2"/>
        <line num="1954" count="0" type="cond" truecount="0" falsecount="2"/>
        <line num="1955" count="0" type="cond" truecount="0" falsecount="2"/>
        <line num="1956" count="0" type="stmt"/>
        <line num="1957" count="0" type="stmt"/>
        <line num="1958" count="0" type="cond" truecount="0" falsecount="2"/>
        <line num="1959" count="0" type="stmt"/>
        <line num="1961" count="0" type="stmt"/>
        <line num="1963" count="0" type="cond" truecount="0" falsecount="3"/>
        <line num="1964" count="0" type="cond" truecount="0" falsecount="2"/>
        <line num="1965" count="0" type="stmt"/>
        <line num="1971" count="0" type="stmt"/>
        <line num="1977" count="0" type="stmt"/>
        <line num="1978" count="0" type="cond" truecount="0" falsecount="2"/>
        <line num="1979" count="0" type="stmt"/>
        <line num="1980" count="0" type="cond" truecount="0" falsecount="2"/>
        <line num="1981" count="0" type="stmt"/>
        <line num="1982" count="0" type="cond" truecount="0" falsecount="2"/>
        <line num="1983" count="0" type="stmt"/>
        <line num="1987" count="0" type="stmt"/>
        <line num="1989" count="0" type="stmt"/>
        <line num="1991" count="0" type="cond" truecount="0" falsecount="2"/>
        <line num="1992" count="0" type="stmt"/>
        <line num="1996" count="0" type="stmt"/>
        <line num="1998" count="0" type="stmt"/>
        <line num="2000" count="0" type="stmt"/>
        <line num="2004" count="0" type="stmt"/>
        <line num="2007" count="0" type="stmt"/>
        <line num="2010" count="6" type="stmt"/>
        <line num="2019" count="6" type="stmt"/>
        <line num="2020" count="6" type="stmt"/>
        <line num="2021" count="6" type="stmt"/>
        <line num="2022" count="6" type="stmt"/>
        <line num="2024" count="5" type="stmt"/>
        <line num="2025" count="5" type="stmt"/>
        <line num="2026" count="5" type="stmt"/>
        <line num="2032" count="8" type="stmt"/>
        <line num="2033" count="8" type="stmt"/>
        <line num="2036" count="5" type="stmt"/>
        <line num="2037" count="13" type="stmt"/>
        <line num="2041" count="48" type="stmt"/>
        <line num="2044" count="5" type="stmt"/>
        <line num="2045" count="19" type="stmt"/>
        <line num="2049" count="16" type="stmt"/>
        <line num="2052" count="5" type="stmt"/>
        <line num="2053" count="2" type="stmt"/>
        <line num="2057" count="8" type="stmt"/>
        <line num="2060" count="5" type="stmt"/>
        <line num="2061" count="0" type="stmt"/>
        <line num="2065" count="0" type="stmt"/>
        <line num="2068" count="5" type="stmt"/>
        <line num="2070" count="6" type="stmt"/>
        <line num="2079" count="6" type="cond" truecount="4" falsecount="1"/>
        <line num="2080" count="96" type="cond" truecount="1" falsecount="1"/>
        <line num="2081" count="96" type="stmt"/>
        <line num="2082" count="96" type="cond" truecount="5" falsecount="3"/>
        <line num="2083" count="96" type="stmt"/>
        <line num="2085" count="96" type="stmt"/>
        <line num="2087" count="0" type="cond" truecount="0" falsecount="2"/>
        <line num="2088" count="0" type="stmt"/>
        <line num="2090" count="6" type="cond" truecount="3" falsecount="0"/>
        <line num="2091" count="108" type="cond" truecount="4" falsecount="0"/>
        <line num="2093" count="6" type="stmt"/>
        <line num="2094" count="6" type="stmt"/>
        <line num="2095" count="6" type="stmt"/>
        <line num="2096" count="6" type="stmt"/>
        <line num="2097" count="6" type="stmt"/>
        <line num="2098" count="6" type="stmt"/>
        <line num="2099" count="6" type="stmt"/>
        <line num="2100" count="6" type="stmt"/>
        <line num="2109" count="6" type="stmt"/>
        <line num="2110" count="6" type="stmt"/>
        <line num="2111" count="6" type="stmt"/>
        <line num="2113" count="11" type="stmt"/>
        <line num="2114" count="11" type="stmt"/>
        <line num="2115" count="11" type="stmt"/>
        <line num="2117" count="6" type="stmt"/>
        <line num="2126" count="6" type="stmt"/>
        <line num="2127" count="6" type="stmt"/>
        <line num="2128" count="6" type="stmt"/>
        <line num="2129" count="6" type="stmt"/>
        <line num="2132" count="12" type="cond" truecount="1" falsecount="1"/>
        <line num="2133" count="12" type="stmt"/>
        <line num="2134" count="0" type="stmt"/>
        <line num="2136" count="4" type="stmt"/>
        <line num="2137" count="4" type="stmt"/>
        <line num="2140" count="4" type="stmt"/>
        <line num="2142" count="4" type="stmt"/>
        <line num="2143" count="2" type="stmt"/>
        <line num="2147" count="8" type="stmt"/>
        <line num="2148" count="2" type="stmt"/>
        <line num="2152" count="4" type="stmt"/>
        <line num="2154" count="6" type="stmt"/>
        <line num="2158" count="4" type="stmt"/>
        <line num="2161" count="0" type="stmt"/>
        <line num="2167" count="6" type="stmt"/>
        <line num="2169" count="4" type="stmt"/>
        <line num="2171" count="6" type="stmt"/>
        <line num="2180" count="6" type="stmt"/>
        <line num="2181" count="6" type="stmt"/>
        <line num="2182" count="6" type="stmt"/>
        <line num="2183" count="6" type="stmt"/>
        <line num="2184" count="6" type="stmt"/>
        <line num="2185" count="6" type="stmt"/>
        <line num="2186" count="6" type="stmt"/>
        <line num="2187" count="6" type="stmt"/>
        <line num="2191" count="1" type="stmt"/>
        <line num="2199" count="2" type="stmt"/>
        <line num="2200" count="2" type="stmt"/>
        <line num="2203" count="0" type="stmt"/>
        <line num="2204" count="0" type="stmt"/>
        <line num="2207" count="8" type="stmt"/>
        <line num="2210" count="6" type="stmt"/>
        <line num="2216" count="1" type="stmt"/>
        <line num="2217" count="1" type="stmt"/>
        <line num="2218" count="5" type="stmt"/>
        <line num="2219" count="1" type="stmt"/>
        <line num="2220" count="1" type="stmt"/>
        <line num="2221" count="1" type="stmt"/>
        <line num="2222" count="1" type="stmt"/>
        <line num="2223" count="1" type="stmt"/>
        <line num="2224" count="1" type="stmt"/>
        <line num="2225" count="1" type="stmt"/>
        <line num="2226" count="1" type="stmt"/>
        <line num="2229" count="1" type="stmt"/>
        <line num="2230" count="1" type="stmt"/>
        <line num="2235" count="0" type="stmt"/>
        <line num="2238" count="1" type="stmt"/>
        <line num="2239" count="1" type="stmt"/>
        <line num="2240" count="1" type="stmt"/>
        <line num="2241" count="1" type="stmt"/>
        <line num="2245" count="1" type="stmt"/>
        <line num="2248" count="1" type="cond" truecount="1" falsecount="1"/>
        <line num="2249" count="0" type="stmt"/>
        <line num="2250" count="1" type="stmt"/>
        <line num="2254" count="2" type="cond" truecount="1" falsecount="1"/>
        <line num="2255" count="2" type="stmt"/>
        <line num="2258" count="0" type="stmt"/>
        <line num="2260" count="2" type="cond" truecount="4" falsecount="2"/>
        <line num="2261" count="2" type="cond" truecount="2" falsecount="0"/>
        <line num="2262" count="1" type="stmt"/>
        <line num="2263" count="1" type="stmt"/>
        <line num="2266" count="1" type="stmt"/>
        <line num="2268" count="2" type="stmt"/>
        <line num="2269" count="2" type="stmt"/>
        <line num="2270" count="2" type="stmt"/>
        <line num="2271" count="2" type="stmt"/>
        <line num="2272" count="2" type="cond" truecount="3" falsecount="1"/>
        <line num="2273" count="0" type="stmt"/>
        <line num="2274" count="2" type="stmt"/>
        <line num="2275" count="2" type="stmt"/>
        <line num="2276" count="2" type="stmt"/>
        <line num="2279" count="0" type="cond" truecount="0" falsecount="4"/>
        <line num="2280" count="0" type="stmt"/>
        <line num="2281" count="0" type="stmt"/>
        <line num="2282" count="0" type="stmt"/>
        <line num="2283" count="0" type="stmt"/>
        <line num="2284" count="0" type="cond" truecount="0" falsecount="2"/>
        <line num="2288" count="0" type="stmt"/>
        <line num="2289" count="0" type="cond" truecount="0" falsecount="2"/>
        <line num="2290" count="0" type="stmt"/>
        <line num="2293" count="20" type="stmt"/>
        <line num="2294" count="20" type="cond" truecount="1" falsecount="1"/>
        <line num="2295" count="20" type="stmt"/>
        <line num="2299" count="8" type="cond" truecount="1" falsecount="1"/>
        <line num="2300" count="0" type="stmt"/>
        <line num="2301" count="8" type="cond" truecount="1" falsecount="1"/>
        <line num="2302" count="8" type="stmt"/>
        <line num="2304" count="0" type="stmt"/>
        <line num="2307" count="1" type="cond" truecount="1" falsecount="1"/>
        <line num="2308" count="0" type="stmt"/>
        <line num="2309" count="1" type="stmt"/>
        <line num="2310" count="1" type="stmt"/>
        <line num="2313" count="1" type="stmt"/>
        <line num="2314" count="1" type="stmt"/>
        <line num="2317" count="0" type="stmt"/>
        <line num="2321" count="0" type="stmt"/>
        <line num="2324" count="1" type="stmt"/>
        <line num="2330" count="6" type="stmt"/>
        <line num="2332" count="1" type="stmt"/>
        <line num="2334" count="6" type="stmt"/>
        <line num="2340" count="1" type="cond" truecount="1" falsecount="1"/>
        <line num="2341" count="0" type="stmt"/>
        <line num="2342" count="0" type="cond" truecount="0" falsecount="2"/>
        <line num="2343" count="0" type="stmt"/>
        <line num="2347" count="0" type="stmt"/>
        <line num="2349" count="1" type="cond" truecount="1" falsecount="1"/>
        <line num="2350" count="1" type="cond" truecount="1" falsecount="1"/>
        <line num="2351" count="1" type="stmt"/>
        <line num="2356" count="0" type="stmt"/>
        <line num="2361" count="0" type="stmt"/>
        <line num="2367" count="6" type="stmt"/>
        <line num="2376" count="6" type="stmt"/>
        <line num="2377" count="6" type="stmt"/>
        <line num="2378" count="6" type="stmt"/>
        <line num="2379" count="6" type="stmt"/>
        <line num="2380" count="6" type="stmt"/>
        <line num="2381" count="6" type="stmt"/>
        <line num="2382" count="6" type="stmt"/>
        <line num="2383" count="6" type="stmt"/>
        <line num="2385" count="4" type="stmt"/>
        <line num="2387" count="6" type="stmt"/>
        <line num="2390" count="4" type="stmt"/>
        <line num="2391" count="4" type="stmt"/>
        <line num="2392" count="4" type="stmt"/>
        <line num="2393" count="4" type="stmt"/>
        <line num="2394" count="4" type="stmt"/>
        <line num="2395" count="4" type="stmt"/>
        <line num="2396" count="4" type="stmt"/>
        <line num="2397" count="12" type="stmt"/>
        <line num="2399" count="4" type="stmt"/>
        <line num="2403" count="4" type="stmt"/>
        <line num="2404" count="4" type="cond" truecount="1" falsecount="1"/>
        <line num="2405" count="0" type="stmt"/>
        <line num="2408" count="4" type="cond" truecount="3" falsecount="1"/>
        <line num="2409" count="4" type="stmt"/>
        <line num="2410" count="4" type="cond" truecount="9" falsecount="1"/>
        <line num="2411" count="4" type="stmt"/>
        <line num="2412" count="0" type="stmt"/>
        <line num="2413" count="0" type="stmt"/>
        <line num="2414" count="0" type="stmt"/>
        <line num="2416" count="4" type="stmt"/>
        <line num="2417" count="4" type="stmt"/>
        <line num="2420" count="4" type="stmt"/>
        <line num="2421" count="4" type="stmt"/>
        <line num="2427" count="0" type="stmt"/>
        <line num="2430" count="4" type="cond" truecount="1" falsecount="1"/>
        <line num="2433" count="4" type="stmt"/>
        <line num="2436" count="0" type="stmt"/>
        <line num="2439" count="7" type="stmt"/>
        <line num="2442" count="3" type="stmt"/>
        <line num="2448" count="6" type="stmt"/>
        <line num="2453" count="0" type="stmt"/>
        <line num="2454" count="0" type="cond" truecount="0" falsecount="2"/>
        <line num="2456" count="0" type="stmt"/>
        <line num="2459" count="6" type="stmt"/>
        <line num="2468" count="6" type="stmt"/>
        <line num="2469" count="6" type="stmt"/>
        <line num="2470" count="6" type="stmt"/>
        <line num="2471" count="6" type="stmt"/>
        <line num="2472" count="6" type="stmt"/>
        <line num="2473" count="6" type="stmt"/>
        <line num="2476" count="1" type="stmt"/>
        <line num="2477" count="1" type="stmt"/>
        <line num="2478" count="1" type="stmt"/>
        <line num="2479" count="1" type="stmt"/>
        <line num="2480" count="1" type="stmt"/>
        <line num="2481" count="1" type="stmt"/>
        <line num="2484" count="1" type="stmt"/>
        <line num="2485" count="1" type="cond" truecount="1" falsecount="1"/>
        <line num="2486" count="0" type="stmt"/>
        <line num="2488" count="1" type="stmt"/>
        <line num="2489" count="1" type="stmt"/>
        <line num="2490" count="1" type="stmt"/>
        <line num="2491" count="4" type="stmt"/>
        <line num="2492" count="4" type="stmt"/>
        <line num="2493" count="4" type="cond" truecount="2" falsecount="0"/>
        <line num="2494" count="3" type="stmt"/>
        <line num="2495" count="1" type="stmt"/>
        <line num="2499" count="1" type="cond" truecount="2" falsecount="0"/>
        <line num="2502" count="6" type="stmt"/>
        <line num="2504" count="1" type="stmt"/>
        <line num="2506" count="6" type="stmt"/>
        <line num="2515" count="6" type="cond" truecount="4" falsecount="1"/>
        <line num="2516" count="54" type="cond" truecount="1" falsecount="1"/>
        <line num="2517" count="54" type="stmt"/>
        <line num="2518" count="54" type="cond" truecount="5" falsecount="3"/>
        <line num="2519" count="79" type="stmt"/>
        <line num="2521" count="54" type="stmt"/>
        <line num="2523" count="0" type="cond" truecount="0" falsecount="2"/>
        <line num="2524" count="0" type="stmt"/>
        <line num="2526" count="6" type="cond" truecount="3" falsecount="0"/>
        <line num="2527" count="54" type="cond" truecount="3" falsecount="1"/>
        <line num="2529" count="6" type="stmt"/>
        <line num="2530" count="6" type="stmt"/>
        <line num="2531" count="6" type="stmt"/>
        <line num="2532" count="6" type="stmt"/>
        <line num="2541" count="6" type="stmt"/>
        <line num="2542" count="6" type="stmt"/>
        <line num="2543" count="6" type="stmt"/>
        <line num="2548" count="48" type="cond" truecount="2" falsecount="0"/>
        <line num="2549" count="11" type="stmt"/>
        <line num="2550" count="37" type="cond" truecount="1" falsecount="1"/>
        <line num="2551" count="0" type="stmt"/>
        <line num="2552" count="37" type="cond" truecount="2" falsecount="2"/>
        <line num="2553" count="0" type="stmt"/>
        <line num="2554" count="37" type="cond" truecount="4" falsecount="0"/>
        <line num="2555" count="18" type="stmt"/>
        <line num="2556" count="18" type="cond" truecount="1" falsecount="1"/>
        <line num="2557" count="0" type="stmt"/>
        <line num="2558" count="18" type="stmt"/>
        <line num="2559" count="26" type="cond" truecount="2" falsecount="0"/>
        <line num="2560" count="18" type="stmt"/>
        <line num="2562" count="0" type="stmt"/>
        <line num="2564" count="19" type="stmt"/>
        <line num="2566" count="6" type="stmt"/>
        <line num="2571" count="22" type="stmt"/>
        <line num="2573" count="6" type="stmt"/>
        <line num="2578" count="0" type="cond" truecount="0" falsecount="2"/>
        <line num="2579" count="0" type="stmt"/>
        <line num="2580" count="0" type="cond" truecount="0" falsecount="2"/>
        <line num="2581" count="0" type="stmt"/>
        <line num="2582" count="0" type="stmt"/>
        <line num="2583" count="0" type="cond" truecount="0" falsecount="2"/>
        <line num="2584" count="0" type="stmt"/>
        <line num="2586" count="0" type="stmt"/>
        <line num="2592" count="0" type="stmt"/>
        <line num="2594" count="6" type="stmt"/>
        <line num="2603" count="6" type="stmt"/>
        <line num="2604" count="6" type="stmt"/>
        <line num="2605" count="6" type="stmt"/>
        <line num="2610" count="0" type="cond" truecount="0" falsecount="2"/>
        <line num="2611" count="0" type="stmt"/>
        <line num="2612" count="0" type="stmt"/>
        <line num="2613" count="0" type="stmt"/>
        <line num="2615" count="0" type="stmt"/>
        <line num="2617" count="6" type="stmt"/>
        <line num="2624" count="0" type="stmt"/>
        <line num="2625" count="0" type="stmt"/>
        <line num="2626" count="0" type="stmt"/>
        <line num="2627" count="0" type="stmt"/>
        <line num="2629" count="6" type="stmt"/>
        <line num="2638" count="6" type="stmt"/>
        <line num="2639" count="6" type="stmt"/>
        <line num="2643" count="6" type="stmt"/>
        <line num="2646" count="60" type="stmt"/>
        <line num="2647" count="60" type="stmt"/>
        <line num="2648" count="60" type="cond" truecount="2" falsecount="0"/>
        <line num="2649" count="38" type="stmt"/>
        <line num="2652" count="22" type="stmt"/>
        <line num="2653" count="44" type="stmt"/>
        <line num="2654" count="44" type="stmt"/>
        <line num="2657" count="60" type="stmt"/>
        <line num="2658" count="60" type="stmt"/>
        <line num="2659" count="82" type="stmt"/>
        <line num="2660" count="82" type="stmt"/>
        <line num="2661" count="200" type="cond" truecount="2" falsecount="0"/>
        <line num="2662" count="22" type="stmt"/>
        <line num="2663" count="178" type="stmt"/>
        <line num="2664" count="178" type="stmt"/>
        <line num="2665" count="178" type="cond" truecount="1" falsecount="1"/>
        <line num="2666" count="0" type="stmt"/>
        <line num="2667" count="178" type="stmt"/>
        <line num="2668" count="178" type="cond" truecount="1" falsecount="1"/>
        <line num="2669" count="0" type="stmt"/>
        <line num="2673" count="6" type="stmt"/>
        <line num="2675" count="0" type="stmt"/>
        <line num="2676" count="0" type="stmt"/>
        <line num="2677" count="0" type="stmt"/>
        <line num="2679" count="0" type="stmt"/>
        <line num="2681" count="6" type="stmt"/>
        <line num="2683" count="0" type="stmt"/>
        <line num="2684" count="0" type="stmt"/>
        <line num="2685" count="0" type="stmt"/>
        <line num="2687" count="0" type="stmt"/>
        <line num="2689" count="6" type="stmt"/>
        <line num="2691" count="0" type="stmt"/>
        <line num="2693" count="6" type="stmt"/>
        <line num="2701" count="6" type="stmt"/>
        <line num="2708" count="6" type="stmt"/>
        <line num="2715" count="6" type="stmt"/>
        <line num="2716" count="6" type="stmt"/>
        <line num="2717" count="85" type="stmt"/>
        <line num="2719" count="85" type="stmt"/>
        <line num="2722" count="129" type="cond" truecount="2" falsecount="0"/>
        <line num="2725" count="15" type="cond" truecount="2" falsecount="0"/>
        <line num="2726" count="15" type="stmt"/>
        <line num="2727" count="1" type="cond" truecount="1" falsecount="1"/>
        <line num="2737" count="6" type="stmt"/>
        <line num="2742" count="576" type="stmt"/>
        <line num="2743" count="576" type="cond" truecount="2" falsecount="0"/>
        <line num="2744" count="348" type="stmt"/>
        <line num="2747" count="228" type="stmt"/>
        <line num="2754" count="228" type="stmt"/>
        <line num="2757" count="228" type="stmt"/>
        <line num="2762" count="6" type="stmt"/>
        <line num="2764" count="6" type="stmt"/>
        <line num="2765" count="12" type="stmt"/>
        <line num="2766" count="138" type="cond" truecount="3" falsecount="1"/>
        <line num="2767" count="138" type="stmt"/>
        <line num="2774" count="6" type="stmt"/>
        <line num="2775" count="276" type="stmt"/>
        <line num="2779" count="6" type="stmt"/>
        <line num="2781" count="6" type="stmt"/>
        <line num="2782" count="12" type="cond" truecount="3" falsecount="1"/>
        <line num="2783" count="12" type="stmt"/>
        <line num="2785" count="12" type="stmt"/>
        <line num="2794" count="6" type="stmt"/>
        <line num="2796" count="6" type="stmt"/>
      </file>
    </package>
    <package name="test">
      <metrics statements="12" coveredstatements="12" conditionals="2" coveredconditionals="2" methods="3" coveredmethods="3"/>
      <file name="helpers.tsx" path="C:\projects\redumbx\test\helpers.tsx">
        <metrics statements="12" coveredstatements="12" conditionals="2" coveredconditionals="2" methods="3" coveredmethods="3"/>
        <line num="4" count="6" type="stmt"/>
        <line num="5" count="6" type="stmt"/>
        <line num="7" count="6" type="stmt"/>
        <line num="8" count="6" type="stmt"/>
        <line num="9" count="6" type="stmt"/>
        <line num="12" count="6" type="stmt"/>
        <line num="13" count="10" type="stmt"/>
        <line num="18" count="10" type="stmt"/>
        <line num="22" count="6" type="stmt"/>
        <line num="24" count="6" type="stmt"/>
        <line num="25" count="20" type="cond" truecount="2" falsecount="0"/>
        <line num="26" count="20" type="stmt"/>
      </file>
    </package>
  </project>
</coverage>
