{"C:\\projects\\redumbx\\dist\\index.js": {"path":"C:\\projects\\redumbx\\dist\\index.js","statementMap":{"0":{"start":{"line":1,"column":0},"end":{"line":2799,"column":3}},"1":{"start":{"line":2,"column":1},"end":{"line":9,"column":59}},"2":{"start":{"line":3,"column":2},"end":{"line":3,"column":67}},"3":{"start":{"line":4,"column":6},"end":{"line":9,"column":59}},"4":{"start":{"line":5,"column":2},"end":{"line":5,"column":42}},"5":{"start":{"line":6,"column":6},"end":{"line":9,"column":59}},"6":{"start":{"line":7,"column":2},"end":{"line":7,"column":68}},"7":{"start":{"line":9,"column":2},"end":{"line":9,"column":59}},"8":{"start":{"line":11,"column":0},"end":{"line":2798,"column":1}},"9":{"start":{"line":13,"column":37},"end":{"line":2734,"column":11}},"10":{"start":{"line":18,"column":0},"end":{"line":18,"column":43}},"11":{"start":{"line":19,"column":21},"end":{"line":42,"column":24}},"12":{"start":{"line":20,"column":41},"end":{"line":20,"column":67}},"13":{"start":{"line":21,"column":53},"end":{"line":21,"column":55}},"14":{"start":{"line":22,"column":60},"end":{"line":22,"column":62}},"15":{"start":{"line":23,"column":57},"end":{"line":23,"column":58}},"16":{"start":{"line":24,"column":61},"end":{"line":24,"column":62}},"17":{"start":{"line":25,"column":59},"end":{"line":25,"column":61}},"18":{"start":{"line":26,"column":55},"end":{"line":26,"column":56}},"19":{"start":{"line":27,"column":64},"end":{"line":27,"column":65}},"20":{"start":{"line":28,"column":57},"end":{"line":28,"column":58}},"21":{"start":{"line":29,"column":60},"end":{"line":29,"column":61}},"22":{"start":{"line":30,"column":61},"end":{"line":30,"column":62}},"23":{"start":{"line":31,"column":59},"end":{"line":31,"column":61}},"24":{"start":{"line":32,"column":54},"end":{"line":32,"column":55}},"25":{"start":{"line":33,"column":57},"end":{"line":33,"column":58}},"26":{"start":{"line":34,"column":55},"end":{"line":34,"column":56}},"27":{"start":{"line":35,"column":59},"end":{"line":35,"column":60}},"28":{"start":{"line":36,"column":55},"end":{"line":36,"column":56}},"29":{"start":{"line":37,"column":56},"end":{"line":37,"column":57}},"30":{"start":{"line":38,"column":55},"end":{"line":38,"column":57}},"31":{"start":{"line":39,"column":66},"end":{"line":39,"column":68}},"32":{"start":{"line":40,"column":61},"end":{"line":40,"column":63}},"33":{"start":{"line":41,"column":61},"end":{"line":41,"column":63}},"34":{"start":{"line":43,"column":14},"end":{"line":43,"column":92}},"35":{"start":{"line":43,"column":24},"end":{"line":43,"column":40}},"36":{"start":{"line":43,"column":43},"end":{"line":43,"column":59}},"37":{"start":{"line":43,"column":62},"end":{"line":43,"column":63}},"38":{"start":{"line":43,"column":72},"end":{"line":43,"column":92}},"39":{"start":{"line":43,"column":92},"end":{"line":43,"column":114}},"40":{"start":{"line":43,"column":114},"end":{"line":43,"column":275}},"41":{"start":{"line":43,"column":191},"end":{"line":43,"column":206}},"42":{"start":{"line":43,"column":290},"end":{"line":43,"column":307}},"43":{"start":{"line":43,"column":322},"end":{"line":43,"column":631}},"44":{"start":{"line":43,"column":346},"end":{"line":43,"column":381}},"45":{"start":{"line":43,"column":372},"end":{"line":43,"column":381}},"46":{"start":{"line":43,"column":387},"end":{"line":43,"column":411}},"47":{"start":{"line":43,"column":412},"end":{"line":43,"column":433}},"48":{"start":{"line":43,"column":424},"end":{"line":43,"column":433}},"49":{"start":{"line":43,"column":439},"end":{"line":43,"column":497}},"50":{"start":{"line":43,"column":498},"end":{"line":43,"column":568}},"51":{"start":{"line":43,"column":646},"end":{"line":43,"column":673}},"52":{"start":{"line":43,"column":692},"end":{"line":43,"column":844}},"53":{"start":{"line":43,"column":763},"end":{"line":43,"column":797}},"54":{"start":{"line":43,"column":826},"end":{"line":43,"column":841}},"55":{"start":{"line":43,"column":865},"end":{"line":43,"column":869}},"56":{"start":{"line":43,"column":870},"end":{"line":43,"column":929}},"57":{"start":{"line":43,"column":946},"end":{"line":43,"column":1012}},"58":{"start":{"line":43,"column":1029},"end":{"line":43,"column":1058}},"59":{"start":{"line":43,"column":1083},"end":{"line":43,"column":1087}},"60":{"start":{"line":43,"column":1088},"end":{"line":43,"column":1140}},"61":{"start":{"line":43,"column":1157},"end":{"line":43,"column":1196}},"62":{"start":{"line":43,"column":1211},"end":{"line":43,"column":1237}},"63":{"start":{"line":43,"column":1252},"end":{"line":43,"column":1278}},"64":{"start":{"line":43,"column":1293},"end":{"line":43,"column":1308}},"65":{"start":{"line":43,"column":1323},"end":{"line":43,"column":1380}},"66":{"start":{"line":43,"column":1343},"end":{"line":43,"column":1380}},"67":{"start":{"line":43,"column":1386},"end":{"line":43,"column":1391}},"68":{"start":{"line":43,"column":1392},"end":{"line":43,"column":1404}},"69":{"start":{"line":43,"column":1404},"end":{"line":43,"column":1597}},"70":{"start":{"line":43,"column":1414},"end":{"line":43,"column":1419}},"71":{"start":{"line":43,"column":1422},"end":{"line":43,"column":1423}},"72":{"start":{"line":43,"column":1446},"end":{"line":43,"column":1450}},"73":{"start":{"line":43,"column":1453},"end":{"line":43,"column":1457}},"74":{"start":{"line":43,"column":1458},"end":{"line":43,"column":1596}},"75":{"start":{"line":43,"column":1597},"end":{"line":43,"column":1645}},"76":{"start":{"line":43,"column":1662},"end":{"line":43,"column":1812}},"77":{"start":{"line":43,"column":1789},"end":{"line":43,"column":1803}},"78":{"start":{"line":43,"column":1826},"end":{"line":43,"column":1830}},"79":{"start":{"line":43,"column":1845},"end":{"line":43,"column":1899}},"80":{"start":{"line":43,"column":1920},"end":{"line":43,"column":1925}},"81":{"start":{"line":43,"column":1926},"end":{"line":43,"column":1945}},"82":{"start":{"line":43,"column":1962},"end":{"line":43,"column":1978}},"83":{"start":{"line":43,"column":1992},"end":{"line":43,"column":2008}},"84":{"start":{"line":43,"column":2025},"end":{"line":43,"column":2062}},"85":{"start":{"line":43,"column":2077},"end":{"line":43,"column":2105}},"86":{"start":{"line":43,"column":2120},"end":{"line":43,"column":2134}},"87":{"start":{"line":43,"column":2149},"end":{"line":43,"column":2181}},"88":{"start":{"line":43,"column":2202},"end":{"line":43,"column":2206}},"89":{"start":{"line":43,"column":2207},"end":{"line":43,"column":2236}},"90":{"start":{"line":43,"column":2253},"end":{"line":43,"column":2268}},"91":{"start":{"line":43,"column":2274},"end":{"line":43,"column":2280}},"92":{"start":{"line":43,"column":2283},"end":{"line":43,"column":2300}},"93":{"start":{"line":43,"column":2301},"end":{"line":43,"column":2473}},"94":{"start":{"line":43,"column":2492},"end":{"line":43,"column":2509}},"95":{"start":{"line":43,"column":2500},"end":{"line":43,"column":2509}},"96":{"start":{"line":43,"column":2515},"end":{"line":43,"column":2519}},"97":{"start":{"line":43,"column":2520},"end":{"line":43,"column":2582}},"98":{"start":{"line":43,"column":2526},"end":{"line":43,"column":2582}},"99":{"start":{"line":43,"column":2552},"end":{"line":43,"column":2573}},"100":{"start":{"line":43,"column":2582},"end":{"line":43,"column":2602}},"101":{"start":{"line":43,"column":2593},"end":{"line":43,"column":2602}},"102":{"start":{"line":43,"column":2602},"end":{"line":43,"column":2633}},"103":{"start":{"line":43,"column":2610},"end":{"line":43,"column":2633}},"104":{"start":{"line":43,"column":2633},"end":{"line":43,"column":2804}},"105":{"start":{"line":43,"column":2642},"end":{"line":43,"column":2657}},"106":{"start":{"line":43,"column":2663},"end":{"line":43,"column":2694}},"107":{"start":{"line":43,"column":2695},"end":{"line":43,"column":2803}},"108":{"start":{"line":43,"column":2733},"end":{"line":43,"column":2754}},"109":{"start":{"line":43,"column":2804},"end":{"line":43,"column":2814}},"110":{"start":{"line":43,"column":2839},"end":{"line":43,"column":2947}},"111":{"start":{"line":43,"column":2864},"end":{"line":43,"column":2914}},"112":{"start":{"line":43,"column":2915},"end":{"line":43,"column":2940}},"113":{"start":{"line":43,"column":2933},"end":{"line":43,"column":2940}},"114":{"start":{"line":43,"column":2940},"end":{"line":43,"column":2946}},"115":{"start":{"line":43,"column":2947},"end":{"line":43,"column":3011}},"116":{"start":{"line":43,"column":2963},"end":{"line":43,"column":2987}},"117":{"start":{"line":43,"column":2980},"end":{"line":43,"column":2987}},"118":{"start":{"line":43,"column":2987},"end":{"line":43,"column":3010}},"119":{"start":{"line":43,"column":3030},"end":{"line":43,"column":3067}},"120":{"start":{"line":43,"column":3090},"end":{"line":43,"column":3094}},"121":{"start":{"line":43,"column":3095},"end":{"line":43,"column":3114}},"122":{"start":{"line":43,"column":3131},"end":{"line":43,"column":3264}},"123":{"start":{"line":43,"column":3141},"end":{"line":43,"column":3264}},"124":{"start":{"line":43,"column":3151},"end":{"line":43,"column":3175}},"125":{"start":{"line":43,"column":3186},"end":{"line":43,"column":3222}},"126":{"start":{"line":43,"column":3223},"end":{"line":43,"column":3237}},"127":{"start":{"line":43,"column":3228},"end":{"line":43,"column":3237}},"128":{"start":{"line":43,"column":3237},"end":{"line":43,"column":3263}},"129":{"start":{"line":43,"column":3279},"end":{"line":43,"column":3304}},"130":{"start":{"line":43,"column":3319},"end":{"line":43,"column":3336}},"131":{"start":{"line":43,"column":3361},"end":{"line":43,"column":3638}},"132":{"start":{"line":43,"column":3433},"end":{"line":43,"column":3449}},"133":{"start":{"line":43,"column":3452},"end":{"line":43,"column":3522}},"134":{"start":{"line":43,"column":3525},"end":{"line":43,"column":3526}},"135":{"start":{"line":43,"column":3529},"end":{"line":43,"column":3531}},"136":{"start":{"line":43,"column":3532},"end":{"line":43,"column":3548}},"137":{"start":{"line":43,"column":3554},"end":{"line":43,"column":3574}},"138":{"start":{"line":43,"column":3577},"end":{"line":43,"column":3585}},"139":{"start":{"line":43,"column":3588},"end":{"line":43,"column":3595}},"140":{"start":{"line":43,"column":3596},"end":{"line":43,"column":3616}},"141":{"start":{"line":43,"column":3639},"end":{"line":43,"column":3668}},"142":{"start":{"line":43,"column":3683},"end":{"line":43,"column":3923}},"143":{"start":{"line":43,"column":3718},"end":{"line":43,"column":3736}},"144":{"start":{"line":43,"column":3727},"end":{"line":43,"column":3736}},"145":{"start":{"line":43,"column":3744},"end":{"line":43,"column":3748}},"146":{"start":{"line":43,"column":3751},"end":{"line":43,"column":3755}},"147":{"start":{"line":43,"column":3756},"end":{"line":43,"column":3843}},"148":{"start":{"line":43,"column":3762},"end":{"line":43,"column":3806}},"149":{"start":{"line":43,"column":3795},"end":{"line":43,"column":3806}},"150":{"start":{"line":43,"column":3806},"end":{"line":43,"column":3828}},"151":{"start":{"line":43,"column":3834},"end":{"line":43,"column":3843}},"152":{"start":{"line":43,"column":3843},"end":{"line":43,"column":3919}},"153":{"start":{"line":43,"column":3869},"end":{"line":43,"column":3897}},"154":{"start":{"line":43,"column":3940},"end":{"line":43,"column":4003}},"155":{"start":{"line":43,"column":3957},"end":{"line":43,"column":3975}},"156":{"start":{"line":43,"column":3982},"end":{"line":43,"column":4002}},"157":{"start":{"line":43,"column":4003},"end":{"line":43,"column":4014}},"158":{"start":{"line":43,"column":4050},"end":{"line":43,"column":4054}},"159":{"start":{"line":43,"column":4055},"end":{"line":43,"column":4231}},"160":{"start":{"line":43,"column":4137},"end":{"line":43,"column":4144}},"161":{"start":{"line":43,"column":4145},"end":{"line":43,"column":4172}},"162":{"start":{"line":43,"column":4196},"end":{"line":43,"column":4203}},"163":{"start":{"line":43,"column":4205},"end":{"line":43,"column":4227}},"164":{"start":{"line":43,"column":4246},"end":{"line":43,"column":4354}},"165":{"start":{"line":43,"column":4256},"end":{"line":43,"column":4266}},"166":{"start":{"line":43,"column":4283},"end":{"line":43,"column":4290}},"167":{"start":{"line":43,"column":4291},"end":{"line":43,"column":4353}},"168":{"start":{"line":43,"column":4299},"end":{"line":43,"column":4353}},"169":{"start":{"line":43,"column":4318},"end":{"line":43,"column":4329}},"170":{"start":{"line":43,"column":4329},"end":{"line":43,"column":4335}},"171":{"start":{"line":43,"column":4342},"end":{"line":43,"column":4352}},"172":{"start":{"line":43,"column":4369},"end":{"line":43,"column":4536}},"173":{"start":{"line":43,"column":4379},"end":{"line":43,"column":4382}},"174":{"start":{"line":43,"column":4385},"end":{"line":43,"column":4388}},"175":{"start":{"line":43,"column":4391},"end":{"line":43,"column":4396}},"176":{"start":{"line":43,"column":4399},"end":{"line":43,"column":4409}},"177":{"start":{"line":43,"column":4426},"end":{"line":43,"column":4430}},"178":{"start":{"line":43,"column":4431},"end":{"line":43,"column":4535}},"179":{"start":{"line":43,"column":4447},"end":{"line":43,"column":4451}},"180":{"start":{"line":43,"column":4452},"end":{"line":43,"column":4484}},"181":{"start":{"line":43,"column":4475},"end":{"line":43,"column":4484}},"182":{"start":{"line":43,"column":4490},"end":{"line":43,"column":4494}},"183":{"start":{"line":43,"column":4497},"end":{"line":43,"column":4504}},"184":{"start":{"line":43,"column":4505},"end":{"line":43,"column":4534}},"185":{"start":{"line":43,"column":4526},"end":{"line":43,"column":4534}},"186":{"start":{"line":43,"column":4542},"end":{"line":43,"column":4548}},"187":{"start":{"line":43,"column":4549},"end":{"line":43,"column":4587}},"188":{"start":{"line":43,"column":4608},"end":{"line":43,"column":4611}},"189":{"start":{"line":43,"column":4612},"end":{"line":43,"column":4646}},"190":{"start":{"line":43,"column":4637},"end":{"line":43,"column":4646}},"191":{"start":{"line":43,"column":4652},"end":{"line":43,"column":4697}},"192":{"start":{"line":43,"column":4698},"end":{"line":43,"column":4720}},"193":{"start":{"line":43,"column":4711},"end":{"line":43,"column":4720}},"194":{"start":{"line":43,"column":4720},"end":{"line":43,"column":4780}},"195":{"start":{"line":43,"column":4730},"end":{"line":43,"column":4731}},"196":{"start":{"line":43,"column":4747},"end":{"line":43,"column":4780}},"197":{"start":{"line":43,"column":4771},"end":{"line":43,"column":4780}},"198":{"start":{"line":43,"column":4780},"end":{"line":43,"column":4788}},"199":{"start":{"line":43,"column":4803},"end":{"line":43,"column":4833}},"200":{"start":{"line":43,"column":4840},"end":{"line":43,"column":4842}},"201":{"start":{"line":43,"column":4843},"end":{"line":43,"column":5888}},"202":{"start":{"line":43,"column":4874},"end":{"line":43,"column":4890}},"203":{"start":{"line":43,"column":4893},"end":{"line":43,"column":5161}},"204":{"start":{"line":43,"column":4907},"end":{"line":43,"column":5005}},"205":{"start":{"line":43,"column":4913},"end":{"line":43,"column":4996}},"206":{"start":{"line":43,"column":4923},"end":{"line":43,"column":4938}},"207":{"start":{"line":43,"column":4941},"end":{"line":43,"column":4942}},"208":{"start":{"line":43,"column":4958},"end":{"line":43,"column":4996}},"209":{"start":{"line":43,"column":4996},"end":{"line":43,"column":5004}},"210":{"start":{"line":43,"column":5011},"end":{"line":43,"column":5016}},"211":{"start":{"line":43,"column":5017},"end":{"line":43,"column":5029}},"212":{"start":{"line":43,"column":5029},"end":{"line":43,"column":5107}},"213":{"start":{"line":43,"column":5039},"end":{"line":43,"column":5044}},"214":{"start":{"line":43,"column":5047},"end":{"line":43,"column":5048}},"215":{"start":{"line":43,"column":5071},"end":{"line":43,"column":5075}},"216":{"start":{"line":43,"column":5076},"end":{"line":43,"column":5106}},"217":{"start":{"line":43,"column":5107},"end":{"line":43,"column":5155}},"218":{"start":{"line":43,"column":5164},"end":{"line":43,"column":5229}},"219":{"start":{"line":43,"column":5230},"end":{"line":43,"column":5287}},"220":{"start":{"line":43,"column":5307},"end":{"line":43,"column":5845}},"221":{"start":{"line":43,"column":5354},"end":{"line":43,"column":5828}},"222":{"start":{"line":43,"column":5386},"end":{"line":43,"column":5390}},"223":{"start":{"line":43,"column":5391},"end":{"line":43,"column":5827}},"224":{"start":{"line":43,"column":5403},"end":{"line":43,"column":5406}},"225":{"start":{"line":43,"column":5409},"end":{"line":43,"column":5412}},"226":{"start":{"line":43,"column":5415},"end":{"line":43,"column":5418}},"227":{"start":{"line":43,"column":5421},"end":{"line":43,"column":5424}},"228":{"start":{"line":43,"column":5425},"end":{"line":43,"column":5826}},"229":{"start":{"line":43,"column":5434},"end":{"line":43,"column":5572}},"230":{"start":{"line":43,"column":5451},"end":{"line":43,"column":5510}},"231":{"start":{"line":43,"column":5531},"end":{"line":43,"column":5568}},"232":{"start":{"line":43,"column":5577},"end":{"line":43,"column":5826}},"233":{"start":{"line":43,"column":5587},"end":{"line":43,"column":5722}},"234":{"start":{"line":43,"column":5633},"end":{"line":43,"column":5675}},"235":{"start":{"line":43,"column":5643},"end":{"line":43,"column":5651}},"236":{"start":{"line":43,"column":5667},"end":{"line":43,"column":5675}},"237":{"start":{"line":43,"column":5680},"end":{"line":43,"column":5722}},"238":{"start":{"line":43,"column":5690},"end":{"line":43,"column":5698}},"239":{"start":{"line":43,"column":5714},"end":{"line":43,"column":5722}},"240":{"start":{"line":43,"column":5722},"end":{"line":43,"column":5825}},"241":{"start":{"line":43,"column":5732},"end":{"line":43,"column":5759}},"242":{"start":{"line":43,"column":5762},"end":{"line":43,"column":5763}},"243":{"start":{"line":43,"column":5772},"end":{"line":43,"column":5825}},"244":{"start":{"line":43,"column":5861},"end":{"line":43,"column":5885}},"245":{"start":{"line":43,"column":5916},"end":{"line":43,"column":5934}},"246":{"start":{"line":43,"column":5925},"end":{"line":43,"column":5934}},"247":{"start":{"line":43,"column":5934},"end":{"line":43,"column":5970}},"248":{"start":{"line":43,"column":5954},"end":{"line":43,"column":5970}},"249":{"start":{"line":43,"column":5970},"end":{"line":43,"column":6059}},"250":{"start":{"line":43,"column":5978},"end":{"line":43,"column":6059}},"251":{"start":{"line":43,"column":6034},"end":{"line":43,"column":6054}},"252":{"start":{"line":43,"column":6059},"end":{"line":43,"column":6104}},"253":{"start":{"line":43,"column":6067},"end":{"line":43,"column":6104}},"254":{"start":{"line":43,"column":6110},"end":{"line":43,"column":6149}},"255":{"start":{"line":43,"column":6150},"end":{"line":43,"column":6178}},"256":{"start":{"line":43,"column":6165},"end":{"line":43,"column":6178}},"257":{"start":{"line":43,"column":6178},"end":{"line":43,"column":6206}},"258":{"start":{"line":43,"column":6221},"end":{"line":43,"column":6239}},"259":{"start":{"line":43,"column":6246},"end":{"line":43,"column":6251}},"260":{"start":{"line":43,"column":6252},"end":{"line":43,"column":8270}},"261":{"start":{"line":43,"column":6281},"end":{"line":43,"column":6954}},"262":{"start":{"line":43,"column":6311},"end":{"line":43,"column":6529}},"263":{"start":{"line":43,"column":6321},"end":{"line":43,"column":6327}},"264":{"start":{"line":43,"column":6330},"end":{"line":43,"column":6334}},"265":{"start":{"line":43,"column":6337},"end":{"line":43,"column":6338}},"266":{"start":{"line":43,"column":6341},"end":{"line":43,"column":6342}},"267":{"start":{"line":43,"column":6367},"end":{"line":43,"column":6371}},"268":{"start":{"line":43,"column":6374},"end":{"line":43,"column":6381}},"269":{"start":{"line":43,"column":6382},"end":{"line":43,"column":6528}},"270":{"start":{"line":43,"column":6535},"end":{"line":43,"column":6539}},"271":{"start":{"line":43,"column":6542},"end":{"line":43,"column":6552}},"272":{"start":{"line":43,"column":6555},"end":{"line":43,"column":6568}},"273":{"start":{"line":43,"column":6569},"end":{"line":43,"column":6949}},"274":{"start":{"line":43,"column":6593},"end":{"line":43,"column":6663}},"275":{"start":{"line":43,"column":6610},"end":{"line":43,"column":6628}},"276":{"start":{"line":43,"column":6635},"end":{"line":43,"column":6641}},"277":{"start":{"line":43,"column":6649},"end":{"line":43,"column":6662}},"278":{"start":{"line":43,"column":6670},"end":{"line":43,"column":6797}},"279":{"start":{"line":43,"column":6687},"end":{"line":43,"column":6727}},"280":{"start":{"line":43,"column":6734},"end":{"line":43,"column":6752}},"281":{"start":{"line":43,"column":6759},"end":{"line":43,"column":6775}},"282":{"start":{"line":43,"column":6783},"end":{"line":43,"column":6796}},"283":{"start":{"line":43,"column":6810},"end":{"line":43,"column":6933}},"284":{"start":{"line":43,"column":6827},"end":{"line":43,"column":6848}},"285":{"start":{"line":43,"column":6855},"end":{"line":43,"column":6874}},"286":{"start":{"line":43,"column":6881},"end":{"line":43,"column":6906}},"287":{"start":{"line":43,"column":6914},"end":{"line":43,"column":6932}},"288":{"start":{"line":43,"column":6941},"end":{"line":43,"column":6948}},"289":{"start":{"line":43,"column":6976},"end":{"line":43,"column":8155}},"290":{"start":{"line":43,"column":7009},"end":{"line":43,"column":7345}},"291":{"start":{"line":43,"column":7040},"end":{"line":43,"column":7043}},"292":{"start":{"line":43,"column":7046},"end":{"line":43,"column":7049}},"293":{"start":{"line":43,"column":7050},"end":{"line":43,"column":7334}},"294":{"start":{"line":43,"column":7077},"end":{"line":43,"column":7083}},"295":{"start":{"line":43,"column":7086},"end":{"line":43,"column":7092}},"296":{"start":{"line":43,"column":7095},"end":{"line":43,"column":7124}},"297":{"start":{"line":43,"column":7125},"end":{"line":43,"column":7331}},"298":{"start":{"line":43,"column":7156},"end":{"line":43,"column":7167}},"299":{"start":{"line":43,"column":7168},"end":{"line":43,"column":7330}},"300":{"start":{"line":43,"column":7359},"end":{"line":43,"column":7821}},"301":{"start":{"line":43,"column":7390},"end":{"line":43,"column":7393}},"302":{"start":{"line":43,"column":7396},"end":{"line":43,"column":7399}},"303":{"start":{"line":43,"column":7402},"end":{"line":43,"column":7405}},"304":{"start":{"line":43,"column":7406},"end":{"line":43,"column":7480}},"305":{"start":{"line":43,"column":7434},"end":{"line":43,"column":7439}},"306":{"start":{"line":43,"column":7440},"end":{"line":43,"column":7454}},"307":{"start":{"line":43,"column":7460},"end":{"line":43,"column":7465}},"308":{"start":{"line":43,"column":7466},"end":{"line":43,"column":7479}},"309":{"start":{"line":43,"column":7480},"end":{"line":43,"column":7637}},"310":{"start":{"line":43,"column":7490},"end":{"line":43,"column":7491}},"311":{"start":{"line":43,"column":7507},"end":{"line":43,"column":7637}},"312":{"start":{"line":43,"column":7535},"end":{"line":43,"column":7548}},"313":{"start":{"line":43,"column":7549},"end":{"line":43,"column":7636}},"314":{"start":{"line":43,"column":7637},"end":{"line":43,"column":7728}},"315":{"start":{"line":43,"column":7647},"end":{"line":43,"column":7655}},"316":{"start":{"line":43,"column":7678},"end":{"line":43,"column":7691}},"317":{"start":{"line":43,"column":7692},"end":{"line":43,"column":7727}},"318":{"start":{"line":43,"column":7728},"end":{"line":43,"column":7810}},"319":{"start":{"line":43,"column":7828},"end":{"line":43,"column":8154}},"320":{"start":{"line":43,"column":7859},"end":{"line":43,"column":7862}},"321":{"start":{"line":43,"column":7865},"end":{"line":43,"column":7868}},"322":{"start":{"line":43,"column":7871},"end":{"line":43,"column":7872}},"323":{"start":{"line":43,"column":7873},"end":{"line":43,"column":8144}},"324":{"start":{"line":43,"column":7896},"end":{"line":43,"column":8000}},"325":{"start":{"line":43,"column":7916},"end":{"line":43,"column":7929}},"326":{"start":{"line":43,"column":7930},"end":{"line":43,"column":7999}},"327":{"start":{"line":43,"column":8000},"end":{"line":43,"column":8003}},"328":{"start":{"line":43,"column":8034},"end":{"line":43,"column":8138}},"329":{"start":{"line":43,"column":8054},"end":{"line":43,"column":8067}},"330":{"start":{"line":43,"column":8068},"end":{"line":43,"column":8137}},"331":{"start":{"line":43,"column":8138},"end":{"line":43,"column":8141}},"332":{"start":{"line":43,"column":8177},"end":{"line":43,"column":8267}},"333":{"start":{"line":43,"column":8313},"end":{"line":43,"column":8331}},"334":{"start":{"line":43,"column":8332},"end":{"line":43,"column":8382}},"335":{"start":{"line":43,"column":8397},"end":{"line":43,"column":8432}},"336":{"start":{"line":43,"column":8447},"end":{"line":43,"column":8561}},"337":{"start":{"line":43,"column":8490},"end":{"line":43,"column":8557}},"338":{"start":{"line":43,"column":8505},"end":{"line":43,"column":8517}},"339":{"start":{"line":43,"column":8518},"end":{"line":43,"column":8541}},"340":{"start":{"line":43,"column":8547},"end":{"line":43,"column":8557}},"341":{"start":{"line":43,"column":8576},"end":{"line":43,"column":8606}},"342":{"start":{"line":43,"column":8613},"end":{"line":43,"column":8790}},"343":{"start":{"line":43,"column":8627},"end":{"line":43,"column":8789}},"344":{"start":{"line":43,"column":8705},"end":{"line":43,"column":8718}},"345":{"start":{"line":43,"column":8735},"end":{"line":43,"column":8782}},"346":{"start":{"line":43,"column":8750},"end":{"line":43,"column":8782}},"347":{"start":{"line":43,"column":8793},"end":{"line":43,"column":10176}},"348":{"start":{"line":43,"column":8820},"end":{"line":43,"column":8910}},"349":{"start":{"line":43,"column":8911},"end":{"line":43,"column":8920}},"350":{"start":{"line":43,"column":8926},"end":{"line":43,"column":8937}},"351":{"start":{"line":43,"column":8938},"end":{"line":43,"column":10173}},"352":{"start":{"line":43,"column":8992},"end":{"line":43,"column":9014}},"353":{"start":{"line":43,"column":9036},"end":{"line":43,"column":9060}},"354":{"start":{"line":43,"column":9088},"end":{"line":43,"column":9095}},"355":{"start":{"line":43,"column":9096},"end":{"line":43,"column":9195}},"356":{"start":{"line":43,"column":9218},"end":{"line":43,"column":9243}},"357":{"start":{"line":43,"column":9234},"end":{"line":43,"column":9243}},"358":{"start":{"line":43,"column":9249},"end":{"line":43,"column":9256}},"359":{"start":{"line":43,"column":9257},"end":{"line":43,"column":9334}},"360":{"start":{"line":43,"column":9361},"end":{"line":43,"column":9368}},"361":{"start":{"line":43,"column":9369},"end":{"line":43,"column":9456}},"362":{"start":{"line":43,"column":9427},"end":{"line":43,"column":9440}},"363":{"start":{"line":43,"column":9488},"end":{"line":43,"column":9492}},"364":{"start":{"line":43,"column":9493},"end":{"line":43,"column":9552}},"365":{"start":{"line":43,"column":9527},"end":{"line":43,"column":9549}},"366":{"start":{"line":43,"column":9578},"end":{"line":43,"column":9585}},"367":{"start":{"line":43,"column":9586},"end":{"line":43,"column":9591}},"368":{"start":{"line":43,"column":9597},"end":{"line":43,"column":9608}},"369":{"start":{"line":43,"column":9609},"end":{"line":43,"column":9632}},"370":{"start":{"line":43,"column":9623},"end":{"line":43,"column":9632}},"371":{"start":{"line":43,"column":9632},"end":{"line":43,"column":9659}},"372":{"start":{"line":43,"column":9650},"end":{"line":43,"column":9659}},"373":{"start":{"line":43,"column":9665},"end":{"line":43,"column":9677}},"374":{"start":{"line":43,"column":9678},"end":{"line":43,"column":9704}},"375":{"start":{"line":43,"column":9724},"end":{"line":43,"column":9748}},"376":{"start":{"line":43,"column":9778},"end":{"line":43,"column":9782}},"377":{"start":{"line":43,"column":9785},"end":{"line":43,"column":9796}},"378":{"start":{"line":43,"column":9797},"end":{"line":43,"column":9925}},"379":{"start":{"line":43,"column":9824},"end":{"line":43,"column":9841}},"380":{"start":{"line":43,"column":9867},"end":{"line":43,"column":9875}},"381":{"start":{"line":43,"column":9876},"end":{"line":43,"column":9922}},"382":{"start":{"line":43,"column":9956},"end":{"line":43,"column":9960}},"383":{"start":{"line":43,"column":9963},"end":{"line":43,"column":9974}},"384":{"start":{"line":43,"column":9975},"end":{"line":43,"column":10131}},"385":{"start":{"line":43,"column":10002},"end":{"line":43,"column":10020}},"386":{"start":{"line":43,"column":10046},"end":{"line":43,"column":10054}},"387":{"start":{"line":43,"column":10055},"end":{"line":43,"column":10074}},"388":{"start":{"line":43,"column":10065},"end":{"line":43,"column":10074}},"389":{"start":{"line":43,"column":10080},"end":{"line":43,"column":10094}},"390":{"start":{"line":43,"column":10095},"end":{"line":43,"column":10128}},"391":{"start":{"line":43,"column":10149},"end":{"line":43,"column":10170}},"392":{"start":{"line":43,"column":10179},"end":{"line":43,"column":11136}},"393":{"start":{"line":43,"column":10206},"end":{"line":43,"column":10297}},"394":{"start":{"line":43,"column":10298},"end":{"line":43,"column":10307}},"395":{"start":{"line":43,"column":10313},"end":{"line":43,"column":10324}},"396":{"start":{"line":43,"column":10325},"end":{"line":43,"column":11133}},"397":{"start":{"line":43,"column":10379},"end":{"line":43,"column":10401}},"398":{"start":{"line":43,"column":10429},"end":{"line":43,"column":10436}},"399":{"start":{"line":43,"column":10437},"end":{"line":43,"column":10514}},"400":{"start":{"line":43,"column":10540},"end":{"line":43,"column":10547}},"401":{"start":{"line":43,"column":10548},"end":{"line":43,"column":10600}},"402":{"start":{"line":43,"column":10623},"end":{"line":43,"column":10648}},"403":{"start":{"line":43,"column":10639},"end":{"line":43,"column":10648}},"404":{"start":{"line":43,"column":10654},"end":{"line":43,"column":10661}},"405":{"start":{"line":43,"column":10662},"end":{"line":43,"column":10735}},"406":{"start":{"line":43,"column":10762},"end":{"line":43,"column":10769}},"407":{"start":{"line":43,"column":10770},"end":{"line":43,"column":10809}},"408":{"start":{"line":43,"column":10837},"end":{"line":43,"column":10844}},"409":{"start":{"line":43,"column":10845},"end":{"line":43,"column":10874}},"410":{"start":{"line":43,"column":10903},"end":{"line":43,"column":10910}},"411":{"start":{"line":43,"column":10911},"end":{"line":43,"column":10941}},"412":{"start":{"line":43,"column":10961},"end":{"line":43,"column":10981}},"413":{"start":{"line":43,"column":10999},"end":{"line":43,"column":11019}},"414":{"start":{"line":43,"column":11045},"end":{"line":43,"column":11130}},"415":{"start":{"line":43,"column":11055},"end":{"line":43,"column":11068}},"416":{"start":{"line":43,"column":11071},"end":{"line":43,"column":11079}},"417":{"start":{"line":43,"column":11089},"end":{"line":43,"column":11130}},"418":{"start":{"line":43,"column":11137},"end":{"line":43,"column":11220}},"419":{"start":{"line":43,"column":11165},"end":{"line":43,"column":11182}},"420":{"start":{"line":43,"column":11200},"end":{"line":43,"column":11217}},"421":{"start":{"line":43,"column":11234},"end":{"line":43,"column":11245}},"422":{"start":{"line":43,"column":11260},"end":{"line":43,"column":11268}},"423":{"start":{"line":43,"column":11283},"end":{"line":43,"column":11291}},"424":{"start":{"line":43,"column":11302},"end":{"line":43,"column":11358}},"425":{"start":{"line":43,"column":11361},"end":{"line":43,"column":11384}},"426":{"start":{"line":43,"column":11387},"end":{"line":43,"column":11410}},"427":{"start":{"line":43,"column":11413},"end":{"line":43,"column":11493}},"428":{"start":{"line":43,"column":11496},"end":{"line":43,"column":11556}},"429":{"start":{"line":43,"column":11559},"end":{"line":43,"column":11611}},"430":{"start":{"line":43,"column":11614},"end":{"line":43,"column":11658}},"431":{"start":{"line":43,"column":11661},"end":{"line":43,"column":11718}},"432":{"start":{"line":43,"column":11721},"end":{"line":43,"column":13538}},"433":{"start":{"line":43,"column":11861},"end":{"line":43,"column":11987}},"434":{"start":{"line":43,"column":12751},"end":{"line":43,"column":12803}},"435":{"start":{"line":43,"column":12861},"end":{"line":43,"column":12900}},"436":{"start":{"line":43,"column":12917},"end":{"line":43,"column":13069}},"437":{"start":{"line":43,"column":13165},"end":{"line":43,"column":13326}},"438":{"start":{"line":43,"column":13343},"end":{"line":43,"column":13385}},"439":{"start":{"line":43,"column":13402},"end":{"line":43,"column":13445}},"440":{"start":{"line":43,"column":13541},"end":{"line":43,"column":13572}},"441":{"start":{"line":43,"column":13576},"end":{"line":43,"column":13791}},"442":{"start":{"line":43,"column":13687},"end":{"line":43,"column":13763}},"443":{"start":{"line":43,"column":13795},"end":{"line":43,"column":13931}},"444":{"start":{"line":43,"column":13847},"end":{"line":43,"column":13849}},"445":{"start":{"line":43,"column":13850},"end":{"line":43,"column":13930}},"446":{"start":{"line":43,"column":13884},"end":{"line":43,"column":13925}},"447":{"start":{"line":43,"column":13935},"end":{"line":43,"column":13937}},"448":{"start":{"line":43,"column":13941},"end":{"line":43,"column":15046}},"449":{"start":{"line":43,"column":13960},"end":{"line":43,"column":13978}},"450":{"start":{"line":43,"column":13969},"end":{"line":43,"column":13978}},"451":{"start":{"line":43,"column":13984},"end":{"line":43,"column":13988}},"452":{"start":{"line":43,"column":13989},"end":{"line":43,"column":14130}},"453":{"start":{"line":43,"column":14000},"end":{"line":43,"column":14130}},"454":{"start":{"line":43,"column":14031},"end":{"line":43,"column":14037}},"455":{"start":{"line":43,"column":14038},"end":{"line":43,"column":14121}},"456":{"start":{"line":43,"column":14136},"end":{"line":43,"column":14140}},"457":{"start":{"line":43,"column":14141},"end":{"line":43,"column":14202}},"458":{"start":{"line":43,"column":14222},"end":{"line":43,"column":14238}},"459":{"start":{"line":43,"column":14260},"end":{"line":43,"column":14288}},"460":{"start":{"line":43,"column":14316},"end":{"line":43,"column":14325}},"461":{"start":{"line":43,"column":14326},"end":{"line":43,"column":14378}},"462":{"start":{"line":43,"column":14350},"end":{"line":43,"column":14378}},"463":{"start":{"line":43,"column":14378},"end":{"line":43,"column":14521}},"464":{"start":{"line":43,"column":14393},"end":{"line":43,"column":14402}},"465":{"start":{"line":43,"column":14405},"end":{"line":43,"column":14424}},"466":{"start":{"line":43,"column":14425},"end":{"line":43,"column":14468}},"467":{"start":{"line":43,"column":14439},"end":{"line":43,"column":14468}},"468":{"start":{"line":43,"column":14468},"end":{"line":43,"column":14511}},"469":{"start":{"line":43,"column":14502},"end":{"line":43,"column":14511}},"470":{"start":{"line":43,"column":14511},"end":{"line":43,"column":14520}},"471":{"start":{"line":43,"column":14521},"end":{"line":43,"column":14607}},"472":{"start":{"line":43,"column":14638},"end":{"line":43,"column":14730}},"473":{"start":{"line":43,"column":14777},"end":{"line":43,"column":14781}},"474":{"start":{"line":43,"column":14784},"end":{"line":43,"column":14821}},"475":{"start":{"line":43,"column":14822},"end":{"line":43,"column":14916}},"476":{"start":{"line":43,"column":14944},"end":{"line":43,"column":14949}},"477":{"start":{"line":43,"column":14978},"end":{"line":43,"column":15011}},"478":{"start":{"line":43,"column":15039},"end":{"line":43,"column":15044}},"479":{"start":{"line":43,"column":15050},"end":{"line":43,"column":15052}},"480":{"start":{"line":43,"column":15053},"end":{"line":43,"column":15304}},"481":{"start":{"line":43,"column":15073},"end":{"line":43,"column":15150}},"482":{"start":{"line":43,"column":15090},"end":{"line":43,"column":15149}},"483":{"start":{"line":43,"column":15186},"end":{"line":43,"column":15230}},"484":{"start":{"line":43,"column":15255},"end":{"line":43,"column":15302}},"485":{"start":{"line":43,"column":15311},"end":{"line":43,"column":17232}},"486":{"start":{"line":43,"column":15342},"end":{"line":43,"column":15346}},"487":{"start":{"line":43,"column":15347},"end":{"line":43,"column":16673}},"488":{"start":{"line":43,"column":15395},"end":{"line":43,"column":15672}},"489":{"start":{"line":43,"column":15448},"end":{"line":43,"column":15449}},"490":{"start":{"line":43,"column":15450},"end":{"line":43,"column":15454}},"491":{"start":{"line":43,"column":15460},"end":{"line":43,"column":15461}},"492":{"start":{"line":43,"column":15462},"end":{"line":43,"column":15671}},"493":{"start":{"line":43,"column":15487},"end":{"line":43,"column":15491}},"494":{"start":{"line":43,"column":15492},"end":{"line":43,"column":15510}},"495":{"start":{"line":43,"column":15510},"end":{"line":43,"column":15588}},"496":{"start":{"line":43,"column":15520},"end":{"line":43,"column":15536}},"497":{"start":{"line":43,"column":15539},"end":{"line":43,"column":15555}},"498":{"start":{"line":43,"column":15558},"end":{"line":43,"column":15559}},"499":{"start":{"line":43,"column":15568},"end":{"line":43,"column":15588}},"500":{"start":{"line":43,"column":15588},"end":{"line":43,"column":15670}},"501":{"start":{"line":43,"column":15626},"end":{"line":43,"column":15667}},"502":{"start":{"line":43,"column":15678},"end":{"line":43,"column":15965}},"503":{"start":{"line":43,"column":15759},"end":{"line":43,"column":15763}},"504":{"start":{"line":43,"column":15766},"end":{"line":43,"column":15779}},"505":{"start":{"line":43,"column":15782},"end":{"line":43,"column":15784}},"506":{"start":{"line":43,"column":15785},"end":{"line":43,"column":15821}},"507":{"start":{"line":43,"column":15789},"end":{"line":43,"column":15800}},"508":{"start":{"line":43,"column":15809},"end":{"line":43,"column":15820}},"509":{"start":{"line":43,"column":15821},"end":{"line":43,"column":15964}},"510":{"start":{"line":43,"column":15897},"end":{"line":43,"column":15917}},"511":{"start":{"line":43,"column":15933},"end":{"line":43,"column":15945}},"512":{"start":{"line":43,"column":15965},"end":{"line":43,"column":16108}},"513":{"start":{"line":43,"column":15992},"end":{"line":43,"column":16099}},"514":{"start":{"line":43,"column":16060},"end":{"line":43,"column":16062}},"515":{"start":{"line":43,"column":16065},"end":{"line":43,"column":16067}},"516":{"start":{"line":43,"column":16068},"end":{"line":43,"column":16098}},"517":{"start":{"line":43,"column":16099},"end":{"line":43,"column":16107}},"518":{"start":{"line":43,"column":16108},"end":{"line":43,"column":16115}},"519":{"start":{"line":43,"column":16155},"end":{"line":43,"column":16360}},"520":{"start":{"line":43,"column":16179},"end":{"line":43,"column":16360}},"521":{"start":{"line":43,"column":16198},"end":{"line":43,"column":16276}},"522":{"start":{"line":43,"column":16208},"end":{"line":43,"column":16224}},"523":{"start":{"line":43,"column":16227},"end":{"line":43,"column":16243}},"524":{"start":{"line":43,"column":16246},"end":{"line":43,"column":16247}},"525":{"start":{"line":43,"column":16256},"end":{"line":43,"column":16276}},"526":{"start":{"line":43,"column":16276},"end":{"line":43,"column":16358}},"527":{"start":{"line":43,"column":16319},"end":{"line":43,"column":16355}},"528":{"start":{"line":43,"column":16370},"end":{"line":43,"column":16409}},"529":{"start":{"line":43,"column":16399},"end":{"line":43,"column":16406}},"530":{"start":{"line":43,"column":16410},"end":{"line":43,"column":16510}},"531":{"start":{"line":43,"column":16486},"end":{"line":43,"column":16499}},"532":{"start":{"line":43,"column":16680},"end":{"line":43,"column":16691}},"533":{"start":{"line":43,"column":16692},"end":{"line":43,"column":17229}},"534":{"start":{"line":43,"column":16725},"end":{"line":43,"column":16751}},"535":{"start":{"line":43,"column":16757},"end":{"line":43,"column":16764}},"536":{"start":{"line":43,"column":16767},"end":{"line":43,"column":16783}},"537":{"start":{"line":43,"column":16784},"end":{"line":43,"column":16807}},"538":{"start":{"line":43,"column":16843},"end":{"line":43,"column":16850}},"539":{"start":{"line":43,"column":16852},"end":{"line":43,"column":16863}},"540":{"start":{"line":43,"column":16869},"end":{"line":43,"column":16872}},"541":{"start":{"line":43,"column":16873},"end":{"line":43,"column":16898}},"542":{"start":{"line":43,"column":16928},"end":{"line":43,"column":16936}},"543":{"start":{"line":43,"column":16966},"end":{"line":43,"column":16987}},"544":{"start":{"line":43,"column":17024},"end":{"line":43,"column":17119}},"545":{"start":{"line":43,"column":17057},"end":{"line":43,"column":17061}},"546":{"start":{"line":43,"column":17062},"end":{"line":43,"column":17118}},"547":{"start":{"line":43,"column":17102},"end":{"line":43,"column":17112}},"548":{"start":{"line":43,"column":17112},"end":{"line":43,"column":17117}},"549":{"start":{"line":43,"column":17119},"end":{"line":43,"column":17142}},"550":{"start":{"line":43,"column":17148},"end":{"line":43,"column":17162}},"551":{"start":{"line":43,"column":17163},"end":{"line":43,"column":17226}},"552":{"start":{"line":43,"column":17210},"end":{"line":43,"column":17223}},"553":{"start":{"line":43,"column":17236},"end":{"line":43,"column":17242}},"554":{"start":{"line":43,"column":17246},"end":{"line":43,"column":17256}},"555":{"start":{"line":43,"column":17260},"end":{"line":43,"column":17290}},"556":{"start":{"line":43,"column":17294},"end":{"line":43,"column":17319}},"557":{"start":{"line":43,"column":17323},"end":{"line":43,"column":17348}},"558":{"start":{"line":43,"column":17352},"end":{"line":43,"column":17376}},"559":{"start":{"line":43,"column":17380},"end":{"line":43,"column":17403}},"560":{"start":{"line":43,"column":17407},"end":{"line":43,"column":17430}},"561":{"start":{"line":43,"column":17496},"end":{"line":43,"column":17498}},"562":{"start":{"line":54,"column":0},"end":{"line":54,"column":64}},"563":{"start":{"line":64,"column":2},"end":{"line":64,"column":65}},"564":{"start":{"line":70,"column":2},"end":{"line":70,"column":42}},"565":{"start":{"line":70,"column":29},"end":{"line":70,"column":42}},"566":{"start":{"line":73,"column":2},"end":{"line":73,"column":23}},"567":{"start":{"line":74,"column":2},"end":{"line":74,"column":38}},"568":{"start":{"line":74,"column":26},"end":{"line":74,"column":38}},"569":{"start":{"line":77,"column":2},"end":{"line":77,"column":24}},"570":{"start":{"line":78,"column":2},"end":{"line":78,"column":45}},"571":{"start":{"line":78,"column":32},"end":{"line":78,"column":45}},"572":{"start":{"line":81,"column":2},"end":{"line":83,"column":3}},"573":{"start":{"line":82,"column":4},"end":{"line":82,"column":17}},"574":{"start":{"line":86,"column":2},"end":{"line":86,"column":14}},"575":{"start":{"line":89,"column":0},"end":{"line":89,"column":38}},"576":{"start":{"line":105,"column":28},"end":{"line":105,"column":56}},"577":{"start":{"line":106,"column":21},"end":{"line":106,"column":52}},"578":{"start":{"line":107,"column":23},"end":{"line":107,"column":60}},"579":{"start":{"line":110,"column":1},"end":{"line":112,"column":2}},"580":{"start":{"line":111,"column":2},"end":{"line":111,"column":79}},"581":{"start":{"line":114,"column":1},"end":{"line":114,"column":20}},"582":{"start":{"line":118,"column":1},"end":{"line":158,"column":2}},"583":{"start":{"line":119,"column":2},"end":{"line":121,"column":3}},"584":{"start":{"line":120,"column":3},"end":{"line":120,"column":16}},"585":{"start":{"line":126,"column":14},"end":{"line":126,"column":31}},"586":{"start":{"line":127,"column":2},"end":{"line":127,"column":18}},"587":{"start":{"line":128,"column":2},"end":{"line":130,"column":3}},"588":{"start":{"line":129,"column":3},"end":{"line":129,"column":16}},"589":{"start":{"line":133,"column":14},"end":{"line":133,"column":16}},"590":{"start":{"line":134,"column":2},"end":{"line":136,"column":3}},"591":{"start":{"line":134,"column":15},"end":{"line":134,"column":16}},"592":{"start":{"line":135,"column":3},"end":{"line":135,"column":43}},"593":{"start":{"line":137,"column":15},"end":{"line":139,"column":4}},"594":{"start":{"line":138,"column":3},"end":{"line":138,"column":19}},"595":{"start":{"line":140,"column":2},"end":{"line":142,"column":3}},"596":{"start":{"line":141,"column":3},"end":{"line":141,"column":16}},"597":{"start":{"line":145,"column":14},"end":{"line":145,"column":16}},"598":{"start":{"line":146,"column":2},"end":{"line":148,"column":5}},"599":{"start":{"line":147,"column":3},"end":{"line":147,"column":26}},"600":{"start":{"line":149,"column":2},"end":{"line":152,"column":3}},"601":{"start":{"line":151,"column":3},"end":{"line":151,"column":16}},"602":{"start":{"line":154,"column":2},"end":{"line":154,"column":14}},"603":{"start":{"line":157,"column":2},"end":{"line":157,"column":15}},"604":{"start":{"line":161,"column":0},"end":{"line":186,"column":2}},"605":{"start":{"line":163,"column":10},"end":{"line":163,"column":26}},"606":{"start":{"line":166,"column":1},"end":{"line":183,"column":2}},"607":{"start":{"line":166,"column":14},"end":{"line":166,"column":15}},"608":{"start":{"line":167,"column":2},"end":{"line":167,"column":30}},"609":{"start":{"line":169,"column":2},"end":{"line":173,"column":3}},"610":{"start":{"line":170,"column":3},"end":{"line":172,"column":4}},"611":{"start":{"line":171,"column":4},"end":{"line":171,"column":24}},"612":{"start":{"line":175,"column":2},"end":{"line":182,"column":3}},"613":{"start":{"line":176,"column":3},"end":{"line":176,"column":41}},"614":{"start":{"line":177,"column":3},"end":{"line":181,"column":4}},"615":{"start":{"line":177,"column":16},"end":{"line":177,"column":17}},"616":{"start":{"line":178,"column":4},"end":{"line":180,"column":5}},"617":{"start":{"line":179,"column":5},"end":{"line":179,"column":39}},"618":{"start":{"line":185,"column":1},"end":{"line":185,"column":11}},"619":{"start":{"line":202,"column":0},"end":{"line":202,"column":25}},"620":{"start":{"line":202,"column":31},"end":{"line":202,"column":55}},"621":{"start":{"line":202,"column":58},"end":{"line":202,"column":63}},"622":{"start":{"line":202,"column":64},"end":{"line":202,"column":87}},"623":{"start":{"line":202,"column":87},"end":{"line":202,"column":205}},"624":{"start":{"line":202,"column":136},"end":{"line":202,"column":146}},"625":{"start":{"line":202,"column":147},"end":{"line":202,"column":168}},"626":{"start":{"line":202,"column":168},"end":{"line":202,"column":204}},"627":{"start":{"line":202,"column":211},"end":{"line":202,"column":281}},"628":{"start":{"line":202,"column":284},"end":{"line":202,"column":315}},"629":{"start":{"line":202,"column":318},"end":{"line":202,"column":355}},"630":{"start":{"line":203,"column":26},"end":{"line":203,"column":28}},"631":{"start":{"line":203,"column":31},"end":{"line":203,"column":35}},"632":{"start":{"line":203,"column":38},"end":{"line":203,"column":42}},"633":{"start":{"line":203,"column":43},"end":{"line":203,"column":64}},"634":{"start":{"line":203,"column":64},"end":{"line":203,"column":93}},"635":{"start":{"line":203,"column":93},"end":{"line":203,"column":119}},"636":{"start":{"line":203,"column":119},"end":{"line":203,"column":177}},"637":{"start":{"line":203,"column":130},"end":{"line":203,"column":177}},"638":{"start":{"line":203,"column":177},"end":{"line":203,"column":253}},"639":{"start":{"line":203,"column":198},"end":{"line":203,"column":253}},"640":{"start":{"line":203,"column":226},"end":{"line":203,"column":253}},"641":{"start":{"line":203,"column":253},"end":{"line":203,"column":315}},"642":{"start":{"line":203,"column":316},"end":{"line":203,"column":330}},"643":{"start":{"line":203,"column":330},"end":{"line":203,"column":345}},"644":{"start":{"line":213,"column":0},"end":{"line":215,"column":9}},"645":{"start":{"line":214,"column":2},"end":{"line":214,"column":44}},"646":{"start":{"line":224,"column":22},"end":{"line":234,"column":3}},"647":{"start":{"line":225,"column":4},"end":{"line":225,"column":33}},"648":{"start":{"line":225,"column":26},"end":{"line":225,"column":33}},"649":{"start":{"line":226,"column":15},"end":{"line":226,"column":52}},"650":{"start":{"line":227,"column":4},"end":{"line":229,"column":5}},"651":{"start":{"line":228,"column":6},"end":{"line":228,"column":68}},"652":{"start":{"line":228,"column":51},"end":{"line":228,"column":63}},"653":{"start":{"line":230,"column":4},"end":{"line":230,"column":39}},"654":{"start":{"line":232,"column":4},"end":{"line":232,"column":33}},"655":{"start":{"line":232,"column":26},"end":{"line":232,"column":33}},"656":{"start":{"line":233,"column":4},"end":{"line":233,"column":17}},"657":{"start":{"line":235,"column":19},"end":{"line":237,"column":1}},"658":{"start":{"line":236,"column":4},"end":{"line":236,"column":126}},"659":{"start":{"line":236,"column":21},"end":{"line":236,"column":126}},"660":{"start":{"line":236,"column":95},"end":{"line":236,"column":126}},"661":{"start":{"line":238,"column":0},"end":{"line":238,"column":64}},"662":{"start":{"line":239,"column":0},"end":{"line":239,"column":48}},"663":{"start":{"line":240,"column":0},"end":{"line":240,"column":48}},"664":{"start":{"line":241,"column":0},"end":{"line":241,"column":47}},"665":{"start":{"line":242,"column":0},"end":{"line":242,"column":48}},"666":{"start":{"line":251,"column":22},"end":{"line":261,"column":3}},"667":{"start":{"line":252,"column":4},"end":{"line":252,"column":33}},"668":{"start":{"line":252,"column":26},"end":{"line":252,"column":33}},"669":{"start":{"line":253,"column":15},"end":{"line":253,"column":52}},"670":{"start":{"line":254,"column":4},"end":{"line":256,"column":5}},"671":{"start":{"line":255,"column":6},"end":{"line":255,"column":68}},"672":{"start":{"line":255,"column":51},"end":{"line":255,"column":63}},"673":{"start":{"line":257,"column":4},"end":{"line":257,"column":39}},"674":{"start":{"line":259,"column":4},"end":{"line":259,"column":33}},"675":{"start":{"line":259,"column":26},"end":{"line":259,"column":33}},"676":{"start":{"line":260,"column":4},"end":{"line":260,"column":17}},"677":{"start":{"line":262,"column":25},"end":{"line":266,"column":2}},"678":{"start":{"line":263,"column":4},"end":{"line":263,"column":72}},"679":{"start":{"line":265,"column":4},"end":{"line":265,"column":21}},"680":{"start":{"line":267,"column":19},"end":{"line":273,"column":1}},"681":{"start":{"line":268,"column":4},"end":{"line":268,"column":42}},"682":{"start":{"line":268,"column":31},"end":{"line":268,"column":42}},"683":{"start":{"line":269,"column":17},"end":{"line":269,"column":19}},"684":{"start":{"line":270,"column":4},"end":{"line":270,"column":141}},"685":{"start":{"line":270,"column":21},"end":{"line":270,"column":141}},"686":{"start":{"line":270,"column":40},"end":{"line":270,"column":141}},"687":{"start":{"line":270,"column":109},"end":{"line":270,"column":141}},"688":{"start":{"line":271,"column":4},"end":{"line":271,"column":36}},"689":{"start":{"line":272,"column":4},"end":{"line":272,"column":18}},"690":{"start":{"line":274,"column":0},"end":{"line":274,"column":64}},"691":{"start":{"line":275,"column":0},"end":{"line":275,"column":96}},"692":{"start":{"line":276,"column":22},"end":{"line":276,"column":46}},"693":{"start":{"line":277,"column":16},"end":{"line":277,"column":54}},"694":{"start":{"line":278,"column":16},"end":{"line":278,"column":40}},"695":{"start":{"line":279,"column":16},"end":{"line":279,"column":40}},"696":{"start":{"line":280,"column":30},"end":{"line":280,"column":54}},"697":{"start":{"line":281,"column":16},"end":{"line":281,"column":40}},"698":{"start":{"line":282,"column":0},"end":{"line":282,"column":58}},"699":{"start":{"line":284,"column":4},"end":{"line":284,"column":56}},"700":{"start":{"line":286,"column":0},"end":{"line":286,"column":38}},"701":{"start":{"line":288,"column":22},"end":{"line":288,"column":169}},"702":{"start":{"line":289,"column":25},"end":{"line":289,"column":79}},"703":{"start":{"line":290,"column":4},"end":{"line":290,"column":60}},"704":{"start":{"line":291,"column":4},"end":{"line":291,"column":54}},"705":{"start":{"line":293,"column":0},"end":{"line":293,"column":30}},"706":{"start":{"line":295,"column":21},"end":{"line":295,"column":73}},"707":{"start":{"line":295,"column":52},"end":{"line":295,"column":72}},"708":{"start":{"line":296,"column":4},"end":{"line":296,"column":128}},"709":{"start":{"line":298,"column":0},"end":{"line":298,"column":36}},"710":{"start":{"line":307,"column":22},"end":{"line":317,"column":3}},"711":{"start":{"line":308,"column":4},"end":{"line":308,"column":33}},"712":{"start":{"line":308,"column":26},"end":{"line":308,"column":33}},"713":{"start":{"line":309,"column":15},"end":{"line":309,"column":52}},"714":{"start":{"line":310,"column":4},"end":{"line":312,"column":5}},"715":{"start":{"line":311,"column":6},"end":{"line":311,"column":68}},"716":{"start":{"line":311,"column":51},"end":{"line":311,"column":63}},"717":{"start":{"line":313,"column":4},"end":{"line":313,"column":39}},"718":{"start":{"line":315,"column":4},"end":{"line":315,"column":33}},"719":{"start":{"line":315,"column":26},"end":{"line":315,"column":33}},"720":{"start":{"line":316,"column":4},"end":{"line":316,"column":17}},"721":{"start":{"line":318,"column":25},"end":{"line":322,"column":2}},"722":{"start":{"line":319,"column":4},"end":{"line":319,"column":72}},"723":{"start":{"line":321,"column":4},"end":{"line":321,"column":21}},"724":{"start":{"line":323,"column":19},"end":{"line":329,"column":1}},"725":{"start":{"line":324,"column":4},"end":{"line":324,"column":42}},"726":{"start":{"line":324,"column":31},"end":{"line":324,"column":42}},"727":{"start":{"line":325,"column":17},"end":{"line":325,"column":19}},"728":{"start":{"line":326,"column":4},"end":{"line":326,"column":141}},"729":{"start":{"line":326,"column":21},"end":{"line":326,"column":141}},"730":{"start":{"line":326,"column":40},"end":{"line":326,"column":141}},"731":{"start":{"line":326,"column":109},"end":{"line":326,"column":141}},"732":{"start":{"line":327,"column":4},"end":{"line":327,"column":36}},"733":{"start":{"line":328,"column":4},"end":{"line":328,"column":18}},"734":{"start":{"line":330,"column":0},"end":{"line":330,"column":64}},"735":{"start":{"line":331,"column":0},"end":{"line":331,"column":104}},"736":{"start":{"line":332,"column":16},"end":{"line":332,"column":54}},"737":{"start":{"line":338,"column":4},"end":{"line":338,"column":40}},"738":{"start":{"line":340,"column":0},"end":{"line":340,"column":34}},"739":{"start":{"line":345,"column":4},"end":{"line":345,"column":41}},"740":{"start":{"line":345,"column":33},"end":{"line":345,"column":35}},"741":{"start":{"line":347,"column":0},"end":{"line":347,"column":36}},"742":{"start":{"line":353,"column":4},"end":{"line":366,"column":5}},"743":{"start":{"line":354,"column":8},"end":{"line":354,"column":26}},"744":{"start":{"line":357,"column":22},"end":{"line":357,"column":23}},"745":{"start":{"line":358,"column":22},"end":{"line":358,"column":39}},"746":{"start":{"line":359,"column":8},"end":{"line":365,"column":9}},"747":{"start":{"line":360,"column":34},"end":{"line":360,"column":111}},"748":{"start":{"line":360,"column":74},"end":{"line":360,"column":94}},"749":{"start":{"line":361,"column":12},"end":{"line":361,"column":33}},"750":{"start":{"line":364,"column":12},"end":{"line":364,"column":39}},"751":{"start":{"line":368,"column":0},"end":{"line":368,"column":44}},"752":{"start":{"line":373,"column":28},"end":{"line":373,"column":69}},"753":{"start":{"line":373,"column":60},"end":{"line":373,"column":65}},"754":{"start":{"line":374,"column":4},"end":{"line":374,"column":23}},"755":{"start":{"line":376,"column":0},"end":{"line":376,"column":40}},"756":{"start":{"line":385,"column":22},"end":{"line":395,"column":3}},"757":{"start":{"line":386,"column":4},"end":{"line":386,"column":33}},"758":{"start":{"line":386,"column":26},"end":{"line":386,"column":33}},"759":{"start":{"line":387,"column":15},"end":{"line":387,"column":52}},"760":{"start":{"line":388,"column":4},"end":{"line":390,"column":5}},"761":{"start":{"line":389,"column":6},"end":{"line":389,"column":68}},"762":{"start":{"line":389,"column":51},"end":{"line":389,"column":63}},"763":{"start":{"line":391,"column":4},"end":{"line":391,"column":39}},"764":{"start":{"line":393,"column":4},"end":{"line":393,"column":33}},"765":{"start":{"line":393,"column":26},"end":{"line":393,"column":33}},"766":{"start":{"line":394,"column":4},"end":{"line":394,"column":17}},"767":{"start":{"line":396,"column":19},"end":{"line":398,"column":1}},"768":{"start":{"line":397,"column":4},"end":{"line":397,"column":126}},"769":{"start":{"line":397,"column":21},"end":{"line":397,"column":126}},"770":{"start":{"line":397,"column":95},"end":{"line":397,"column":126}},"771":{"start":{"line":399,"column":0},"end":{"line":399,"column":64}},"772":{"start":{"line":400,"column":0},"end":{"line":400,"column":48}},"773":{"start":{"line":401,"column":0},"end":{"line":401,"column":48}},"774":{"start":{"line":402,"column":0},"end":{"line":402,"column":48}},"775":{"start":{"line":403,"column":0},"end":{"line":403,"column":48}},"776":{"start":{"line":404,"column":0},"end":{"line":404,"column":48}},"777":{"start":{"line":405,"column":0},"end":{"line":405,"column":48}},"778":{"start":{"line":414,"column":0},"end":{"line":414,"column":64}},"779":{"start":{"line":415,"column":0},"end":{"line":415,"column":59}},"780":{"start":{"line":416,"column":20},"end":{"line":416,"column":44}},"781":{"start":{"line":417,"column":16},"end":{"line":417,"column":40}},"782":{"start":{"line":418,"column":19},"end":{"line":418,"column":43}},"783":{"start":{"line":419,"column":16},"end":{"line":419,"column":40}},"784":{"start":{"line":422,"column":8},"end":{"line":422,"column":59}},"785":{"start":{"line":423,"column":8},"end":{"line":423,"column":29}},"786":{"start":{"line":424,"column":8},"end":{"line":424,"column":27}},"787":{"start":{"line":425,"column":8},"end":{"line":425,"column":32}},"788":{"start":{"line":426,"column":8},"end":{"line":426,"column":40}},"789":{"start":{"line":429,"column":30},"end":{"line":429,"column":97}},"790":{"start":{"line":430,"column":8},"end":{"line":430,"column":53}},"791":{"start":{"line":431,"column":8},"end":{"line":431,"column":29}},"792":{"start":{"line":434,"column":30},"end":{"line":434,"column":58}},"793":{"start":{"line":435,"column":8},"end":{"line":436,"column":19}},"794":{"start":{"line":436,"column":12},"end":{"line":436,"column":19}},"795":{"start":{"line":437,"column":8},"end":{"line":437,"column":37}},"796":{"start":{"line":438,"column":8},"end":{"line":438,"column":44}},"797":{"start":{"line":441,"column":8},"end":{"line":441,"column":73}},"798":{"start":{"line":441,"column":54},"end":{"line":441,"column":71}},"799":{"start":{"line":445,"column":8},"end":{"line":445,"column":43}},"800":{"start":{"line":446,"column":8},"end":{"line":446,"column":38}},"801":{"start":{"line":447,"column":8},"end":{"line":447,"column":25}},"802":{"start":{"line":450,"column":20},"end":{"line":450,"column":72}},"803":{"start":{"line":450,"column":55},"end":{"line":450,"column":71}},"804":{"start":{"line":451,"column":8},"end":{"line":451,"column":42}},"805":{"start":{"line":452,"column":8},"end":{"line":452,"column":40}},"806":{"start":{"line":455,"column":8},"end":{"line":455,"column":24}},"807":{"start":{"line":458,"column":8},"end":{"line":460,"column":9}},"808":{"start":{"line":459,"column":12},"end":{"line":459,"column":96}},"809":{"start":{"line":461,"column":28},"end":{"line":461,"column":51}},"810":{"start":{"line":462,"column":8},"end":{"line":462,"column":39}},"811":{"start":{"line":463,"column":8},"end":{"line":478,"column":9}},"812":{"start":{"line":465,"column":12},"end":{"line":474,"column":15}},"813":{"start":{"line":466,"column":16},"end":{"line":473,"column":19}},"814":{"start":{"line":467,"column":20},"end":{"line":467,"column":61}},"815":{"start":{"line":468,"column":38},"end":{"line":468,"column":57}},"816":{"start":{"line":469,"column":20},"end":{"line":472,"column":21}},"817":{"start":{"line":470,"column":24},"end":{"line":470,"column":48}},"818":{"start":{"line":471,"column":24},"end":{"line":471,"column":56}},"819":{"start":{"line":477,"column":12},"end":{"line":477,"column":44}},"820":{"start":{"line":481,"column":0},"end":{"line":481,"column":46}},"821":{"start":{"line":484,"column":8},"end":{"line":484,"column":27}},"822":{"start":{"line":485,"column":8},"end":{"line":485,"column":35}},"823":{"start":{"line":486,"column":8},"end":{"line":486,"column":21}},"824":{"start":{"line":487,"column":8},"end":{"line":487,"column":39}},"825":{"start":{"line":488,"column":8},"end":{"line":488,"column":33}},"826":{"start":{"line":489,"column":8},"end":{"line":489,"column":31}},"827":{"start":{"line":490,"column":8},"end":{"line":490,"column":35}},"828":{"start":{"line":491,"column":8},"end":{"line":494,"column":10}},"829":{"start":{"line":495,"column":8},"end":{"line":495,"column":92}},"830":{"start":{"line":495,"column":56},"end":{"line":495,"column":91}},"831":{"start":{"line":496,"column":8},"end":{"line":496,"column":48}},"832":{"start":{"line":499,"column":25},"end":{"line":502,"column":9}},"833":{"start":{"line":503,"column":8},"end":{"line":505,"column":11}},"834":{"start":{"line":504,"column":12},"end":{"line":504,"column":58}},"835":{"start":{"line":506,"column":8},"end":{"line":506,"column":37}},"836":{"start":{"line":507,"column":8},"end":{"line":507,"column":24}},"837":{"start":{"line":510,"column":8},"end":{"line":510,"column":73}},"838":{"start":{"line":513,"column":8},"end":{"line":513,"column":30}},"839":{"start":{"line":516,"column":8},"end":{"line":516,"column":41}},"840":{"start":{"line":519,"column":8},"end":{"line":519,"column":32}},"841":{"start":{"line":520,"column":8},"end":{"line":520,"column":31}},"842":{"start":{"line":524,"column":29},"end":{"line":524,"column":46}},"843":{"start":{"line":525,"column":36},"end":{"line":525,"column":77}},"844":{"start":{"line":526,"column":29},"end":{"line":526,"column":34}},"845":{"start":{"line":527,"column":8},"end":{"line":532,"column":9}},"846":{"start":{"line":528,"column":12},"end":{"line":531,"column":13}},"847":{"start":{"line":529,"column":16},"end":{"line":529,"column":38}},"848":{"start":{"line":530,"column":16},"end":{"line":530,"column":22}},"849":{"start":{"line":533,"column":8},"end":{"line":534,"column":25}},"850":{"start":{"line":534,"column":12},"end":{"line":534,"column":25}},"851":{"start":{"line":535,"column":28},"end":{"line":535,"column":47}},"852":{"start":{"line":536,"column":8},"end":{"line":539,"column":9}},"853":{"start":{"line":538,"column":12},"end":{"line":538,"column":25}},"854":{"start":{"line":540,"column":8},"end":{"line":542,"column":9}},"855":{"start":{"line":541,"column":12},"end":{"line":541,"column":24}},"856":{"start":{"line":543,"column":8},"end":{"line":543,"column":21}},"857":{"start":{"line":546,"column":8},"end":{"line":548,"column":9}},"858":{"start":{"line":547,"column":12},"end":{"line":547,"column":93}},"859":{"start":{"line":549,"column":8},"end":{"line":549,"column":51}},"860":{"start":{"line":552,"column":8},"end":{"line":552,"column":58}},"861":{"start":{"line":555,"column":0},"end":{"line":555,"column":38}},"862":{"start":{"line":564,"column":0},"end":{"line":564,"column":64}},"863":{"start":{"line":565,"column":0},"end":{"line":565,"column":54}},"864":{"start":{"line":566,"column":16},"end":{"line":566,"column":40}},"865":{"start":{"line":567,"column":16},"end":{"line":567,"column":40}},"866":{"start":{"line":568,"column":28},"end":{"line":568,"column":52}},"867":{"start":{"line":569,"column":16},"end":{"line":569,"column":40}},"868":{"start":{"line":570,"column":16},"end":{"line":570,"column":40}},"869":{"start":{"line":571,"column":30},"end":{"line":571,"column":54}},"870":{"start":{"line":573,"column":24},"end":{"line":573,"column":53}},"871":{"start":{"line":574,"column":62},"end":{"line":607,"column":6}},"872":{"start":{"line":575,"column":25},"end":{"line":575,"column":74}},"873":{"start":{"line":576,"column":27},"end":{"line":576,"column":90}},"874":{"start":{"line":577,"column":22},"end":{"line":577,"column":59}},"875":{"start":{"line":578,"column":30},"end":{"line":578,"column":61}},"876":{"start":{"line":579,"column":28},"end":{"line":579,"column":76}},"877":{"start":{"line":580,"column":25},"end":{"line":580,"column":62}},"878":{"start":{"line":581,"column":33},"end":{"line":581,"column":73}},"879":{"start":{"line":582,"column":8},"end":{"line":584,"column":9}},"880":{"start":{"line":583,"column":12},"end":{"line":583,"column":64}},"881":{"start":{"line":585,"column":26},"end":{"line":585,"column":92}},"882":{"start":{"line":587,"column":32},"end":{"line":587,"column":115}},"883":{"start":{"line":587,"column":68},"end":{"line":587,"column":101}},"884":{"start":{"line":588,"column":12},"end":{"line":588,"column":68}},"885":{"start":{"line":589,"column":12},"end":{"line":589,"column":69}},"886":{"start":{"line":590,"column":27},"end":{"line":590,"column":49}},"887":{"start":{"line":591,"column":12},"end":{"line":591,"column":50}},"888":{"start":{"line":592,"column":12},"end":{"line":592,"column":26}},"889":{"start":{"line":594,"column":8},"end":{"line":598,"column":11}},"890":{"start":{"line":597,"column":28},"end":{"line":597,"column":34}},"891":{"start":{"line":599,"column":8},"end":{"line":603,"column":11}},"892":{"start":{"line":602,"column":28},"end":{"line":602,"column":37}},"893":{"start":{"line":604,"column":8},"end":{"line":606,"column":10}},"894":{"start":{"line":608,"column":4},"end":{"line":610,"column":7}},"895":{"start":{"line":609,"column":8},"end":{"line":609,"column":49}},"896":{"start":{"line":611,"column":4},"end":{"line":627,"column":11}},"897":{"start":{"line":612,"column":26},"end":{"line":612,"column":45}},"898":{"start":{"line":613,"column":8},"end":{"line":614,"column":19}},"899":{"start":{"line":614,"column":12},"end":{"line":614,"column":19}},"900":{"start":{"line":615,"column":8},"end":{"line":615,"column":33}},"901":{"start":{"line":616,"column":26},"end":{"line":623,"column":10}},"902":{"start":{"line":617,"column":12},"end":{"line":618,"column":23}},"903":{"start":{"line":618,"column":16},"end":{"line":618,"column":23}},"904":{"start":{"line":619,"column":33},"end":{"line":619,"column":66}},"905":{"start":{"line":620,"column":12},"end":{"line":622,"column":13}},"906":{"start":{"line":621,"column":16},"end":{"line":621,"column":47}},"907":{"start":{"line":624,"column":8},"end":{"line":626,"column":10}},"908":{"start":{"line":625,"column":12},"end":{"line":625,"column":48}},"909":{"start":{"line":628,"column":4},"end":{"line":630,"column":11}},"910":{"start":{"line":629,"column":8},"end":{"line":629,"column":31}},"911":{"start":{"line":631,"column":4},"end":{"line":631,"column":37}},"912":{"start":{"line":633,"column":0},"end":{"line":633,"column":44}},"913":{"start":{"line":635,"column":19},"end":{"line":635,"column":93}},"914":{"start":{"line":636,"column":4},"end":{"line":636,"column":36}},"915":{"start":{"line":638,"column":0},"end":{"line":638,"column":30}},"916":{"start":{"line":647,"column":0},"end":{"line":647,"column":64}},"917":{"start":{"line":648,"column":0},"end":{"line":648,"column":35}},"918":{"start":{"line":649,"column":16},"end":{"line":649,"column":40}},"919":{"start":{"line":650,"column":16},"end":{"line":650,"column":40}},"920":{"start":{"line":651,"column":23},"end":{"line":651,"column":47}},"921":{"start":{"line":652,"column":16},"end":{"line":652,"column":40}},"922":{"start":{"line":654,"column":44},"end":{"line":654,"column":79}},"923":{"start":{"line":655,"column":93},"end":{"line":691,"column":6}},"924":{"start":{"line":657,"column":25},"end":{"line":657,"column":87}},"925":{"start":{"line":658,"column":22},"end":{"line":658,"column":57}},"926":{"start":{"line":659,"column":37},"end":{"line":659,"column":48}},"927":{"start":{"line":661,"column":21},"end":{"line":661,"column":26}},"928":{"start":{"line":662,"column":24},"end":{"line":662,"column":29}},"929":{"start":{"line":663,"column":8},"end":{"line":678,"column":9}},"930":{"start":{"line":664,"column":12},"end":{"line":664,"column":49}},"931":{"start":{"line":665,"column":12},"end":{"line":665,"column":26}},"932":{"start":{"line":666,"column":29},"end":{"line":666,"column":64}},"933":{"start":{"line":667,"column":12},"end":{"line":667,"column":39}},"934":{"start":{"line":668,"column":36},"end":{"line":668,"column":77}},"935":{"start":{"line":669,"column":29},"end":{"line":669,"column":71}},"936":{"start":{"line":672,"column":12},"end":{"line":672,"column":106}},"937":{"start":{"line":673,"column":29},"end":{"line":673,"column":133}},"938":{"start":{"line":674,"column":12},"end":{"line":674,"column":63}},"939":{"start":{"line":675,"column":12},"end":{"line":675,"column":47}},"940":{"start":{"line":676,"column":12},"end":{"line":677,"column":30}},"941":{"start":{"line":677,"column":16},"end":{"line":677,"column":30}},"942":{"start":{"line":679,"column":25},"end":{"line":679,"column":58}},"943":{"start":{"line":680,"column":25},"end":{"line":680,"column":50}},"944":{"start":{"line":681,"column":8},"end":{"line":690,"column":10}},"945":{"start":{"line":692,"column":4},"end":{"line":692,"column":46}},"946":{"start":{"line":693,"column":4},"end":{"line":695,"column":7}},"947":{"start":{"line":694,"column":8},"end":{"line":694,"column":55}},"948":{"start":{"line":697,"column":4},"end":{"line":706,"column":7}},"949":{"start":{"line":698,"column":8},"end":{"line":699,"column":19}},"950":{"start":{"line":699,"column":12},"end":{"line":699,"column":19}},"951":{"start":{"line":700,"column":8},"end":{"line":705,"column":9}},"952":{"start":{"line":701,"column":12},"end":{"line":701,"column":28}},"953":{"start":{"line":704,"column":12},"end":{"line":704,"column":41}},"954":{"start":{"line":707,"column":4},"end":{"line":707,"column":20}},"955":{"start":{"line":709,"column":0},"end":{"line":709,"column":46}},"956":{"start":{"line":720,"column":0},"end":{"line":720,"column":64}},"957":{"start":{"line":729,"column":22},"end":{"line":739,"column":3}},"958":{"start":{"line":730,"column":4},"end":{"line":730,"column":33}},"959":{"start":{"line":730,"column":26},"end":{"line":730,"column":33}},"960":{"start":{"line":731,"column":15},"end":{"line":731,"column":52}},"961":{"start":{"line":732,"column":4},"end":{"line":734,"column":5}},"962":{"start":{"line":733,"column":6},"end":{"line":733,"column":68}},"963":{"start":{"line":733,"column":51},"end":{"line":733,"column":63}},"964":{"start":{"line":735,"column":4},"end":{"line":735,"column":39}},"965":{"start":{"line":737,"column":4},"end":{"line":737,"column":33}},"966":{"start":{"line":737,"column":26},"end":{"line":737,"column":33}},"967":{"start":{"line":738,"column":4},"end":{"line":738,"column":17}},"968":{"start":{"line":740,"column":19},"end":{"line":742,"column":1}},"969":{"start":{"line":741,"column":4},"end":{"line":741,"column":126}},"970":{"start":{"line":741,"column":21},"end":{"line":741,"column":126}},"971":{"start":{"line":741,"column":95},"end":{"line":741,"column":126}},"972":{"start":{"line":743,"column":0},"end":{"line":743,"column":64}},"973":{"start":{"line":744,"column":0},"end":{"line":744,"column":48}},"974":{"start":{"line":745,"column":0},"end":{"line":745,"column":48}},"975":{"start":{"line":746,"column":0},"end":{"line":746,"column":48}},"976":{"start":{"line":747,"column":0},"end":{"line":747,"column":48}},"977":{"start":{"line":748,"column":0},"end":{"line":748,"column":48}},"978":{"start":{"line":749,"column":0},"end":{"line":749,"column":48}},"979":{"start":{"line":758,"column":0},"end":{"line":758,"column":64}},"980":{"start":{"line":759,"column":0},"end":{"line":759,"column":144}},"981":{"start":{"line":760,"column":16},"end":{"line":760,"column":40}},"982":{"start":{"line":761,"column":16},"end":{"line":761,"column":40}},"983":{"start":{"line":764,"column":8},"end":{"line":764,"column":33}},"984":{"start":{"line":765,"column":8},"end":{"line":765,"column":44}},"985":{"start":{"line":766,"column":8},"end":{"line":766,"column":43}},"986":{"start":{"line":767,"column":8},"end":{"line":767,"column":31}},"987":{"start":{"line":768,"column":8},"end":{"line":768,"column":33}},"988":{"start":{"line":769,"column":8},"end":{"line":769,"column":40}},"989":{"start":{"line":772,"column":8},"end":{"line":772,"column":47}},"990":{"start":{"line":787,"column":8},"end":{"line":787,"column":41}},"991":{"start":{"line":788,"column":25},"end":{"line":788,"column":45}},"992":{"start":{"line":789,"column":8},"end":{"line":791,"column":9}},"993":{"start":{"line":790,"column":12},"end":{"line":790,"column":86}},"994":{"start":{"line":804,"column":8},"end":{"line":804,"column":38}},"995":{"start":{"line":807,"column":30},"end":{"line":807,"column":98}},"996":{"start":{"line":808,"column":8},"end":{"line":813,"column":9}},"997":{"start":{"line":809,"column":12},"end":{"line":812,"column":15}},"998":{"start":{"line":814,"column":8},"end":{"line":814,"column":29}},"999":{"start":{"line":817,"column":8},"end":{"line":817,"column":32}},"1000":{"start":{"line":820,"column":0},"end":{"line":820,"column":28}},"1001":{"start":{"line":822,"column":21},"end":{"line":822,"column":54}},"1002":{"start":{"line":823,"column":4},"end":{"line":825,"column":5}},"1003":{"start":{"line":824,"column":8},"end":{"line":824,"column":156}},"1004":{"start":{"line":826,"column":21},"end":{"line":826,"column":43}},"1005":{"start":{"line":827,"column":4},"end":{"line":827,"column":46}},"1006":{"start":{"line":828,"column":4},"end":{"line":828,"column":20}},"1007":{"start":{"line":829,"column":18},"end":{"line":829,"column":41}},"1008":{"start":{"line":830,"column":24},"end":{"line":830,"column":60}},"1009":{"start":{"line":831,"column":26},"end":{"line":835,"column":6}},"1010":{"start":{"line":833,"column":12},"end":{"line":833,"column":61}},"1011":{"start":{"line":836,"column":4},"end":{"line":836,"column":25}},"1012":{"start":{"line":838,"column":0},"end":{"line":838,"column":40}},"1013":{"start":{"line":840,"column":0},"end":{"line":840,"column":54}},"1014":{"start":{"line":848,"column":21},"end":{"line":848,"column":37}},"1015":{"start":{"line":849,"column":19},"end":{"line":849,"column":54}},"1016":{"start":{"line":850,"column":4},"end":{"line":850,"column":18}},"1017":{"start":{"line":852,"column":0},"end":{"line":852,"column":24}},"1018":{"start":{"line":854,"column":4},"end":{"line":854,"column":42}},"1019":{"start":{"line":856,"column":0},"end":{"line":856,"column":34}},"1020":{"start":{"line":858,"column":4},"end":{"line":858,"column":45}},"1021":{"start":{"line":860,"column":0},"end":{"line":860,"column":40}},"1022":{"start":{"line":869,"column":0},"end":{"line":869,"column":64}},"1023":{"start":{"line":878,"column":0},"end":{"line":878,"column":64}},"1024":{"start":{"line":879,"column":0},"end":{"line":879,"column":117}},"1025":{"start":{"line":880,"column":21},"end":{"line":880,"column":45}},"1026":{"start":{"line":881,"column":26},"end":{"line":881,"column":49}},"1027":{"start":{"line":882,"column":16},"end":{"line":882,"column":40}},"1028":{"start":{"line":885,"column":8},"end":{"line":885,"column":27}},"1029":{"start":{"line":886,"column":8},"end":{"line":886,"column":31}},"1030":{"start":{"line":887,"column":8},"end":{"line":887,"column":25}},"1031":{"start":{"line":888,"column":8},"end":{"line":888,"column":31}},"1032":{"start":{"line":889,"column":8},"end":{"line":889,"column":29}},"1033":{"start":{"line":890,"column":8},"end":{"line":890,"column":27}},"1034":{"start":{"line":891,"column":8},"end":{"line":891,"column":28}},"1035":{"start":{"line":892,"column":8},"end":{"line":892,"column":30}},"1036":{"start":{"line":893,"column":8},"end":{"line":893,"column":33}},"1037":{"start":{"line":896,"column":8},"end":{"line":896,"column":40}},"1038":{"start":{"line":897,"column":8},"end":{"line":897,"column":41}},"1039":{"start":{"line":898,"column":8},"end":{"line":898,"column":29}},"1040":{"start":{"line":899,"column":8},"end":{"line":899,"column":30}},"1041":{"start":{"line":900,"column":8},"end":{"line":900,"column":83}},"1042":{"start":{"line":900,"column":52},"end":{"line":900,"column":79}},"1043":{"start":{"line":901,"column":8},"end":{"line":901,"column":31}},"1044":{"start":{"line":902,"column":8},"end":{"line":902,"column":31}},"1045":{"start":{"line":903,"column":8},"end":{"line":903,"column":59}},"1046":{"start":{"line":904,"column":8},"end":{"line":905,"column":74}},"1047":{"start":{"line":905,"column":12},"end":{"line":905,"column":74}},"1048":{"start":{"line":906,"column":8},"end":{"line":906,"column":81}},"1049":{"start":{"line":908,"column":8},"end":{"line":908,"column":78}},"1050":{"start":{"line":909,"column":8},"end":{"line":917,"column":9}},"1051":{"start":{"line":910,"column":12},"end":{"line":913,"column":13}},"1052":{"start":{"line":911,"column":16},"end":{"line":911,"column":62}},"1053":{"start":{"line":911,"column":41},"end":{"line":911,"column":61}},"1054":{"start":{"line":912,"column":16},"end":{"line":912,"column":23}},"1055":{"start":{"line":915,"column":12},"end":{"line":915,"column":52}},"1056":{"start":{"line":915,"column":35},"end":{"line":915,"column":51}},"1057":{"start":{"line":916,"column":12},"end":{"line":916,"column":19}},"1058":{"start":{"line":919,"column":8},"end":{"line":922,"column":9}},"1059":{"start":{"line":920,"column":12},"end":{"line":920,"column":41}},"1060":{"start":{"line":920,"column":33},"end":{"line":920,"column":40}},"1061":{"start":{"line":921,"column":12},"end":{"line":921,"column":19}},"1062":{"start":{"line":923,"column":8},"end":{"line":923,"column":67}},"1063":{"start":{"line":926,"column":25},"end":{"line":926,"column":43}},"1064":{"start":{"line":927,"column":8},"end":{"line":927,"column":33}},"1065":{"start":{"line":928,"column":8},"end":{"line":928,"column":31}},"1066":{"start":{"line":929,"column":8},"end":{"line":929,"column":47}},"1067":{"start":{"line":930,"column":8},"end":{"line":930,"column":24}},"1068":{"start":{"line":933,"column":8},"end":{"line":936,"column":11}},"1069":{"start":{"line":934,"column":40},"end":{"line":934,"column":98}},"1070":{"start":{"line":935,"column":12},"end":{"line":935,"column":46}},"1071":{"start":{"line":937,"column":8},"end":{"line":943,"column":9}},"1072":{"start":{"line":938,"column":29},"end":{"line":938,"column":42}},"1073":{"start":{"line":939,"column":29},"end":{"line":939,"column":33}},"1074":{"start":{"line":940,"column":12},"end":{"line":940,"column":55}},"1075":{"start":{"line":941,"column":12},"end":{"line":941,"column":45}},"1076":{"start":{"line":942,"column":12},"end":{"line":942,"column":54}},"1077":{"start":{"line":944,"column":8},"end":{"line":944,"column":29}},"1078":{"start":{"line":953,"column":8},"end":{"line":953,"column":47}},"1079":{"start":{"line":986,"column":8},"end":{"line":986,"column":41}},"1080":{"start":{"line":989,"column":8},"end":{"line":989,"column":41}},"1081":{"start":{"line":990,"column":8},"end":{"line":990,"column":20}},"1082":{"start":{"line":994,"column":8},"end":{"line":994,"column":31}},"1083":{"start":{"line":996,"column":8},"end":{"line":996,"column":32}},"1084":{"start":{"line":1000,"column":25},"end":{"line":1000,"column":38}},"1085":{"start":{"line":1001,"column":8},"end":{"line":1002,"column":19}},"1086":{"start":{"line":1002,"column":12},"end":{"line":1002,"column":19}},"1087":{"start":{"line":1004,"column":8},"end":{"line":1004,"column":47}},"1088":{"start":{"line":1005,"column":8},"end":{"line":1005,"column":29}},"1089":{"start":{"line":1007,"column":8},"end":{"line":1007,"column":81}},"1090":{"start":{"line":1008,"column":8},"end":{"line":1008,"column":31}},"1091":{"start":{"line":1009,"column":8},"end":{"line":1009,"column":32}},"1092":{"start":{"line":1010,"column":8},"end":{"line":1010,"column":29}},"1093":{"start":{"line":1011,"column":8},"end":{"line":1011,"column":30}},"1094":{"start":{"line":1064,"column":8},"end":{"line":1064,"column":53}},"1095":{"start":{"line":1067,"column":8},"end":{"line":1068,"column":60}},"1096":{"start":{"line":
[...]
:9,"1430":0,"1431":10,"1432":10,"1433":10,"1434":10,"1435":10,"1436":10,"1437":4,"1438":4,"1439":3,"1440":4,"1441":105,"1442":14,"1443":91,"1444":91,"1445":91,"1446":36,"1447":91,"1448":0,"1449":111,"1450":12,"1451":6,"1452":6,"1453":120,"1454":120,"1455":120,"1456":120,"1457":24,"1458":24,"1459":120,"1460":0,"1461":0,"1462":0,"1463":6,"1464":24,"1465":120,"1466":120,"1467":6,"1468":6,"1469":6,"1470":6,"1471":6,"1472":6,"1473":6,"1474":6,"1475":6,"1476":4,"1477":1,"1478":3,"1479":0,"1480":3,"1481":4,"1482":4,"1483":4,"1484":4,"1485":0,"1486":0,"1487":0,"1488":0,"1489":0,"1490":0,"1491":0,"1492":0,"1493":4,"1494":4,"1495":10,"1496":1,"1497":1,"1498":9,"1499":9,"1500":6,"1501":3,"1502":3,"1503":3,"1504":0,"1505":4,"1506":10,"1507":1,"1508":9,"1509":0,"1510":9,"1511":9,"1512":6,"1513":3,"1514":4,"1515":6,"1516":4,"1517":4,"1518":1,"1519":4,"1520":3,"1521":6,"1522":0,"1523":6,"1524":6,"1525":1,"1526":5,"1527":4,"1528":6,"1529":6,"1530":6,"1531":6,"1532":6,"1533":14,"1534":14,"1535":14,"1536":57,"1537":28,"1538":29,"1539":1,"1540":28,"1541":28,"1542":5,"1543":5,"1544":5,"1545":5,"1546":5,"1547":5,"1548":3,"1549":3,"1550":20,"1551":20,"1552":3,"1553":5,"1554":5,"1555":5,"1556":0,"1557":14,"1558":57,"1559":5,"1560":52,"1561":28,"1562":24,"1563":1,"1564":0,"1565":1,"1566":23,"1567":14,"1568":8,"1569":14,"1570":9,"1571":9,"1572":14,"1573":6,"1574":0,"1575":0,"1576":0,"1577":0,"1578":0,"1579":0,"1580":0,"1581":0,"1582":0,"1583":0,"1584":0,"1585":0,"1586":0,"1587":0,"1588":0,"1589":0,"1590":0,"1591":0,"1592":0,"1593":0,"1594":0,"1595":0,"1596":0,"1597":0,"1598":0,"1599":0,"1600":0,"1601":0,"1602":0,"1603":0,"1604":0,"1605":0,"1606":0,"1607":0,"1608":0,"1609":0,"1610":0,"1611":0,"1612":0,"1613":0,"1614":6,"1615":6,"1616":6,"1617":6,"1618":6,"1619":5,"1620":5,"1621":5,"1622":8,"1623":8,"1624":5,"1625":13,"1626":48,"1627":5,"1628":19,"1629":16,"1630":5,"1631":2,"1632":8,"1633":5,"1634":0,"1635":0,"1636":5,"1637":6,"1638":6,"1639":96,"1640":96,"1641":96,"1642":96,"1643":96,"1644":19,"1645":96,"1646":0,"1647":0,"1648":0,"1649":6,"1650":42,"1651":108,"1652":96,"1653":6,"1654":6,"1655":6,"1656":6,"1657":6,"1658":6,"1659":6,"1660":6,"1661":6,"1662":6,"1663":6,"1664":11,"1665":11,"1666":11,"1667":6,"1668":6,"1669":6,"1670":6,"1671":6,"1672":12,"1673":12,"1674":0,"1675":4,"1676":4,"1677":4,"1678":4,"1679":2,"1680":8,"1681":2,"1682":4,"1683":6,"1684":4,"1685":0,"1686":6,"1687":4,"1688":6,"1689":6,"1690":6,"1691":6,"1692":6,"1693":6,"1694":6,"1695":6,"1696":6,"1697":1,"1698":2,"1699":2,"1700":0,"1701":0,"1702":8,"1703":6,"1704":1,"1705":1,"1706":1,"1707":5,"1708":1,"1709":1,"1710":1,"1711":1,"1712":1,"1713":1,"1714":1,"1715":1,"1716":1,"1717":1,"1718":0,"1719":0,"1720":1,"1721":1,"1722":1,"1723":1,"1724":1,"1725":1,"1726":0,"1727":1,"1728":2,"1729":2,"1730":0,"1731":2,"1732":2,"1733":1,"1734":1,"1735":1,"1736":2,"1737":2,"1738":2,"1739":2,"1740":2,"1741":0,"1742":2,"1743":2,"1744":2,"1745":0,"1746":0,"1747":0,"1748":0,"1749":0,"1750":0,"1751":0,"1752":0,"1753":0,"1754":20,"1755":20,"1756":20,"1757":8,"1758":0,"1759":8,"1760":8,"1761":0,"1762":1,"1763":0,"1764":1,"1765":1,"1766":1,"1767":1,"1768":0,"1769":0,"1770":1,"1771":6,"1772":1,"1773":6,"1774":1,"1775":0,"1776":0,"1777":0,"1778":0,"1779":1,"1780":1,"1781":1,"1782":0,"1783":0,"1784":6,"1785":6,"1786":6,"1787":6,"1788":6,"1789":6,"1790":6,"1791":6,"1792":6,"1793":4,"1794":6,"1795":4,"1796":4,"1797":4,"1798":4,"1799":4,"1800":4,"1801":4,"1802":4,"1803":12,"1804":2,"1805":4,"1806":3,"1807":4,"1808":4,"1809":0,"1810":4,"1811":4,"1812":4,"1813":4,"1814":0,"1815":0,"1816":0,"1817":0,"1818":4,"1819":4,"1820":4,"1821":4,"1822":0,"1823":4,"1824":4,"1825":0,"1826":7,"1827":3,"1828":6,"1829":0,"1830":0,"1831":0,"1832":6,"1833":6,"1834":6,"1835":6,"1836":6,"1837":6,"1838":6,"1839":1,"1840":1,"1841":1,"1842":1,"1843":1,"1844":1,"1845":1,"1846":1,"1847":0,"1848":1,"1849":1,"1850":1,"1851":4,"1852":4,"1853":4,"1854":3,"1855":1,"1856":1,"1857":6,"1858":1,"1859":6,"1860":6,"1861":54,"1862":54,"1863":54,"1864":54,"1865":54,"1866":79,"1867":54,"1868":0,"1869":0,"1870":0,"1871":6,"1872":18,"1873":54,"1874":54,"1875":6,"1876":6,"1877":6,"1878":6,"1879":6,"1880":6,"1881":6,"1882":48,"1883":11,"1884":37,"1885":0,"1886":37,"1887":0,"1888":37,"1889":18,"1890":18,"1891":0,"1892":18,"1893":26,"1894":18,"1895":0,"1896":19,"1897":6,"1898":22,"1899":6,"1900":0,"1901":0,"1902":0,"1903":0,"1904":0,"1905":0,"1906":0,"1907":0,"1908":0,"1909":0,"1910":6,"1911":6,"1912":6,"1913":6,"1914":0,"1915":0,"1916":0,"1917":0,"1918":0,"1919":6,"1920":0,"1921":0,"1922":0,"1923":0,"1924":6,"1925":6,"1926":6,"1927":6,"1928":60,"1929":60,"1930":60,"1931":38,"1932":22,"1933":44,"1934":44,"1935":60,"1936":60,"1937":82,"1938":82,"1939":200,"1940":22,"1941":178,"1942":178,"1943":178,"1944":0,"1945":178,"1946":178,"1947":0,"1948":6,"1949":0,"1950":0,"1951":0,"1952":0,"1953":6,"1954":0,"1955":0,"1956":0,"1957":0,"1958":6,"1959":0,"1960":0,"1961":6,"1962":6,"1963":6,"1964":6,"1965":6,"1966":85,"1967":6,"1968":85,"1969":129,"1970":18,"1971":15,"1972":15,"1973":1,"1974":1,"1975":6,"1976":576,"1977":576,"1978":348,"1979":228,"1980":228,"1981":228,"1982":6,"1983":6,"1984":12,"1985":138,"1986":138,"1987":6,"1988":6,"1989":276,"1990":6,"1991":6,"1992":12,"1993":12,"1994":12,"1995":6,"1996":6},"f":{"0":6,"1":6,"2":6,"3":6,"4":14,"5":0,"6":0,"7":0,"8":0,"9":0,"10":0,"11":0,"12":0,"13":0,"14":0,"15":0,"16":0,"17":0,"18":0,"19":0,"20":0,"21":0,"22":0,"23":0,"24":0,"25":0,"26":0,"27":0,"28":67,"29":81,"30":74,"31":0,"32":28,"33":103,"34":5,"35":50,"36":0,"37":0,"38":0,"39":10,"40":88,"41":88,"42":24,"43":10,"44":30,"45":9,"46":0,"47":59,"48":0,"49":0,"50":28,"51":14,"52":14,"53":28,"54":14,"55":14,"56":14,"57":21,"58":20,"59":25,"60":45,"61":21,"62":10,"63":14,"64":10,"65":10,"66":14,"67":14,"68":0,"69":0,"70":0,"71":0,"72":0,"73":0,"74":0,"75":0,"76":0,"77":0,"78":0,"79":0,"80":0,"81":0,"82":0,"83":0,"84":0,"85":0,"86":0,"87":0,"88":0,"89":0,"90":0,"91":0,"92":0,"93":0,"94":0,"95":0,"96":0,"97":0,"98":0,"99":0,"100":0,"101":0,"102":0,"103":0,"104":0,"105":0,"106":0,"107":0,"108":0,"109":0,"110":0,"111":0,"112":0,"113":0,"114":0,"115":0,"116":0,"117":0,"118":0,"119":0,"120":0,"121":0,"122":0,"123":0,"124":0,"125":0,"126":0,"127":0,"128":0,"129":0,"130":0,"131":0,"132":0,"133":0,"134":0,"135":0,"136":0,"137":0,"138":0,"139":0,"140":0,"141":0,"142":0,"143":0,"144":0,"145":0,"146":0,"147":0,"148":0,"149":0,"150":0,"151":0,"152":0,"153":0,"154":0,"155":0,"156":0,"157":28,"158":0,"159":0,"160":0,"161":14,"162":0,"163":0,"164":0,"165":0,"166":0,"167":54,"168":0,"169":0,"170":0,"171":6,"172":6,"173":14,"174":0,"175":0,"176":0,"177":0,"178":0,"179":0,"180":0,"181":0,"182":0,"183":0,"184":0,"185":0,"186":0,"187":0,"188":0,"189":6,"190":211,"191":115,"192":6,"193":0,"194":6,"195":60,"196":120,"197":0,"198":6,"199":10,"200":6,"201":6,"202":384,"203":0,"204":0,"205":24,"206":6,"207":168,"208":23,"209":0,"210":6,"211":0,"212":6,"213":23,"214":10,"215":10,"216":10,"217":6,"218":168,"219":102,"220":0,"221":6,"222":0,"223":6,"224":56,"225":46,"226":28,"227":14,"228":141,"229":23,"230":12,"231":6,"232":78,"233":32,"234":0,"235":36,"236":6,"237":10,"238":14,"239":14,"240":10,"241":10,"242":3,"243":3,"244":3,"245":10,"246":10,"247":10,"248":10,"249":14,"250":0,"251":12,"252":12,"253":10,"254":14,"255":18,"256":14,"257":10,"258":10,"259":0,"260":6,"261":23,"262":14,"263":1,"264":1,"265":1,"266":0,"267":14,"268":14,"269":10,"270":3,"271":14,"272":23,"273":6,"274":23,"275":14,"276":23,"277":14,"278":6,"279":6,"280":132,"281":425,"282":0,"283":36,"284":6,"285":0,"286":0,"287":0,"288":0,"289":0,"290":0,"291":0,"292":0,"293":0,"294":0,"295":15,"296":0,"297":31,"298":6,"299":6,"300":43,"301":43,"302":40,"303":3,"304":0,"305":43,"306":33,"307":11,"308":0,"309":14,"310":1,"311":23,"312":23,"313":0,"314":12,"315":1,"316":11,"317":43,"318":26,"319":28,"320":26,"321":6,"322":32,"323":32,"324":20,"325":43,"326":312,"327":175,"328":0,"329":71,"330":10,"331":56,"332":0,"333":43,"334":43,"335":22,"336":2,"337":0,"338":0,"339":12,"340":0,"341":14,"342":0,"343":0,"344":163,"345":0,"346":31,"347":6,"348":157,"349":0,"350":0,"351":0,"352":26,"353":111,"354":293,"355":9,"356":9,"357":47,"358":6,"359":29,"360":89,"361":183,"362":1,"363":4,"364":89,"365":12,"366":32,"367":0,"368":5,"369":32,"370":5,"371":24,"372":6,"373":6,"374":10,"375":4,"376":10,"377":0,"378":0,"379":12,"380":24,"381":22,"382":0,"383":0,"384":4,"385":9,"386":72,"387":13,"388":1,"389":8,"390":0,"391":0,"392":0,"393":9,"394":4,"395":14,"396":4,"397":4,"398":25,"399":10,"400":11,"401":10,"402":4,"403":3,"404":105,"405":0,"406":111,"407":12,"408":6,"409":120,"410":24,"411":0,"412":24,"413":6,"414":4,"415":0,"416":10,"417":10,"418":4,"419":4,"420":6,"421":6,"422":14,"423":57,"424":20,"425":0,"426":57,"427":0,"428":8,"429":9,"430":0,"431":0,"432":0,"433":0,"434":0,"435":0,"436":0,"437":0,"438":0,"439":6,"440":5,"441":8,"442":13,"443":48,"444":19,"445":16,"446":2,"447":8,"448":0,"449":0,"450":6,"451":96,"452":19,"453":0,"454":42,"455":6,"456":11,"457":6,"458":4,"459":12,"460":4,"461":2,"462":8,"463":2,"464":4,"465":0,"466":4,"467":6,"468":1,"469":2,"470":0,"471":8,"472":1,"473":5,"474":0,"475":0,"476":0,"477":1,"478":0,"479":0,"480":1,"481":2,"482":2,"483":0,"484":20,"485":8,"486":1,"487":1,"488":0,"489":0,"490":1,"491":1,"492":1,"493":6,"494":4,"495":4,"496":12,"497":2,"498":3,"499":4,"500":0,"501":0,"502":4,"503":0,"504":4,"505":0,"506":7,"507":3,"508":0,"509":0,"510":6,"511":1,"512":1,"513":4,"514":1,"515":1,"516":6,"517":54,"518":79,"519":0,"520":18,"521":6,"522":48,"523":22,"524":0,"525":0,"526":6,"527":0,"528":0,"529":0,"530":6,"531":60,"532":0,"533":0,"534":0,"535":0,"536":0,"537":0,"538":6,"539":6,"540":6,"541":85,"542":85,"543":129,"544":18,"545":15,"546":1,"547":1,"548":576,"549":6,"550":12,"551":6,"552":276,"553":6,"554":12},"b":{"0":[6,0],"1":[6,6],"2":[0,0],"3":[0,0],"4":[0,0],"5":[6,0],"6":[0,0],"7":[0,0],"8":[0,0],"9":[67,60],"10":[81,74,36,30,30,30,30],"11":[30,44],"12":[74,74],"13":[0,44],"14":[44,44],"15":[44,6,6],"16":[0,0],"17":[28,16],"18":[25,3],"19":[9,16],"20":[103,24,103],"21":[0,50],"22":[0,0],"23":[6,44],"24":[0,44],"25":[0,44],"26":[0,0],"27":[0,0],"28":[0,0],"29":[0,0],"30":[0,10],"31":[0,0],"32":[10,0],"33":[88,88],"34":[88,88],"35":[24,20],"36":[0,10],"37":[25,25],"38":[25,25,0],"39":[30,0],"40":[8,22],"41":[30,22,22],"42":[22,0],"43":[22,5],"44":[59,58,51],"45":[0,0],"46":[0,0],"47":[28,0],"48":[14,0],"49":[28,14],"50":[14,0],"51":[14,0],"52":[14,0],"53":[14,0],"54":[0,14],"55":[0,0],"56":[0,0],"57":[0,0],"58":[0,0],"59":[14,0],"60":[14,0],"61":[0,21],"62":[7,14],"63":[0,14],"64":[4,10],"65":[10,0],"66":[0,10],"67":[10,10],"68":[0,10],"69":[10,10,0],"70":[0,45],"71":[45,0],"72":[0,0],"73":[0,0,0,0],"74":[0,0],"75":[7,38],"76":[45,8],"77":[0,7],"78":[7,0],"79":[7,2,7],"80":[21,7],"81":[21,21,21],"82":[0,10],"83":[14,0],"84":[0,14],"85":[10,10],"86":[10,0],"87":[10,10],"88":[0,14],"89":[0,14],"90":[14,0],"91":[0,14],"92":[0,14],"93":[14,0],"94":[0,14],"95":[0,0],"96":[0,0],"97":[0,0],"98":[0,0],"99":[0,0,0],"100":[0,0,0],"101":[0,0],"102":[0,0],"103":[0,0],"104":[0,0],"105":[0,0],"106":[0,0],"107":[0,0],"108":[0,0],"109":[0,0],"110":[0,0],"111":[0,0],"112":[0,0],"113":[0,0],"114":[0,0],"115":[0,0],"116":[0,0],"117":[0,0],"118":[0,0],"119":[0,0],"120":[0,0],"121":[0,0],"122":[0,0],"123":[0,0],"124":[0,0],"125":[0,0],"126":[0,0],"127":[0,0,0],"128":[0,0],"129":[0,0],"130":[0,0],"131":[0,0],"132":[0,0],"133":[0,0],"134":[0,0],"135":[0,0],"136":[0,0],"137":[0,0,0],"138":[0,0],"139":[0,0],"140":[0,0],"141":[0,0],"142":[0,0],"143":[0,0],"144":[0,0],"145":[0,0],"146":[0,0],"147":[0,0],"148":[0,0],"149":[0,0],"150":[0,0,0,0,0],"151":[0,0,0],"152":[0,0],"153":[0,0,0,0],"154":[0,0,0],"155":[0,0,0,0],"156":[0,0],"157":[0,0,0,0],"158":[0,0,0,0,0,0],"159":[0,0],"160":[0,0],"161":[0,0],"162":[0,0],"163":[0,0],"164":[0,0],"165":[0,0],"166":[0,0],"167":[0,0],"168":[0,0],"169":[0,0],"170":[0,0],"171":[0,0],"172":[0,0],"173":[0,0],"174":[0,0],"175":[0,0],"176":[0,0],"177":[0,0,0,0],"178":[0,0],"179":[0,0],"180":[0,0,0],"181":[0,0],"182":[0,0],"183":[0,0],"184":[0,0],"185":[0,0],"186":[0,0],"187":[0,0],"188":[0,0],"189":[0,0],"190":[0,0],"191":[0,0],"192":[0,0],"193":[0,0],"194":[0,0],"195":[0,0,0],"196":[0,0],"197":[6,6],"198":[6,6,6],"199":[6,0],"200":[6,0],"201":[6,0],"202":[6,6,0],"203":[6,0],"204":[6,6],"205":[0,0],"206":[6,0],"207":[28,0],"208":[0,0],"209":[0,0],"210":[0,0],"211":[0,0],"212":[0,0],"213":[0,0],"214":[0,0],"215":[0,0],"216":[0,14],"217":[14,0],"218":[10,4],"219":[0,10],"220":[0,10],"221":[10,0],"222":[0,10],"223":[10,0,0],"224":[14,0,0,0,14],"225":[0,0],"226":[0,0],"227":[0,0],"228":[0,0],"229":[0,0],"230":[0,0],"231":[0,0],"232":[0,14],"233":[14,0],"234":[0,0],"235":[0,0],"236":[14,0],"237":[14,0],"238":[14,0,0],"239":[0,14],"240":[0,14],"241":[14,14],"242":[0,0],"243":[0,0],"244":[0,0],"245":[0,0],"246":[0,0],"247":[0,0],"248":[0,0],"249":[0,0],"250":[0,0],"251":[0,0],"252":[6,0],"253":[6,0],"254":[6,0],"255":[6,0],"256":[0,0],"257":[0,0],"258":[0,0],"259":[0,0],"260":[0,0,0],"261":[0,0],"262":[0,0],"263":[0,0],"264":[0,0],"265":[19,96],"266":[0,96],"267":[0,96],"268":[22,74],"269":[0,0],"270":[0,0],"271":[0,6],"272":[0,6],"273":[0,6],"274":[0,6],"275":[6,0],"276":[0,0],"277":[0,0],"278":[0,0],"279":[6,0],"280":[6,6],"281":[10,0],"282":[10,0],"283":[10,0],"284":[20,20,20],"285":[0,10],"286":[10,10],"287":[0,0],"288":[6,0],"289":[6,6,6],"290":[6,0],"291":[384,0],"292":[0,384],"293":[384,384],"294":[384,0],"295":[0,0],"296":[0,0],"297":[6,6,6],"298":[384,0],"299":[384,384],"300":[6,6,6],"301":[6,0],"302":[168,0],"303":[168,0],"304":[168,168],"305":[0,168],"306":[168,0],"307":[0,0],"308":[6,6,6],"309":[6,0],"310":[6,6,6],"311":[0,6],"312":[6,6],"313":[6,0],"314":[168,0],"315":[168,168],"316":[10],"317":[10,10],"318":[6,6,6],"319":[6,0],"320":[168,0],"321":[168,0],"322":[168,168],"323":[0,168],"324":[168,0],"325":[0,0],"326":[6,6,6],"327":[6,0],"328":[6,6,6],"329":[0,6],"330":[6,6],"331":[6,0],"332":[168,0],"333":[168,168],"334":[6,6,6],"335":[6,0],"336":[78,0],"337":[78,0],"338":[78,78],"339":[0,78],"340":[78,0],"341":[0,0],"342":[6,6,6],"343":[78,24],"344":[102,102],"345":[0,14],"346":[0,10],"347":[10,10],"348":[9,1],"349":[10,9,9],"350":[9,4],"351":[0,13],"352":[13,13],"353":[1,9],"354":[0,9],"355":[9,0],"356":[0,10],"357":[1,13],"358":[11,3],"359":[0,10],"360":[9,1],"361":[21],"362":[23],"363":[0],"364":[0],"365":[14,14],"366":[1,13],"367":[2,12],"368":[0,2],"369":[3,9],"370":[12,12],"371":[3,9],"372":[12,12],"373":[10,2],"374":[12,12],"375":[23,21],"376":[2,12],"377":[14,14],"378":[2,10],"379":[6,6,6],"380":[6,0],"381":[132,0],"382":[132,0],"383":[132,132],"384":[0,132],"385":[132,0],"386":[0,0],"387":[6,6,6],"388":[132,0],"389":[132,132],"390":[0,0],"391":[0,0],"392":[0,0],"393":[0,0],"394":[0,0],"395":[0,0],"396":[0,0],"397":[0],"398":[32],"399":[0,43],"400":[43,0],"401":[40,3],"402":[0,0],"403":[33,0],"404":[33,21],"405":[0,23],"406":[23,3],"407":[13,10],"408":[23,10],"409":[10,2],"410":[1,0],"411":[11,0],"412":[4,7],"413":[0,26],"414":[10],"415":[10],"416":[0,32],"417":[32,32],"418":[22,10],"419":[22,10],"420":[32,32],"421":[43,2,2],"422":[0,43],"423":[195,117],"424":[2,310],"425":[230,80],"426":[9,71],"427":[175,0],"428":[0,0],"429":[0,0],"430":[0,0],"431":[51,20],"432":[1,9],"433":[0,0],"434":[0,0],"435":[0,43],"436":[22,21],"437":[43,0],"438":[2,0],"439":[0,0],"440":[0,0],"441":[0,12],"442":[0,0],"443":[0,0],"444":[0,0],"445":[0,0],"446":[0,0],"447":[86,207],"448":[293,293],"449":[203,90],"450":[293,293],"451":[90,203],"452":[293,293],"453":[203,90],"454":[293,293],"455":[0,9],"456":[9,9],"457":[9,0],"458":[9,9],"459":[0,9],"460":[9,9],"461":[9,0],"462":[9,9],"463":[47,44,41],"464":[0,89],"465":[0,89],"466":[71,112],"467":[2,87],"468":[0,2],"469":[56,33],"470":[6,50],"471":[12,44],"472":[12,20],"473":[12,0],"474":[6,6,6],"475":[6,0],"476":[6,6],"477":[0,4],"478":[4,0],"479":[0,10],"480":[0,10],"481":[12,0],"482":[0,0],"483":[0,0],"484":[13,10],"485":[0,13],"486":[2,7],"487":[25,25],"488":[0,10],"489":[1,10],"490":[0,1],"491":[1,0],"492":[1,9],"493":[9,0],"494":[10,0],"495":[14,91],"496":[36,55],"497":[6,6,6],"498":[6,0],"499":[120,0],"500":[24,96],"501":[120,120],"502":[96,24],"503":[24,0],"504":[0,0],"505":[6,6,6],"506":[120,0],"507":[120,120],"508":[1,3],"509":[0,3],"510":[0,4],"511":[0,0],"512":[0,0],"513":[4,0],"514":[1,9],"515":[6,3],"516":[3,3,3],"517":[3,0],"518":[1,9],"519":[0,9],"520":[6,3],"521":[1,3],"522":[0,6],"523":[1,5],"524":[28,29],"525":[1,28],"526":[0,28],"527":[28,28],"528":[5,23],"529":[5,4],"530":[3,2],"531":[5,4],"532":[3,2],"533":[20,0],"534":[5,4,1],"535":[5,0],"536":[4,1],"537":[5,52],"538":[28,24],"539":[1,23],"540":[14,9],"541":[0,0],"542":[0,0],"543":[0,0],"544":[0,0],"545":[0,0],"546":[0,0],"547":[0,0],"548":[0,0],"549":[0,0],"550":[0,0],"551":[0,0,0],"552":[0,0],"553":[0,0],"554":[0,0],"555":[0,0],"556":[0,0],"557":[0,0],"558":[6,6,6],"559":[6,0],"560":[96,0],"561":[96,0],"562":[96,96],"563":[0,96],"564":[96,0],"565":[0,0],"566":[6,6,6],"567":[96,12],"568":[108,108],"569":[12,0],"570":[0,8],"571":[0,1],"572":[2,0],"573":[2,0],"574":[0,2],"575":[2,2],"576":[1,1],"577":[0,2],"578":[2,2],"579":[0,0],"580":[0,0],"581":[0,0],"582":[0,0],"583":[20,0],"584":[0,8],"585":[8,0],"586":[0,1],"587":[0,1],"588":[0,0],"589":[1,0],"590":[1,0],"591":[4],"592":[0],"593":[0,4],"594":[4,0],"595":[4,4],"596":[4,4],"597":[1,3],"598":[4,4],"599":[0,4],"600":[4,4],"601":[4,0],"602":[0,0],"603":[1],"604":[0,1],"605":[3,1],"606":[1,1],"607":[6,6,6],"608":[6,0],"609":[54,0],"610":[54,0],"611":[54,54],"612":[0,54],"613":[54,0],"614":[0,0],"615":[6,6,6],"616":[54,0],"617":[54,54],"618":[11,37],"619":[0,37],"620":[0,37],"621":[37,0],"622":[18,19],"623":[37,18],"624":[0,18],"625":[18,8],"626":[0,0],"627":[0,0],"628":[0,0],"629":[0,0],"630":[38,22],"631":[22,178],"632":[0,178],"633":[0,178],"634":[129,111],"635":[15,15],"636":[1,0],"637":[348,228],"638":[138,0],"639":[138,138],"640":[12,0],"641":[12,12]},"inputSourceMap":null,"_coverageSchema":"1a1c01bbd47fc00a2c39e90264f33305004495a9","hash":"944e528c9e7a7085b041768777c8a31d06831c96"}
,"C:\\projects\\redumbx\\test\\helpers.tsx": {"path":"C:\\projects\\redumbx\\test\\helpers.tsx","statementMap":{"0":{"start":{"line":4,"column":0},"end":{"line":4,"column":35}},"1":{"start":{"line":5,"column":0},"end":{"line":5,"column":48}},"2":{"start":{"line":7,"column":0},"end":{"line":7,"column":24}},"3":{"start":{"line":8,"column":0},"end":{"line":8,"column":39}},"4":{"start":{"line":9,"column":0},"end":{"line":9,"column":41}},"5":{"start":{"line":13,"column":17},"end":{"line":16,"column":null}},"6":{"start":{"line":18,"column":2},"end":{"line":18,"column":45}},"7":{"start":{"line":12,"column":0},"end":{"line":12,"column":16}},"8":{"start":{"line":22,"column":13},"end":{"line":22,"column":74}},"9":{"start":{"line":25,"column":19},"end":{"line":25,"column":106}},"10":{"start":{"line":25,"column":58},"end":{"line":25,"column":106}},"11":{"start":{"line":26,"column":2},"end":{"line":26,"column":46}},"12":{"start":{"line":24,"column":0},"end":{"line":24,"column":16}}},"fnMap":{"0":{"name":"renderApp","decl":{"start":{"line":12,"column":16},"end":{"line":12,"column":25}},"loc":{"start":{"line":12,"column":48},"end":{"line":19,"column":1}}},"1":{"name":"TextInput","decl":{"start":{"line":24,"column":16},"end":{"line":24,"column":25}},"loc":{"start":{"line":24,"column":94},"end":{"line":27,"column":1}}},"2":{"name":"(anonymous_6)","decl":{"start":{"line":25,"column":19},"end":{"line":25,"column":20}},"loc":{"start":{"line":25,"column":58},"end":{"line":25,"column":106}}}},"branchMap":{"0":{"loc":{"start":{"line":25,"column":58},"end":{"line":25,"column":106}},"type":"binary-expr","locations":[{"start":{"line":25,"column":58},"end":{"line":25,"column":68}},{"start":{"line":25,"column":72},"end":{"line":25,"column":106}}]}},"s":{"0":6,"1":6,"2":6,"3":6,"4":6,"5":10,"6":10,"7":6,"8":6,"9":20,"10":5,"11":20,"12":6},"f":{"0":10,"1":20,"2":5},"b":{"0":[5,5]}}
}
