TN:
SF:dist\index.js
FN:1,webpackUniversalModuleDefinition
FN:10,(anonymous_1)
FN:11,(anonymous_2)
FN:16,(anonymous_3)
FN:20,(anonymous_4)
FN:21,(anonymous_5)
FN:22,(anonymous_6)
FN:23,(anonymous_7)
FN:24,(anonymous_8)
FN:25,(anonymous_9)
FN:26,(anonymous_10)
FN:27,(anonymous_11)
FN:28,(anonymous_12)
FN:29,(anonymous_13)
FN:30,(anonymous_14)
FN:31,(anonymous_15)
FN:32,(anonymous_16)
FN:33,(anonymous_17)
FN:34,(anonymous_18)
FN:35,(anonymous_19)
FN:36,(anonymous_20)
FN:37,(anonymous_21)
FN:38,(anonymous_22)
FN:39,(anonymous_23)
FN:40,(anonymous_24)
FN:41,(anonymous_25)
FN:43,n
FN:43,(anonymous_27)
FN:43,r
FN:43,t
FN:43,(anonymous_30)
FN:43,e
FN:43,i
FN:43,(anonymous_33)
FN:43,(anonymous_34)
FN:43,o
FN:43,u
FN:43,a
FN:43,f
FN:43,c
FN:43,s
FN:43,v
FN:43,p
FN:43,l
FN:43,d
FN:43,(anonymous_45)
FN:43,h
FN:43,y
FN:43,b
FN:43,m
FN:43,_
FN:43,j
FN:43,O
FN:43,g
FN:43,w
FN:43,S
FN:43,P
FN:43,M
FN:43,(anonymous_58)
FN:43,(anonymous_59)
FN:43,A
FN:43,x
FN:43,z
FN:43,I
FN:43,k
FN:43,E
FN:43,R
FN:43,(anonymous_67)
FN:43,D
FN:43,n
FN:43,(anonymous_70)
FN:43,F
FN:43,N
FN:43,t
FN:43,(anonymous_74)
FN:43,(anonymous_75)
FN:43,e
FN:43,o
FN:43,a
FN:43,f
FN:43,(anonymous_80)
FN:43,(anonymous_81)
FN:43,(anonymous_82)
FN:43,n
FN:43,(anonymous_84)
FN:43,(anonymous_85)
FN:43,(anonymous_86)
FN:43,T
FN:43,e
FN:43,(anonymous_89)
FN:43,f
FN:43,(anonymous_91)
FN:43,(anonymous_92)
FN:43,(anonymous_93)
FN:43,(anonymous_94)
FN:43,(anonymous_95)
FN:43,(anonymous_96)
FN:43,(anonymous_97)
FN:43,(anonymous_98)
FN:43,(anonymous_99)
FN:43,(anonymous_100)
FN:43,C
FN:43,r
FN:43,t
FN:43,e
FN:43,o
FN:43,(anonymous_106)
FN:43,u
FN:43,(anonymous_108)
FN:43,(anonymous_109)
FN:43,(anonymous_110)
FN:43,(anonymous_111)
FN:43,n
FN:43,(anonymous_113)
FN:43,(anonymous_114)
FN:43,(anonymous_115)
FN:43,(anonymous_116)
FN:43,(anonymous_117)
FN:43,(anonymous_118)
FN:43,(anonymous_119)
FN:43,(anonymous_120)
FN:43,(anonymous_121)
FN:43,(anonymous_122)
FN:43,(anonymous_123)
FN:43,(anonymous_124)
FN:43,(anonymous_125)
FN:43,(anonymous_126)
FN:43,(anonymous_127)
FN:43,(anonymous_128)
FN:43,(anonymous_129)
FN:43,(anonymous_130)
FN:43,n
FN:43,(anonymous_132)
FN:43,(anonymous_133)
FN:43,(anonymous_134)
FN:43,(anonymous_135)
FN:43,(anonymous_136)
FN:43,(anonymous_137)
FN:43,(anonymous_138)
FN:43,(anonymous_139)
FN:43,(anonymous_140)
FN:43,(anonymous_141)
FN:43,(anonymous_142)
FN:43,(anonymous_143)
FN:43,J
FN:43,K
FN:43,$
FN:43,(anonymous_147)
FN:43,(anonymous_148)
FN:43,(anonymous_149)
FN:43,(anonymous_150)
FN:43,(anonymous_151)
FN:43,(anonymous_152)
FN:43,(anonymous_153)
FN:43,(anonymous_154)
FN:43,(anonymous_155)
FN:43,(anonymous_156)
FN:43,(anonymous_157)
FN:43,(anonymous_158)
FN:43,(anonymous_159)
FN:43,(anonymous_160)
FN:43,(anonymous_161)
FN:43,(anonymous_162)
FN:43,(anonymous_163)
FN:43,(anonymous_164)
FN:43,(anonymous_165)
FN:43,(anonymous_166)
FN:43,(anonymous_167)
FN:43,(anonymous_168)
FN:43,(anonymous_169)
FN:43,(anonymous_170)
FN:43,(anonymous_171)
FN:43,e
FN:43,(anonymous_173)
FN:43,(anonymous_174)
FN:43,(anonymous_175)
FN:43,(anonymous_176)
FN:43,(anonymous_177)
FN:43,(anonymous_178)
FN:43,(anonymous_179)
FN:43,(anonymous_180)
FN:43,(anonymous_181)
FN:43,(anonymous_182)
FN:43,(anonymous_183)
FN:43,(anonymous_184)
FN:43,(anonymous_185)
FN:43,(anonymous_186)
FN:43,(anonymous_187)
FN:43,(anonymous_188)
FN:50,(anonymous_189)
FN:63,isObject
FN:67,isPlainObject
FN:95,(anonymous_192)
FN:109,toObject
FN:117,shouldUseNative
FN:137,(anonymous_195)
FN:146,(anonymous_196)
FN:161,(anonymous_197)
FN:192,(anonymous_198)
FN:203,q
FN:209,(anonymous_200)
FN:221,(anonymous_201)
FN:224,(anonymous_202)
FN:228,(anonymous_203)
FN:231,(anonymous_204)
FN:235,(anonymous_205)
FN:248,(anonymous_206)
FN:251,(anonymous_207)
FN:255,(anonymous_208)
FN:258,(anonymous_209)
FN:262,(anonymous_210)
FN:264,(anonymous_211)
FN:267,(anonymous_212)
FN:283,useAppContext
FN:287,createApp
FN:294,ReactModules
FN:295,(anonymous_216)
FN:304,(anonymous_217)
FN:307,(anonymous_218)
FN:311,(anonymous_219)
FN:314,(anonymous_220)
FN:318,(anonymous_221)
FN:320,(anonymous_222)
FN:323,(anonymous_223)
FN:337,useOnCreate
FN:344,useOnDestroy
FN:345,(anonymous_226)
FN:352,getComponentName
FN:360,(anonymous_228)
FN:372,useForceUpdate
FN:373,(anonymous_230)
FN:382,(anonymous_231)
FN:385,(anonymous_232)
FN:389,(anonymous_233)
FN:392,(anonymous_234)
FN:396,(anonymous_235)
FN:411,(anonymous_236)
FN:421,(anonymous_237)
FN:428,(anonymous_238)
FN:433,(anonymous_239)
FN:440,(anonymous_240)
FN:441,(anonymous_241)
FN:444,(anonymous_242)
FN:449,(anonymous_243)
FN:450,(anonymous_244)
FN:454,(anonymous_245)
FN:457,(anonymous_246)
FN:465,(anonymous_247)
FN:466,(anonymous_248)
FN:483,(anonymous_249)
FN:495,(anonymous_250)
FN:498,(anonymous_251)
FN:503,(anonymous_252)
FN:509,(anonymous_253)
FN:512,(anonymous_254)
FN:515,(anonymous_255)
FN:518,(anonymous_256)
FN:522,(anonymous_257)
FN:545,(anonymous_258)
FN:551,(anonymous_259)
FN:561,(anonymous_260)
FN:572,useComponentView
FN:574,(anonymous_262)
FN:586,extend
FN:587,(anonymous_264)
FN:597,(anonymous_265)
FN:602,(anonymous_266)
FN:608,(anonymous_267)
FN:611,(anonymous_268)
FN:616,(anonymous_269)
FN:624,(anonymous_270)
FN:628,(anonymous_271)
FN:634,useModule
FN:644,(anonymous_273)
FN:653,useModuleInstance
FN:655,(anonymous_275)
FN:693,(anonymous_276)
FN:697,(anonymous_277)
FN:715,(anonymous_278)
FN:726,(anonymous_279)
FN:729,(anonymous_280)
FN:733,(anonymous_281)
FN:736,(anonymous_282)
FN:740,(anonymous_283)
FN:755,(anonymous_284)
FN:763,(anonymous_285)
FN:771,(anonymous_286)
FN:774,(anonymous_287)
FN:786,(anonymous_288)
FN:793,(anonymous_289)
FN:803,(anonymous_290)
FN:806,(anonymous_291)
FN:816,(anonymous_292)
FN:821,createInjector
FN:832,(anonymous_294)
FN:847,inject
FN:853,injectScope
FN:857,injectProvider
FN:866,(anonymous_298)
FN:875,(anonymous_299)
FN:884,(anonymous_300)
FN:900,(anonymous_301)
FN:911,(anonymous_302)
FN:915,(anonymous_303)
FN:920,(anonymous_304)
FN:925,(anonymous_305)
FN:932,(anonymous_306)
FN:933,(anonymous_307)
FN:952,(anonymous_308)
FN:985,(anonymous_309)
FN:988,(anonymous_310)
FN:993,(anonymous_311)
FN:998,(anonymous_312)
FN:1063,(anonymous_313)
FN:1066,(anonymous_314)
FN:1071,(anonymous_315)
FN:1078,(anonymous_316)
FN:1089,createInstanceMetadata
FN:1092,(anonymous_318)
FN:1093,(anonymous_319)
FN:1096,getInstanceMetadata
FN:1116,(anonymous_321)
FN:1135,(anonymous_322)
FN:1146,(anonymous_323)
FN:1147,(anonymous_324)
FN:1149,(anonymous_325)
FN:1159,(anonymous_326)
FN:1170,(anonymous_327)
FN:1179,(anonymous_328)
FN:1183,(anonymous_329)
FN:1189,(anonymous_330)
FN:1197,(anonymous_331)
FN:1200,(anonymous_332)
FN:1208,(anonymous_333)
FN:1239,(anonymous_334)
FN:1264,(anonymous_335)
FN:1268,(anonymous_336)
FN:1275,(anonymous_337)
FN:1282,(anonymous_338)
FN:1287,(anonymous_339)
FN:1289,(anonymous_340)
FN:1293,(anonymous_341)
FN:1301,(anonymous_342)
FN:1308,(anonymous_343)
FN:1311,(anonymous_344)
FN:1316,getCurrentScope
FN:1320,getCurrentProvider
FN:1329,(anonymous_347)
FN:1335,generateId
FN:1339,assertIsDefined
FN:1345,getDefined
FN:1350,hasGetter
FN:1355,forEach
FN:1356,(anonymous_353)
FN:1361,defineGetter
FN:1370,defineSetter
FN:1379,capitalize
FN:1383,isClass
FN:1393,(anonymous_358)
FN:1400,(anonymous_359)
FN:1412,(anonymous_360)
FN:1422,(anonymous_361)
FN:1427,(anonymous_362)
FN:1429,(anonymous_363)
FN:1433,(anonymous_364)
FN:1451,(anonymous_365)
FN:1454,(anonymous_366)
FN:1472,(anonymous_367)
FN:1475,(anonymous_368)
FN:1477,(anonymous_369)
FN:1480,(anonymous_370)
FN:1483,(anonymous_371)
FN:1493,(anonymous_372)
FN:1496,(anonymous_373)
FN:1510,(anonymous_374)
FN:1522,(anonymous_375)
FN:1530,(anonymous_376)
FN:1541,(anonymous_377)
FN:1545,(anonymous_378)
FN:1549,(anonymous_379)
FN:1559,(anonymous_380)
FN:1562,(anonymous_381)
FN:1565,(anonymous_382)
FN:1568,(anonymous_383)
FN:1575,(anonymous_384)
FN:1593,(anonymous_385)
FN:1594,(anonymous_386)
FN:1597,(anonymous_387)
FN:1608,(anonymous_388)
FN:1609,(anonymous_389)
FN:1614,(anonymous_390)
FN:1615,(anonymous_391)
FN:1615,(anonymous_392)
FN:1618,(anonymous_393)
FN:1622,(anonymous_394)
FN:1628,(anonymous_395)
FN:1632,(anonymous_396)
FN:1635,(anonymous_397)
FN:1637,(anonymous_398)
FN:1643,(anonymous_399)
FN:1660,(anonymous_400)
FN:1678,(anonymous_401)
FN:1702,(anonymous_402)
FN:1704,(anonymous_403)
FN:1707,(anonymous_404)
FN:1718,(anonymous_405)
FN:1721,(anonymous_406)
FN:1724,(anonymous_407)
FN:1734,(anonymous_408)
FN:1737,(anonymous_409)
FN:1741,(anonymous_410)
FN:1744,(anonymous_411)
FN:1748,(anonymous_412)
FN:1761,(anonymous_413)
FN:1771,parseStateConfig
FN:1792,(anonymous_415)
FN:1805,(anonymous_416)
FN:1822,(anonymous_417)
FN:1835,parseDefaultState
FN:1839,(anonymous_419)
FN:1844,(anonymous_420)
FN:1860,(anonymous_421)
FN:1868,createModuleView
FN:1871,(anonymous_423)
FN:1886,(anonymous_424)
FN:1899,(anonymous_425)
FN:1906,(anonymous_426)
FN:1916,(anonymous_427)
FN:1925,(anonymous_428)
FN:1933,(anonymous_429)
FN:1939,pickProps
FN:1940,(anonymous_431)
FN:1942,(anonymous_432)
FN:1957,(anonymous_433)
FN:1970,(anonymous_434)
FN:1977,(anonymous_435)
FN:1987,(anonymous_436)
FN:1996,(anonymous_437)
FN:2004,(anonymous_438)
FN:2016,(anonymous_439)
FN:2023,createStateView
FN:2030,(anonymous_441)
FN:2036,(anonymous_442)
FN:2041,(anonymous_443)
FN:2044,(anonymous_444)
FN:2049,(anonymous_445)
FN:2052,(anonymous_446)
FN:2057,(anonymous_447)
FN:2060,(anonymous_448)
FN:2065,(anonymous_449)
FN:2076,(anonymous_450)
FN:2079,(anonymous_451)
FN:2083,(anonymous_452)
FN:2086,(anonymous_453)
FN:2090,(anonymous_454)
FN:2106,(anonymous_455)
FN:2112,injectChild
FN:2123,(anonymous_457)
FN:2130,createFormBinding
FN:2131,getState
FN:2140,(anonymous_460)
FN:2142,(anonymous_461)
FN:2147,(anonymous_462)
FN:2147,(anonymous_463)
FN:2157,(anonymous_464)
FN:2160,(anonymous_465)
FN:2168,injectFormBinding
FN:2177,(anonymous_467)
FN:2189,(anonymous_468)
FN:2198,(anonymous_469)
FN:2202,(anonymous_470)
FN:2206,(anonymous_471)
FN:2215,(anonymous_472)
FN:2218,(anonymous_473)
FN:2224,(anonymous_474)
FN:2224,(anonymous_475)
FN:2224,(anonymous_476)
FN:2228,(anonymous_477)
FN:2234,(anonymous_478)
FN:2235,(anonymous_479)
FN:2247,(anonymous_480)
FN:2252,(anonymous_481)
FN:2271,(anonymous_482)
FN:2278,(anonymous_483)
FN:2292,(anonymous_484)
FN:2298,(anonymous_485)
FN:2306,(anonymous_486)
FN:2312,(anonymous_487)
FN:2316,(anonymous_488)
FN:2319,(anonymous_489)
FN:2323,(anonymous_490)
FN:2331,injectQuery
FN:2339,getQueryOptionsFromArgs
FN:2373,(anonymous_493)
FN:2384,injectState
FN:2389,(anonymous_495)
FN:2397,(anonymous_496)
FN:2397,(anonymous_497)
FN:2399,(anonymous_498)
FN:2401,(anonymous_499)
FN:2411,(anonymous_500)
FN:2414,(anonymous_501)
FN:2416,(anonymous_502)
FN:2426,(anonymous_503)
FN:2432,(anonymous_504)
FN:2435,(anonymous_505)
FN:2438,(anonymous_506)
FN:2441,(anonymous_507)
FN:2452,mutation
FN:2453,(anonymous_509)
FN:2465,(anonymous_510)
FN:2475,(anonymous_511)
FN:2483,(anonymous_512)
FN:2490,(anonymous_513)
FN:2498,(anonymous_514)
FN:2503,injectWatch
FN:2512,(anonymous_516)
FN:2515,(anonymous_517)
FN:2519,(anonymous_518)
FN:2522,(anonymous_519)
FN:2526,(anonymous_520)
FN:2538,(anonymous_521)
FN:2547,isDeepEqual
FN:2570,isSimilar
FN:2577,isArrayEqual
FN:2591,isEqual
FN:2600,(anonymous_526)
FN:2609,copyProps
FN:2612,(anonymous_528)
FN:2623,merge
FN:2635,(anonymous_530)
FN:2645,traverse
FN:2674,getDescriptors
FN:2676,(anonymous_533)
FN:2682,getKeys
FN:2684,(anonymous_535)
FN:2690,filterKeys
FN:2691,(anonymous_537)
FN:2699,(anonymous_538)
FN:2706,(anonymous_539)
FN:2713,(anonymous_540)
FN:2717,(anonymous_541)
FN:2719,(anonymous_542)
FN:2721,(anonymous_543)
FN:2722,(anonymous_544)
FN:2724,(anonymous_545)
FN:2726,(anonymous_546)
FN:2727,(anonymous_547)
FN:2740,__webpack_require__
FN:2762,(anonymous_549)
FN:2764,(anonymous_550)
FN:2774,(anonymous_551)
FN:2775,(anonymous_552)
FN:2779,(anonymous_553)
FN:2781,(anonymous_554)
FNF:555
FNH:319
FNDA:6,webpackUniversalModuleDefinition
FNDA:6,(anonymous_1)
FNDA:6,(anonymous_2)
FNDA:6,(anonymous_3)
FNDA:14,(anonymous_4)
FNDA:0,(anonymous_5)
FNDA:0,(anonymous_6)
FNDA:0,(anonymous_7)
FNDA:0,(anonymous_8)
FNDA:0,(anonymous_9)
FNDA:0,(anonymous_10)
FNDA:0,(anonymous_11)
FNDA:0,(anonymous_12)
FNDA:0,(anonymous_13)
FNDA:0,(anonymous_14)
FNDA:0,(anonymous_15)
FNDA:0,(anonymous_16)
FNDA:0,(anonymous_17)
FNDA:0,(anonymous_18)
FNDA:0,(anonymous_19)
FNDA:0,(anonymous_20)
FNDA:0,(anonymous_21)
FNDA:0,(anonymous_22)
FNDA:0,(anonymous_23)
FNDA:0,(anonymous_24)
FNDA:0,(anonymous_25)
FNDA:0,n
FNDA:0,(anonymous_27)
FNDA:67,r
FNDA:81,t
FNDA:74,(anonymous_30)
FNDA:0,e
FNDA:28,i
FNDA:103,(anonymous_33)
FNDA:5,(anonymous_34)
FNDA:50,o
FNDA:0,u
FNDA:0,a
FNDA:0,f
FNDA:10,c
FNDA:88,s
FNDA:88,v
FNDA:24,p
FNDA:10,l
FNDA:30,d
FNDA:9,(anonymous_45)
FNDA:0,h
FNDA:59,y
FNDA:0,b
FNDA:0,m
FNDA:28,_
FNDA:14,j
FNDA:14,O
FNDA:28,g
FNDA:14,w
FNDA:14,S
FNDA:14,P
FNDA:21,M
FNDA:20,(anonymous_58)
FNDA:25,(anonymous_59)
FNDA:45,A
FNDA:21,x
FNDA:10,z
FNDA:14,I
FNDA:10,k
FNDA:10,E
FNDA:14,R
FNDA:14,(anonymous_67)
FNDA:0,D
FNDA:0,n
FNDA:0,(anonymous_70)
FNDA:0,F
FNDA:0,N
FNDA:0,t
FNDA:0,(anonymous_74)
FNDA:0,(anonymous_75)
FNDA:0,e
FNDA:0,o
FNDA:0,a
FNDA:0,f
FNDA:0,(anonymous_80)
FNDA:0,(anonymous_81)
FNDA:0,(anonymous_82)
FNDA:0,n
FNDA:0,(anonymous_84)
FNDA:0,(anonymous_85)
FNDA:0,(anonymous_86)
FNDA:0,T
FNDA:0,e
FNDA:0,(anonymous_89)
FNDA:0,f
FNDA:0,(anonymous_91)
FNDA:0,(anonymous_92)
FNDA:0,(anonymous_93)
FNDA:0,(anonymous_94)
FNDA:0,(anonymous_95)
FNDA:0,(anonymous_96)
FNDA:0,(anonymous_97)
FNDA:0,(anonymous_98)
FNDA:0,(anonymous_99)
FNDA:0,(anonymous_100)
FNDA:0,C
FNDA:0,r
FNDA:0,t
FNDA:0,e
FNDA:0,o
FNDA:0,(anonymous_106)
FNDA:0,u
FNDA:0,(anonymous_108)
FNDA:0,(anonymous_109)
FNDA:0,(anonymous_110)
FNDA:0,(anonymous_111)
FNDA:0,n
FNDA:0,(anonymous_113)
FNDA:0,(anonymous_114)
FNDA:0,(anonymous_115)
FNDA:0,(anonymous_116)
FNDA:0,(anonymous_117)
FNDA:0,(anonymous_118)
FNDA:0,(anonymous_119)
FNDA:0,(anonymous_120)
FNDA:0,(anonymous_121)
FNDA:0,(anonymous_122)
FNDA:0,(anonymous_123)
FNDA:0,(anonymous_124)
FNDA:0,(anonymous_125)
FNDA:0,(anonymous_126)
FNDA:0,(anonymous_127)
FNDA:0,(anonymous_128)
FNDA:0,(anonymous_129)
FNDA:0,(anonymous_130)
FNDA:0,n
FNDA:0,(anonymous_132)
FNDA:0,(anonymous_133)
FNDA:0,(anonymous_134)
FNDA:0,(anonymous_135)
FNDA:0,(anonymous_136)
FNDA:0,(anonymous_137)
FNDA:0,(anonymous_138)
FNDA:0,(anonymous_139)
FNDA:0,(anonymous_140)
FNDA:0,(anonymous_141)
FNDA:0,(anonymous_142)
FNDA:0,(anonymous_143)
FNDA:0,J
FNDA:0,K
FNDA:0,$
FNDA:0,(anonymous_147)
FNDA:0,(anonymous_148)
FNDA:0,(anonymous_149)
FNDA:0,(anonymous_150)
FNDA:0,(anonymous_151)
FNDA:0,(anonymous_152)
FNDA:0,(anonymous_153)
FNDA:0,(anonymous_154)
FNDA:0,(anonymous_155)
FNDA:0,(anonymous_156)
FNDA:28,(anonymous_157)
FNDA:0,(anonymous_158)
FNDA:0,(anonymous_159)
FNDA:0,(anonymous_160)
FNDA:14,(anonymous_161)
FNDA:0,(anonymous_162)
FNDA:0,(anonymous_163)
FNDA:0,(anonymous_164)
FNDA:0,(anonymous_165)
FNDA:0,(anonymous_166)
FNDA:54,(anonymous_167)
FNDA:0,(anonymous_168)
FNDA:0,(anonymous_169)
FNDA:0,(anonymous_170)
FNDA:6,(anonymous_171)
FNDA:6,e
FNDA:14,(anonymous_173)
FNDA:0,(anonymous_174)
FNDA:0,(anonymous_175)
FNDA:0,(anonymous_176)
FNDA:0,(anonymous_177)
FNDA:0,(anonymous_178)
FNDA:0,(anonymous_179)
FNDA:0,(anonymous_180)
FNDA:0,(anonymous_181)
FNDA:0,(anonymous_182)
FNDA:0,(anonymous_183)
FNDA:0,(anonymous_184)
FNDA:0,(anonymous_185)
FNDA:0,(anonymous_186)
FNDA:0,(anonymous_187)
FNDA:0,(anonymous_188)
FNDA:6,(anonymous_189)
FNDA:211,isObject
FNDA:115,isPlainObject
FNDA:6,(anonymous_192)
FNDA:0,toObject
FNDA:6,shouldUseNative
FNDA:60,(anonymous_195)
FNDA:120,(anonymous_196)
FNDA:0,(anonymous_197)
FNDA:6,(anonymous_198)
FNDA:10,q
FNDA:6,(anonymous_200)
FNDA:6,(anonymous_201)
FNDA:390,(anonymous_202)
FNDA:0,(anonymous_203)
FNDA:0,(anonymous_204)
FNDA:24,(anonymous_205)
FNDA:6,(anonymous_206)
FNDA:168,(anonymous_207)
FNDA:23,(anonymous_208)
FNDA:0,(anonymous_209)
FNDA:6,(anonymous_210)
FNDA:0,(anonymous_211)
FNDA:6,(anonymous_212)
FNDA:23,useAppContext
FNDA:10,createApp
FNDA:10,ReactModules
FNDA:10,(anonymous_216)
FNDA:6,(anonymous_217)
FNDA:168,(anonymous_218)
FNDA:102,(anonymous_219)
FNDA:0,(anonymous_220)
FNDA:6,(anonymous_221)
FNDA:0,(anonymous_222)
FNDA:6,(anonymous_223)
FNDA:56,useOnCreate
FNDA:46,useOnDestroy
FNDA:28,(anonymous_226)
FNDA:14,getComponentName
FNDA:141,(anonymous_228)
FNDA:23,useForceUpdate
FNDA:12,(anonymous_230)
FNDA:6,(anonymous_231)
FNDA:78,(anonymous_232)
FNDA:32,(anonymous_233)
FNDA:0,(anonymous_234)
FNDA:36,(anonymous_235)
FNDA:6,(anonymous_236)
FNDA:10,(anonymous_237)
FNDA:14,(anonymous_238)
FNDA:14,(anonymous_239)
FNDA:10,(anonymous_240)
FNDA:10,(anonymous_241)
FNDA:3,(anonymous_242)
FNDA:3,(anonymous_243)
FNDA:3,(anonymous_244)
FNDA:10,(anonymous_245)
FNDA:10,(anonymous_246)
FNDA:10,(anonymous_247)
FNDA:10,(anonymous_248)
FNDA:14,(anonymous_249)
FNDA:0,(anonymous_250)
FNDA:12,(anonymous_251)
FNDA:12,(anonymous_252)
FNDA:10,(anonymous_253)
FNDA:14,(anonymous_254)
FNDA:18,(anonymous_255)
FNDA:14,(anonymous_256)
FNDA:10,(anonymous_257)
FNDA:10,(anonymous_258)
FNDA:0,(anonymous_259)
FNDA:6,(anonymous_260)
FNDA:23,useComponentView
FNDA:14,(anonymous_262)
FNDA:1,extend
FNDA:1,(anonymous_264)
FNDA:1,(anonymous_265)
FNDA:0,(anonymous_266)
FNDA:14,(anonymous_267)
FNDA:14,(anonymous_268)
FNDA:10,(anonymous_269)
FNDA:3,(anonymous_270)
FNDA:14,(anonymous_271)
FNDA:23,useModule
FNDA:6,(anonymous_273)
FNDA:23,useModuleInstance
FNDA:14,(anonymous_275)
FNDA:23,(anonymous_276)
FNDA:14,(anonymous_277)
FNDA:6,(anonymous_278)
FNDA:6,(anonymous_279)
FNDA:132,(anonymous_280)
FNDA:425,(anonymous_281)
FNDA:0,(anonymous_282)
FNDA:36,(anonymous_283)
FNDA:6,(anonymous_284)
FNDA:0,(anonymous_285)
FNDA:0,(anonymous_286)
FNDA:0,(anonymous_287)
FNDA:0,(anonymous_288)
FNDA:0,(anonymous_289)
FNDA:0,(anonymous_290)
FNDA:0,(anonymous_291)
FNDA:0,(anonymous_292)
FNDA:0,createInjector
FNDA:0,(anonymous_294)
FNDA:15,inject
FNDA:0,injectScope
FNDA:31,injectProvider
FNDA:6,(anonymous_298)
FNDA:6,(anonymous_299)
FNDA:43,(anonymous_300)
FNDA:43,(anonymous_301)
FNDA:40,(anonymous_302)
FNDA:3,(anonymous_303)
FNDA:0,(anonymous_304)
FNDA:43,(anonymous_305)
FNDA:33,(anonymous_306)
FNDA:11,(anonymous_307)
FNDA:0,(anonymous_308)
FNDA:14,(anonymous_309)
FNDA:1,(anonymous_310)
FNDA:23,(anonymous_311)
FNDA:23,(anonymous_312)
FNDA:0,(anonymous_313)
FNDA:12,(anonymous_314)
FNDA:1,(anonymous_315)
FNDA:11,(anonymous_316)
FNDA:43,createInstanceMetadata
FNDA:26,(anonymous_318)
FNDA:28,(anonymous_319)
FNDA:26,getInstanceMetadata
FNDA:6,(anonymous_321)
FNDA:32,(anonymous_322)
FNDA:32,(anonymous_323)
FNDA:20,(anonymous_324)
FNDA:43,(anonymous_325)
FNDA:312,(anonymous_326)
FNDA:175,(anonymous_327)
FNDA:0,(anonymous_328)
FNDA:71,(anonymous_329)
FNDA:10,(anonymous_330)
FNDA:56,(anonymous_331)
FNDA:0,(anonymous_332)
FNDA:43,(anonymous_333)
FNDA:43,(anonymous_334)
FNDA:22,(anonymous_335)
FNDA:2,(anonymous_336)
FNDA:0,(anonymous_337)
FNDA:0,(anonymous_338)
FNDA:12,(anonymous_339)
FNDA:0,(anonymous_340)
FNDA:14,(anonymous_341)
FNDA:0,(anonymous_342)
FNDA:0,(anonymous_343)
FNDA:163,(anonymous_344)
FNDA:0,getCurrentScope
FNDA:31,getCurrentProvider
FNDA:6,(anonymous_347)
FNDA:157,generateId
FNDA:0,assertIsDefined
FNDA:0,getDefined
FNDA:0,hasGetter
FNDA:26,forEach
FNDA:111,(anonymous_353)
FNDA:293,defineGetter
FNDA:9,defineSetter
FNDA:9,capitalize
FNDA:47,isClass
FNDA:6,(anonymous_358)
FNDA:29,(anonymous_359)
FNDA:89,(anonymous_360)
FNDA:183,(anonymous_361)
FNDA:1,(anonymous_362)
FNDA:4,(anonymous_363)
FNDA:89,(anonymous_364)
FNDA:12,(anonymous_365)
FNDA:32,(anonymous_366)
FNDA:0,(anonymous_367)
FNDA:5,(anonymous_368)
FNDA:32,(anonymous_369)
FNDA:5,(anonymous_370)
FNDA:24,(anonymous_371)
FNDA:6,(anonymous_372)
FNDA:6,(anonymous_373)
FNDA:10,(anonymous_374)
FNDA:4,(anonymous_375)
FNDA:10,(anonymous_376)
FNDA:0,(anonymous_377)
FNDA:0,(anonymous_378)
FNDA:12,(anonymous_379)
FNDA:24,(anonymous_380)
FNDA:22,(anonymous_381)
FNDA:0,(anonymous_382)
FNDA:0,(anonymous_383)
FNDA:4,(anonymous_384)
FNDA:9,(anonymous_385)
FNDA:72,(anonymous_386)
FNDA:13,(anonymous_387)
FNDA:1,(anonymous_388)
FNDA:8,(anonymous_389)
FNDA:0,(anonymous_390)
FNDA:0,(anonymous_391)
FNDA:0,(anonymous_392)
FNDA:9,(anonymous_393)
FNDA:4,(anonymous_394)
FNDA:14,(anonymous_395)
FNDA:4,(anonymous_396)
FNDA:4,(anonymous_397)
FNDA:25,(anonymous_398)
FNDA:10,(anonymous_399)
FNDA:11,(anonymous_400)
FNDA:10,(anonymous_401)
FNDA:4,(anonymous_402)
FNDA:3,(anonymous_403)
FNDA:105,(anonymous_404)
FNDA:0,(anonymous_405)
FNDA:111,(anonymous_406)
FNDA:12,(anonymous_407)
FNDA:6,(anonymous_408)
FNDA:126,(anonymous_409)
FNDA:24,(anonymous_410)
FNDA:0,(anonymous_411)
FNDA:24,(anonymous_412)
FNDA:6,(anonymous_413)
FNDA:4,parseStateConfig
FNDA:0,(anonymous_415)
FNDA:10,(anonymous_416)
FNDA:10,(anonymous_417)
FNDA:4,parseDefaultState
FNDA:4,(anonymous_419)
FNDA:6,(anonymous_420)
FNDA:6,(anonymous_421)
FNDA:14,createModuleView
FNDA:57,(anonymous_423)
FNDA:20,(anonymous_424)
FNDA:0,(anonymous_425)
FNDA:57,(anonymous_426)
FNDA:0,(anonymous_427)
FNDA:8,(anonymous_428)
FNDA:9,(anonymous_429)
FNDA:0,pickProps
FNDA:0,(anonymous_431)
FNDA:0,(anonymous_432)
FNDA:0,(anonymous_433)
FNDA:0,(anonymous_434)
FNDA:0,(anonymous_435)
FNDA:0,(anonymous_436)
FNDA:0,(anonymous_437)
FNDA:0,(anonymous_438)
FNDA:6,(anonymous_439)
FNDA:5,createStateView
FNDA:8,(anonymous_441)
FNDA:13,(anonymous_442)
FNDA:48,(anonymous_443)
FNDA:19,(anonymous_444)
FNDA:16,(anonymous_445)
FNDA:2,(anonymous_446)
FNDA:8,(anonymous_447)
FNDA:0,(anonymous_448)
FNDA:0,(anonymous_449)
FNDA:6,(anonymous_450)
FNDA:102,(anonymous_451)
FNDA:19,(anonymous_452)
FNDA:0,(anonymous_453)
FNDA:42,(anonymous_454)
FNDA:6,(anonymous_455)
FNDA:11,injectChild
FNDA:6,(anonymous_457)
FNDA:4,createFormBinding
FNDA:12,getState
FNDA:4,(anonymous_460)
FNDA:2,(anonymous_461)
FNDA:8,(anonymous_462)
FNDA:2,(anonymous_463)
FNDA:4,(anonymous_464)
FNDA:0,(anonymous_465)
FNDA:4,injectFormBinding
FNDA:6,(anonymous_467)
FNDA:1,(anonymous_468)
FNDA:2,(anonymous_469)
FNDA:0,(anonymous_470)
FNDA:8,(anonymous_471)
FNDA:1,(anonymous_472)
FNDA:5,(anonymous_473)
FNDA:0,(anonymous_474)
FNDA:0,(anonymous_475)
FNDA:0,(anonymous_476)
FNDA:1,(anonymous_477)
FNDA:0,(anonymous_478)
FNDA:0,(anonymous_479)
FNDA:1,(anonymous_480)
FNDA:2,(anonymous_481)
FNDA:2,(anonymous_482)
FNDA:0,(anonymous_483)
FNDA:20,(anonymous_484)
FNDA:8,(anonymous_485)
FNDA:1,(anonymous_486)
FNDA:1,(anonymous_487)
FNDA:0,(anonymous_488)
FNDA:0,(anonymous_489)
FNDA:1,(anonymous_490)
FNDA:1,injectQuery
FNDA:1,getQueryOptionsFromArgs
FNDA:6,(anonymous_493)
FNDA:4,injectState
FNDA:4,(anonymous_495)
FNDA:12,(anonymous_496)
FNDA:2,(anonymous_497)
FNDA:3,(anonymous_498)
FNDA:4,(anonymous_499)
FNDA:0,(anonymous_500)
FNDA:0,(anonymous_501)
FNDA:4,(anonymous_502)
FNDA:0,(anonymous_503)
FNDA:4,(anonymous_504)
FNDA:0,(anonymous_505)
FNDA:7,(anonymous_506)
FNDA:3,(anonymous_507)
FNDA:0,mutation
FNDA:0,(anonymous_509)
FNDA:6,(anonymous_510)
FNDA:1,(anonymous_511)
FNDA:1,(anonymous_512)
FNDA:4,(anonymous_513)
FNDA:1,(anonymous_514)
FNDA:1,injectWatch
FNDA:6,(anonymous_516)
FNDA:54,(anonymous_517)
FNDA:79,(anonymous_518)
FNDA:0,(anonymous_519)
FNDA:18,(anonymous_520)
FNDA:6,(anonymous_521)
FNDA:48,isDeepEqual
FNDA:22,isSimilar
FNDA:0,isArrayEqual
FNDA:0,isEqual
FNDA:6,(anonymous_526)
FNDA:0,copyProps
FNDA:0,(anonymous_528)
FNDA:0,merge
FNDA:6,(anonymous_530)
FNDA:60,traverse
FNDA:0,getDescriptors
FNDA:0,(anonymous_533)
FNDA:0,getKeys
FNDA:0,(anonymous_535)
FNDA:0,filterKeys
FNDA:0,(anonymous_537)
FNDA:6,(anonymous_538)
FNDA:6,(anonymous_539)
FNDA:6,(anonymous_540)
FNDA:85,(anonymous_541)
FNDA:85,(anonymous_542)
FNDA:129,(anonymous_543)
FNDA:18,(anonymous_544)
FNDA:15,(anonymous_545)
FNDA:1,(anonymous_546)
FNDA:1,(anonymous_547)
FNDA:576,__webpack_require__
FNDA:6,(anonymous_549)
FNDA:12,(anonymous_550)
FNDA:6,(anonymous_551)
FNDA:276,(anonymous_552)
FNDA:6,(anonymous_553)
FNDA:12,(anonymous_554)
DA:1,6
DA:2,6
DA:3,6
DA:4,0
DA:5,0
DA:6,0
DA:7,0
DA:9,0
DA:11,6
DA:13,6
DA:18,6
DA:19,6
DA:20,14
DA:21,0
DA:22,0
DA:23,0
DA:24,0
DA:25,0
DA:26,0
DA:27,0
DA:28,0
DA:29,0
DA:30,0
DA:31,0
DA:32,0
DA:33,0
DA:34,0
DA:35,0
DA:36,0
DA:37,0
DA:38,0
DA:39,0
DA:40,0
DA:41,0
DA:43,103
DA:54,6
DA:64,211
DA:70,115
DA:73,96
DA:74,96
DA:77,96
DA:78,96
DA:81,96
DA:82,22
DA:86,74
DA:89,6
DA:105,6
DA:106,6
DA:107,6
DA:110,0
DA:111,0
DA:114,0
DA:118,6
DA:119,6
DA:120,0
DA:126,6
DA:127,6
DA:128,6
DA:129,0
DA:133,6
DA:134,6
DA:135,60
DA:137,6
DA:138,60
DA:140,6
DA:141,0
DA:145,6
DA:146,6
DA:147,120
DA:149,6
DA:151,0
DA:154,6
DA:157,0
DA:161,6
DA:163,0
DA:166,0
DA:167,0
DA:169,0
DA:170,0
DA:171,0
DA:175,0
DA:176,0
DA:177,0
DA:178,0
DA:179,0
DA:185,0
DA:202,6
DA:203,20
DA:213,6
DA:214,6
DA:224,6
DA:225,390
DA:226,390
DA:227,390
DA:228,0
DA:230,390
DA:232,0
DA:233,0
DA:235,6
DA:236,390
DA:238,6
DA:239,6
DA:240,6
DA:241,6
DA:242,6
DA:251,6
DA:252,168
DA:253,168
DA:254,168
DA:255,168
DA:257,168
DA:259,0
DA:260,0
DA:262,6
DA:263,6
DA:265,0
DA:267,6
DA:268,6
DA:269,6
DA:270,168
DA:271,6
DA:272,6
DA:274,6
DA:275,6
DA:276,6
DA:277,6
DA:278,6
DA:279,6
DA:280,6
DA:281,6
DA:282,6
DA:284,23
DA:286,6
DA:288,10
DA:289,10
DA:290,10
DA:291,10
DA:293,6
DA:295,10
DA:296,10
DA:298,6
DA:307,6
DA:308,168
DA:309,168
DA:310,168
DA:311,168
DA:313,168
DA:315,0
DA:316,0
DA:318,6
DA:319,6
DA:321,0
DA:323,6
DA:324,6
DA:325,6
DA:326,168
DA:327,6
DA:328,6
DA:330,6
DA:331,6
DA:332,6
DA:338,56
DA:340,6
DA:345,46
DA:347,6
DA:353,14
DA:354,14
DA:357,14
DA:358,14
DA:359,14
DA:360,141
DA:361,14
DA:364,0
DA:368,6
DA:373,23
DA:374,23
DA:376,6
DA:385,6
DA:386,78
DA:387,78
DA:388,78
DA:389,78
DA:391,78
DA:393,0
DA:394,0
DA:396,6
DA:397,102
DA:399,6
DA:400,6
DA:401,6
DA:402,6
DA:403,6
DA:404,6
DA:405,6
DA:414,6
DA:415,6
DA:416,6
DA:417,6
DA:418,6
DA:419,6
DA:422,10
DA:423,10
DA:424,10
DA:425,10
DA:426,10
DA:429,14
DA:430,14
DA:431,14
DA:434,14
DA:435,14
DA:436,0
DA:437,14
DA:438,14
DA:441,10
DA:445,3
DA:446,3
DA:447,3
DA:450,3
DA:451,3
DA:452,3
DA:455,10
DA:458,10
DA:459,0
DA:461,10
DA:462,10
DA:463,10
DA:465,10
DA:466,10
DA:467,10
DA:468,10
DA:469,10
DA:470,9
DA:471,9
DA:477,10
DA:481,6
DA:484,14
DA:485,14
DA:486,14
DA:487,14
DA:488,14
DA:489,14
DA:490,14
DA:491,14
DA:495,14
DA:496,14
DA:499,12
DA:503,12
DA:504,12
DA:506,12
DA:507,12
DA:510,10
DA:513,14
DA:516,18
DA:519,14
DA:520,14
DA:524,10
DA:525,10
DA:526,10
DA:527,10
DA:528,13
DA:529,9
DA:530,9
DA:533,10
DA:534,1
DA:535,9
DA:536,9
DA:538,0
DA:540,9
DA:541,9
DA:543,0
DA:546,10
DA:547,0
DA:549,10
DA:552,0
DA:555,6
DA:564,6
DA:565,6
DA:566,6
DA:567,6
DA:568,6
DA:569,6
DA:570,6
DA:571,6
DA:573,23
DA:574,23
DA:575,14
DA:576,14
DA:577,14
DA:578,14
DA:579,14
DA:580,14
DA:581,14
DA:582,14
DA:583,1
DA:585,14
DA:587,1
DA:588,1
DA:589,1
DA:590,1
DA:591,1
DA:592,1
DA:594,14
DA:597,1
DA:599,14
DA:602,0
DA:604,14
DA:608,23
DA:609,14
DA:611,23
DA:612,14
DA:613,14
DA:614,11
DA:615,3
DA:616,3
DA:617,10
DA:618,0
DA:619,10
DA:620,10
DA:621,9
DA:624,3
DA:625,3
DA:628,23
DA:629,14
DA:631,23
DA:633,6
DA:635,23
DA:636,23
DA:638,6
DA:647,6
DA:648,6
DA:649,6
DA:650,6
DA:651,6
DA:652,6
DA:654,23
DA:655,23
DA:657,14
DA:658,14
DA:659,14
DA:661,14
DA:662,14
DA:663,14
DA:664,2
DA:665,2
DA:666,2
DA:667,2
DA:668,2
DA:669,2
DA:672,12
DA:673,12
DA:674,12
DA:675,12
DA:676,12
DA:677,10
DA:679,14
DA:680,14
DA:681,14
DA:692,23
DA:693,23
DA:694,23
DA:697,23
DA:698,14
DA:699,2
DA:700,12
DA:701,2
DA:704,10
DA:707,23
DA:709,6
DA:720,6
DA:729,6
DA:730,132
DA:731,132
DA:732,132
DA:733,425
DA:735,132
DA:737,0
DA:738,0
DA:740,6
DA:741,132
DA:743,6
DA:744,6
DA:745,6
DA:746,6
DA:747,6
DA:748,6
DA:749,6
DA:758,6
DA:759,6
DA:760,6
DA:761,6
DA:764,0
DA:765,0
DA:766,0
DA:767,0
DA:768,0
DA:769,0
DA:772,0
DA:787,0
DA:788,0
DA:789,0
DA:790,0
DA:804,0
DA:807,0
DA:808,0
DA:809,0
DA:814,0
DA:817,0
DA:820,6
DA:822,0
DA:823,0
DA:824,0
DA:826,0
DA:827,0
DA:828,0
DA:829,0
DA:830,0
DA:831,0
DA:833,0
DA:836,0
DA:838,6
DA:840,6
DA:848,15
DA:849,15
DA:850,15
DA:852,6
DA:854,0
DA:856,6
DA:858,31
DA:860,6
DA:869,6
DA:878,6
DA:879,6
DA:880,6
DA:881,6
DA:882,6
DA:885,43
DA:886,43
DA:887,43
DA:888,43
DA:889,43
DA:890,43
DA:891,43
DA:892,43
DA:893,43
DA:896,43
DA:897,43
DA:898,43
DA:899,43
DA:900,43
DA:901,43
DA:902,43
DA:903,43
DA:904,43
DA:905,0
DA:906,43
DA:908,43
DA:909,43
DA:910,43
DA:911,40
DA:912,40
DA:915,3
DA:916,3
DA:919,0
DA:920,0
DA:921,0
DA:923,0
DA:926,43
DA:927,43
DA:928,43
DA:929,43
DA:930,43
DA:933,33
DA:934,11
DA:935,11
DA:937,33
DA:938,33
DA:939,33
DA:940,33
DA:941,33
DA:942,33
DA:944,33
DA:953,0
DA:986,14
DA:989,1
DA:990,1
DA:994,23
DA:996,23
DA:1000,23
DA:1001,23
DA:1002,0
DA:1004,23
DA:1005,23
DA:1007,23
DA:1008,23
DA:1009,23
DA:1010,23
DA:1011,23
DA:1064,0
DA:1067,12
DA:1068,10
DA:1069,12
DA:1072,1
DA:1073,1
DA:1074,1
DA:1076,1
DA:1079,11
DA:1080,11
DA:1081,11
DA:1082,11
DA:1083,11
DA:1084,11
DA:1085,11
DA:1088,6
DA:1090,43
DA:1091,43
DA:1092,43
DA:1093,43
DA:1095,6
DA:1097,26
DA:1098,26
DA:1099,0
DA:1101,26
DA:1106,6
DA:1107,6
DA:1119,6
DA:1120,6
DA:1121,6
DA:1122,6
DA:1123,6
DA:1124,6
DA:1125,6
DA:1126,6
DA:1127,6
DA:1136,32
DA:1137,32
DA:1138,32
DA:1139,32
DA:1140,32
DA:1141,32
DA:1142,32
DA:1144,32
DA:1147,32
DA:1150,43
DA:1151,43
DA:1152,0
DA:1154,43
DA:1155,43
DA:1156,43
DA:1157,43
DA:1160,312
DA:1161,312
DA:1162,2
DA:1163,310
DA:1164,310
DA:1165,230
DA:1166,80
DA:1167,9
DA:1168,71
DA:1171,175
DA:1172,175
DA:1173,175
DA:1174,0
DA:1175,0
DA:1176,0
DA:1177,0
DA:1180,0
DA:1181,0
DA:1184,71
DA:1185,71
DA:1186,51
DA:1187,20
DA:1190,10
DA:1191,10
DA:1192,1
DA:1193,9
DA:1194,9
DA:1198,56
DA:1201,0
DA:1202,0
DA:1209,43
DA:1210,43
DA:1211,0
DA:1214,43
DA:1215,43
DA:1216,43
DA:1219,43
DA:1221,43
DA:1222,22
DA:1223,43
DA:1240,43
DA:1241,43
DA:1243,43
DA:1244,43
DA:1245,43
DA:1248,0
DA:1250,43
DA:1251,43
DA:1252,43
DA:1253,43
DA:1254,43
DA:1262,43
DA:1265,22
DA:1269,2
DA:1270,2
DA:1271,2
DA:1272,2
DA:1273,2
DA:1276,0
DA:1277,0
DA:1278,0
DA:1279,0
DA:1280,0
DA:1283,0
DA:1284,0
DA:1285,0
DA:1289,12
DA:1290,0
DA:1293,12
DA:1294,14
DA:1295,14
DA:1298,12
DA:1299,0
DA:1302,0
DA:1309,0
DA:1312,163
DA:1315,6
DA:1317,0
DA:1319,6
DA:1321,31
DA:1323,6
DA:1332,6
DA:1333,6
DA:1334,6
DA:1336,157
DA:1338,6
DA:1340,0
DA:1341,0
DA:1344,6
DA:1346,0
DA:1347,0
DA:1349,6
DA:1351,0
DA:1352,0
DA:1354,6
DA:1356,26
DA:1357,111
DA:1360,6
DA:1363,293
DA:1369,6
DA:1372,9
DA:1378,6
DA:1380,9
DA:1382,6
DA:1385,47
DA:1387,6
DA:1396,6
DA:1397,6
DA:1398,6
DA:1401,29
DA:1402,29
DA:1403,29
DA:1404,29
DA:1405,29
DA:1406,29
DA:1407,29
DA:1408,29
DA:1413,89
DA:1414,0
DA:1415,89
DA:1416,0
DA:1417,89
DA:1418,89
DA:1423,183
DA:1424,183
DA:1425,183
DA:1426,71
DA:1427,183
DA:1430,4
DA:1431,4
DA:1434,89
DA:1435,89
DA:1436,2
DA:1437,0
DA:1439,2
DA:1440,2
DA:1442,89
DA:1443,56
DA:1444,56
DA:1445,6
DA:1446,56
DA:1447,12
DA:1449,77
DA:1452,12
DA:1453,12
DA:1454,12
DA:1456,32
DA:1457,12
DA:1458,12
DA:1459,12
DA:1462,0
DA:1466,20
DA:1468,32
DA:1470,12
DA:1473,0
DA:1476,5
DA:1477,32
DA:1478,5
DA:1482,5
DA:1483,24
DA:1484,5
DA:1487,6
DA:1496,6
DA:1497,6
DA:1499,6
DA:1500,6
DA:1501,6
DA:1502,6
DA:1503,6
DA:1504,6
DA:1512,10
DA:1514,10
DA:1515,10
DA:1516,10
DA:1517,10
DA:1518,10
DA:1519,10
DA:1520,10
DA:1523,4
DA:1524,0
DA:1526,4
DA:1527,4
DA:1528,4
DA:1531,10
DA:1532,10
DA:1533,10
DA:1534,0
DA:1535,10
DA:1536,10
DA:1537,0
DA:1539,10
DA:1543,0
DA:1546,0
DA:1547,0
DA:1550,12
DA:1551,12
DA:1552,12
DA:1553,12
DA:1554,12
DA:1555,12
DA:1557,12
DA:1560,24
DA:1563,22
DA:1566,0
DA:1570,0
DA:1573,6
DA:1576,4
DA:1577,4
DA:1578,4
DA:1579,4
DA:1580,4
DA:1582,4
DA:1583,4
DA:1584,4
DA:1591,4
DA:1593,4
DA:1594,72
DA:1595,9
DA:1596,9
DA:1597,9
DA:1598,13
DA:1599,13
DA:1600,0
DA:1601,0
DA:1603,13
DA:1604,13
DA:1608,4
DA:1609,8
DA:1610,1
DA:1611,1
DA:1614,4
DA:1615,0
DA:1618,4
DA:1619,9
DA:1620,9
DA:1621,2
DA:1622,7
DA:1623,7
DA:1626,4
DA:1628,4
DA:1629,14
DA:1634,4
DA:1635,4
DA:1638,25
DA:1639,25
DA:1640,25
DA:1641,25
DA:1643,25
DA:1647,10
DA:1648,0
DA:1650,10
DA:1657,10
DA:1661,11
DA:1662,11
DA:1663,11
DA:1664,11
DA:1665,11
DA:1666,1
DA:1667,0
DA:1670,1
DA:1671,1
DA:1672,1
DA:1674,1
DA:1676,10
DA:1677,10
DA:1678,10
DA:1679,10
DA:1680,10
DA:1681,1
DA:1682,1
DA:1684,9
DA:1685,9
DA:1686,9
DA:1690,0
DA:1693,10
DA:1694,10
DA:1695,10
DA:1697,10
DA:1698,10
DA:1699,10
DA:1703,4
DA:1704,4
DA:1705,4
DA:1708,105
DA:1709,14
DA:1710,91
DA:1711,91
DA:1712,91
DA:1713,36
DA:1715,91
DA:1719,0
DA:1722,111
DA:1725,12
DA:1728,6
DA:1737,6
DA:1738,126
DA:1739,126
DA:1740,126
DA:1741,24
DA:1743,126
DA:1745,0
DA:1746,0
DA:1748,6
DA:1749,126
DA:1751,6
DA:1752,6
DA:1753,6
DA:1754,6
DA:1755,6
DA:1764,6
DA:1765,6
DA:1766,6
DA:1767,6
DA:1773,4
DA:1774,1
DA:1776,3
DA:1777,0
DA:1780,3
DA:1782,4
DA:1788,4
DA:1790,4
DA:1791,4
DA:1792,0
DA:1793,0
DA:1794,0
DA:1795,0
DA:1797,0
DA:1798,0
DA:1799,0
DA:1800,0
DA:1804,4
DA:1805,4
DA:1806,10
DA:1807,1
DA:1808,1
DA:1810,9
DA:1811,9
DA:1812,6
DA:1813,3
DA:1816,3
DA:1817,3
DA:1818,0
DA:1822,4
DA:1823,10
DA:1824,1
DA:1825,9
DA:1826,0
DA:1827,9
DA:1828,9
DA:1829,6
DA:1830,3
DA:1832,4
DA:1834,6
DA:1836,4
DA:1838,4
DA:1839,1
DA:1840,4
DA:1844,3
DA:1845,6
DA:1846,0
DA:1847,6
DA:1848,6
DA:1849,1
DA:1850,5
DA:1853,4
DA:1863,6
DA:1864,6
DA:1865,6
DA:1866,6
DA:1867,6
DA:1869,14
DA:1870,14
DA:1871,14
DA:1873,57
DA:1874,28
DA:1875,29
DA:1876,1
DA:1877,28
DA:1878,28
DA:1879,5
DA:1880,5
DA:1881,5
DA:1882,5
DA:1883,5
DA:1884,5
DA:1885,3
DA:1886,3
DA:1887,20
DA:1888,20
DA:1890,3
DA:1892,5
DA:1893,5
DA:1894,5
DA:1900,0
DA:1906,14
DA:1907,57
DA:1908,5
DA:1909,52
DA:1910,28
DA:1911,24
DA:1912,1
DA:1916,0
DA:1918,1
DA:1920,23
DA:1921,14
DA:1925,8
DA:1927,14
DA:1929,9
DA:1933,9
DA:1936,14
DA:1938,6
DA:1940,0
DA:1941,0
DA:1942,0
DA:1944,0
DA:1945,0
DA:1946,0
DA:1947,0
DA:1948,0
DA:1949,0
DA:1950,0
DA:1951,0
DA:1952,0
DA:1953,0
DA:1954,0
DA:1955,0
DA:1956,0
DA:1957,0
DA:1958,0
DA:1959,0
DA:1961,0
DA:1963,0
DA:1964,0
DA:1965,0
DA:1971,0
DA:1977,0
DA:1978,0
DA:1979,0
DA:1980,0
DA:1981,0
DA:1982,0
DA:1983,0
DA:1987,0
DA:1989,0
DA:1991,0
DA:1992,0
DA:1996,0
DA:1998,0
DA:2000,0
DA:2004,0
DA:2007,0
DA:2010,6
DA:2019,6
DA:2020,6
DA:2021,6
DA:2022,6
DA:2024,5
DA:2025,5
DA:2026,5
DA:2032,8
DA:2033,8
DA:2036,5
DA:2037,13
DA:2041,48
DA:2044,5
DA:2045,19
DA:2049,16
DA:2052,5
DA:2053,2
DA:2057,8
DA:2060,5
DA:2061,0
DA:2065,0
DA:2068,5
DA:2070,6
DA:2079,6
DA:2080,102
DA:2081,102
DA:2082,102
DA:2083,102
DA:2085,102
DA:2087,0
DA:2088,0
DA:2090,6
DA:2091,102
DA:2093,6
DA:2094,6
DA:2095,6
DA:2096,6
DA:2097,6
DA:2098,6
DA:2099,6
DA:2100,6
DA:2109,6
DA:2110,6
DA:2111,6
DA:2113,11
DA:2114,11
DA:2115,11
DA:2117,6
DA:2126,6
DA:2127,6
DA:2128,6
DA:2129,6
DA:2132,12
DA:2133,12
DA:2134,0
DA:2136,4
DA:2137,4
DA:2140,4
DA:2142,4
DA:2143,2
DA:2147,8
DA:2148,2
DA:2152,4
DA:2154,6
DA:2158,4
DA:2161,0
DA:2167,6
DA:2169,4
DA:2171,6
DA:2180,6
DA:2181,6
DA:2182,6
DA:2183,6
DA:2184,6
DA:2185,6
DA:2186,6
DA:2187,6
DA:2191,1
DA:2199,2
DA:2200,2
DA:2203,0
DA:2204,0
DA:2207,8
DA:2210,6
DA:2216,1
DA:2217,1
DA:2218,5
DA:2219,1
DA:2220,1
DA:2221,1
DA:2222,1
DA:2223,1
DA:2224,1
DA:2225,1
DA:2226,1
DA:2229,1
DA:2230,1
DA:2235,0
DA:2238,1
DA:2239,1
DA:2240,1
DA:2241,1
DA:2245,1
DA:2248,1
DA:2249,0
DA:2250,1
DA:2254,2
DA:2255,2
DA:2258,0
DA:2260,2
DA:2261,2
DA:2262,1
DA:2263,1
DA:2266,1
DA:2268,2
DA:2269,2
DA:2270,2
DA:2271,2
DA:2272,2
DA:2273,0
DA:2274,2
DA:2275,2
DA:2276,2
DA:2279,0
DA:2280,0
DA:2281,0
DA:2282,0
DA:2283,0
DA:2284,0
DA:2288,0
DA:2289,0
DA:2290,0
DA:2293,20
DA:2294,20
DA:2295,20
DA:2299,8
DA:2300,0
DA:2301,8
DA:2302,8
DA:2304,0
DA:2307,1
DA:2308,0
DA:2309,1
DA:2310,1
DA:2313,1
DA:2314,1
DA:2317,0
DA:2321,0
DA:2324,1
DA:2330,6
DA:2332,1
DA:2334,6
DA:2340,1
DA:2341,0
DA:2342,0
DA:2343,0
DA:2347,0
DA:2349,1
DA:2350,1
DA:2351,1
DA:2356,0
DA:2361,0
DA:2367,6
DA:2376,6
DA:2377,6
DA:2378,6
DA:2379,6
DA:2380,6
DA:2381,6
DA:2382,6
DA:2383,6
DA:2385,4
DA:2387,6
DA:2390,4
DA:2391,4
DA:2392,4
DA:2393,4
DA:2394,4
DA:2395,4
DA:2396,4
DA:2397,12
DA:2399,4
DA:2403,4
DA:2404,4
DA:2405,0
DA:2408,4
DA:2409,4
DA:2410,4
DA:2411,4
DA:2412,0
DA:2413,0
DA:2414,0
DA:2416,4
DA:2417,4
DA:2420,4
DA:2421,4
DA:2427,0
DA:2430,4
DA:2433,4
DA:2436,0
DA:2439,7
DA:2442,3
DA:2448,6
DA:2453,0
DA:2454,0
DA:2456,0
DA:2459,6
DA:2468,6
DA:2469,6
DA:2470,6
DA:2471,6
DA:2472,6
DA:2473,6
DA:2476,1
DA:2477,1
DA:2478,1
DA:2479,1
DA:2480,1
DA:2481,1
DA:2484,1
DA:2485,1
DA:2486,0
DA:2488,1
DA:2489,1
DA:2490,1
DA:2491,4
DA:2492,4
DA:2493,4
DA:2494,3
DA:2495,1
DA:2499,1
DA:2502,6
DA:2504,1
DA:2506,6
DA:2515,6
DA:2516,54
DA:2517,54
DA:2518,54
DA:2519,79
DA:2521,54
DA:2523,0
DA:2524,0
DA:2526,6
DA:2527,54
DA:2529,6
DA:2530,6
DA:2531,6
DA:2532,6
DA:2541,6
DA:2542,6
DA:2543,6
DA:2548,48
DA:2549,11
DA:2550,37
DA:2551,0
DA:2552,37
DA:2553,0
DA:2554,37
DA:2555,18
DA:2556,18
DA:2557,0
DA:2558,18
DA:2559,26
DA:2560,18
DA:2562,0
DA:2564,19
DA:2566,6
DA:2571,22
DA:2573,6
DA:2578,0
DA:2579,0
DA:2580,0
DA:2581,0
DA:2582,0
DA:2583,0
DA:2584,0
DA:2586,0
DA:2592,0
DA:2594,6
DA:2603,6
DA:2604,6
DA:2605,6
DA:2610,0
DA:2611,0
DA:2612,0
DA:2613,0
DA:2615,0
DA:2617,6
DA:2624,0
DA:2625,0
DA:2626,0
DA:2627,0
DA:2629,6
DA:2638,6
DA:2639,6
DA:2643,6
DA:2646,60
DA:2647,60
DA:2648,60
DA:2649,38
DA:2652,22
DA:2653,44
DA:2654,44
DA:2657,60
DA:2658,60
DA:2659,82
DA:2660,82
DA:2661,200
DA:2662,22
DA:2663,178
DA:2664,178
DA:2665,178
DA:2666,0
DA:2667,178
DA:2668,178
DA:2669,0
DA:2673,6
DA:2675,0
DA:2676,0
DA:2677,0
DA:2679,0
DA:2681,6
DA:2683,0
DA:2684,0
DA:2685,0
DA:2687,0
DA:2689,6
DA:2691,0
DA:2693,6
DA:2701,6
DA:2708,6
DA:2715,6
DA:2716,6
DA:2717,85
DA:2719,85
DA:2722,129
DA:2725,15
DA:2726,15
DA:2727,1
DA:2737,6
DA:2742,576
DA:2743,576
DA:2744,348
DA:2747,228
DA:2754,228
DA:2757,228
DA:2762,6
DA:2764,6
DA:2765,12
DA:2766,138
DA:2767,138
DA:2774,6
DA:2775,276
DA:2779,6
DA:2781,6
DA:2782,12
DA:2783,12
DA:2785,12
DA:2794,6
DA:2796,6
LF:1361
LH:1072
BRDA:2,0,0,6
BRDA:2,0,1,0
BRDA:2,1,0,6
BRDA:2,1,1,6
BRDA:4,2,0,0
BRDA:4,2,1,0
BRDA:4,3,0,0
BRDA:4,3,1,0
BRDA:6,4,0,0
BRDA:6,4,1,0
BRDA:10,5,0,6
BRDA:10,5,1,0
BRDA:43,6,0,0
BRDA:43,6,1,0
BRDA:43,7,0,0
BRDA:43,7,1,0
BRDA:43,8,0,0
BRDA:43,8,1,0
BRDA:43,9,0,67
BRDA:43,9,1,60
BRDA:43,10,0,81
BRDA:43,10,1,74
BRDA:43,10,2,36
BRDA:43,10,3,30
BRDA:43,10,4,30
BRDA:43,10,5,30
BRDA:43,10,6,30
BRDA:43,11,0,30
BRDA:43,11,1,44
BRDA:43,12,0,74
BRDA:43,12,1,74
BRDA:43,13,0,0
BRDA:43,13,1,44
BRDA:43,14,0,44
BRDA:43,14,1,44
BRDA:43,15,0,44
BRDA:43,15,1,6
BRDA:43,15,2,6
BRDA:43,16,0,0
BRDA:43,16,1,0
BRDA:43,17,0,28
BRDA:43,17,1,16
BRDA:43,18,0,25
BRDA:43,18,1,3
BRDA:43,19,0,9
BRDA:43,19,1,16
BRDA:43,20,0,103
BRDA:43,20,1,24
BRDA:43,20,2,103
BRDA:43,21,0,0
BRDA:43,21,1,50
BRDA:43,22,0,0
BRDA:43,22,1,0
BRDA:43,23,0,6
BRDA:43,23,1,44
BRDA:43,24,0,0
BRDA:43,24,1,44
BRDA:43,25,0,0
BRDA:43,25,1,44
BRDA:43,26,0,0
BRDA:43,26,1,0
BRDA:43,27,0,0
BRDA:43,27,1,0
BRDA:43,28,0,0
BRDA:43,28,1,0
BRDA:43,29,0,0
BRDA:43,29,1,0
BRDA:43,30,0,0
BRDA:43,30,1,10
BRDA:43,31,0,0
BRDA:43,31,1,0
BRDA:43,32,0,10
BRDA:43,32,1,0
BRDA:43,33,0,88
BRDA:43,33,1,88
BRDA:43,34,0,88
BRDA:43,34,1,88
BRDA:43,35,0,24
BRDA:43,35,1,20
BRDA:43,36,0,0
BRDA:43,36,1,10
BRDA:43,37,0,25
BRDA:43,37,1,25
BRDA:43,38,0,25
BRDA:43,38,1,25
BRDA:43,38,2,0
BRDA:43,39,0,30
BRDA:43,39,1,0
BRDA:43,40,0,8
BRDA:43,40,1,22
BRDA:43,41,0,30
BRDA:43,41,1,22
BRDA:43,41,2,22
BRDA:43,42,0,22
BRDA:43,42,1,0
BRDA:43,43,0,22
BRDA:43,43,1,5
BRDA:43,44,0,59
BRDA:43,44,1,58
BRDA:43,44,2,51
BRDA:43,45,0,0
BRDA:43,45,1,0
BRDA:43,46,0,0
BRDA:43,46,1,0
BRDA:43,47,0,28
BRDA:43,47,1,0
BRDA:43,48,0,14
BRDA:43,48,1,0
BRDA:43,49,0,28
BRDA:43,49,1,14
BRDA:43,50,0,14
BRDA:43,50,1,0
BRDA:43,51,0,14
BRDA:43,51,1,0
BRDA:43,52,0,14
BRDA:43,52,1,0
BRDA:43,53,0,14
BRDA:43,53,1,0
BRDA:43,54,0,0
BRDA:43,54,1,14
BRDA:43,55,0,0
BRDA:43,55,1,0
BRDA:43,56,0,0
BRDA:43,56,1,0
BRDA:43,57,0,0
BRDA:43,57,1,0
BRDA:43,58,0,0
BRDA:43,58,1,0
BRDA:43,59,0,14
BRDA:43,59,1,0
BRDA:43,60,0,14
BRDA:43,60,1,0
BRDA:43,61,0,0
BRDA:43,61,1,21
BRDA:43,62,0,7
BRDA:43,62,1,14
BRDA:43,63,0,0
BRDA:43,63,1,14
BRDA:43,64,0,4
BRDA:43,64,1,10
BRDA:43,65,0,10
BRDA:43,65,1,0
BRDA:43,66,0,0
BRDA:43,66,1,10
BRDA:43,67,0,10
BRDA:43,67,1,10
BRDA:43,68,0,0
BRDA:43,68,1,10
BRDA:43,69,0,10
BRDA:43,69,1,10
BRDA:43,69,2,0
BRDA:43,70,0,0
BRDA:43,70,1,45
BRDA:43,71,0,45
BRDA:43,71,1,0
BRDA:43,72,0,0
BRDA:43,72,1,0
BRDA:43,73,0,0
BRDA:43,73,1,0
BRDA:43,73,2,0
BRDA:43,73,3,0
BRDA:43,74,0,0
BRDA:43,74,1,0
BRDA:43,75,0,7
BRDA:43,75,1,38
BRDA:43,76,0,45
BRDA:43,76,1,8
BRDA:43,77,0,0
BRDA:43,77,1,7
BRDA:43,78,0,7
BRDA:43,78,1,0
BRDA:43,79,0,7
BRDA:43,79,1,2
BRDA:43,79,2,7
BRDA:43,80,0,21
BRDA:43,80,1,7
BRDA:43,81,0,21
BRDA:43,81,1,21
BRDA:43,81,2,21
BRDA:43,82,0,0
BRDA:43,82,1,10
BRDA:43,83,0,14
BRDA:43,83,1,0
BRDA:43,84,0,0
BRDA:43,84,1,14
BRDA:43,85,0,10
BRDA:43,85,1,10
BRDA:43,86,0,10
BRDA:43,86,1,0
BRDA:43,87,0,10
BRDA:43,87,1,10
BRDA:43,88,0,0
BRDA:43,88,1,14
BRDA:43,89,0,0
BRDA:43,89,1,14
BRDA:43,90,0,14
BRDA:43,90,1,0
BRDA:43,91,0,0
BRDA:43,91,1,14
BRDA:43,92,0,0
BRDA:43,92,1,14
BRDA:43,93,0,14
BRDA:43,93,1,0
BRDA:43,94,0,0
BRDA:43,94,1,14
BRDA:43,95,0,0
BRDA:43,95,1,0
BRDA:43,96,0,0
BRDA:43,96,1,0
BRDA:43,97,0,0
BRDA:43,97,1,0
BRDA:43,98,0,0
BRDA:43,98,1,0
BRDA:43,99,0,0
BRDA:43,99,1,0
BRDA:43,99,2,0
BRDA:43,100,0,0
BRDA:43,100,1,0
BRDA:43,100,2,0
BRDA:43,101,0,0
BRDA:43,101,1,0
BRDA:43,102,0,0
BRDA:43,102,1,0
BRDA:43,103,0,0
BRDA:43,103,1,0
BRDA:43,104,0,0
BRDA:43,104,1,0
BRDA:43,105,0,0
BRDA:43,105,1,0
BRDA:43,106,0,0
BRDA:43,106,1,0
BRDA:43,107,0,0
BRDA:43,107,1,0
BRDA:43,108,0,0
BRDA:43,108,1,0
BRDA:43,109,0,0
BRDA:43,109,1,0
BRDA:43,110,0,0
BRDA:43,110,1,0
BRDA:43,111,0,0
BRDA:43,111,1,0
BRDA:43,112,0,0
BRDA:43,112,1,0
BRDA:43,113,0,0
BRDA:43,113,1,0
BRDA:43,114,0,0
BRDA:43,114,1,0
BRDA:43,115,0,0
BRDA:43,115,1,0
BRDA:43,116,0,0
BRDA:43,116,1,0
BRDA:43,117,0,0
BRDA:43,117,1,0
BRDA:43,118,0,0
BRDA:43,118,1,0
BRDA:43,119,0,0
BRDA:43,119,1,0
BRDA:43,120,0,0
BRDA:43,120,1,0
BRDA:43,121,0,0
BRDA:43,121,1,0
BRDA:43,122,0,0
BRDA:43,122,1,0
BRDA:43,123,0,0
BRDA:43,123,1,0
BRDA:43,124,0,0
BRDA:43,124,1,0
BRDA:43,125,0,0
BRDA:43,125,1,0
BRDA:43,126,0,0
BRDA:43,126,1,0
BRDA:43,127,0,0
BRDA:43,127,1,0
BRDA:43,127,2,0
BRDA:43,128,0,0
BRDA:43,128,1,0
BRDA:43,129,0,0
BRDA:43,129,1,0
BRDA:43,130,0,0
BRDA:43,130,1,0
BRDA:43,131,0,0
BRDA:43,131,1,0
BRDA:43,132,0,0
BRDA:43,132,1,0
BRDA:43,133,0,0
BRDA:43,133,1,0
BRDA:43,134,0,0
BRDA:43,134,1,0
BRDA:43,135,0,0
BRDA:43,135,1,0
BRDA:43,136,0,0
BRDA:43,136,1,0
BRDA:43,137,0,0
BRDA:43,137,1,0
BRDA:43,137,2,0
BRDA:43,138,0,0
BRDA:43,138,1,0
BRDA:43,139,0,0
BRDA:43,139,1,0
BRDA:43,140,0,0
BRDA:43,140,1,0
BRDA:43,141,0,0
BRDA:43,141,1,0
BRDA:43,142,0,0
BRDA:43,142,1,0
BRDA:43,143,0,0
BRDA:43,143,1,0
BRDA:43,144,0,0
BRDA:43,144,1,0
BRDA:43,145,0,0
BRDA:43,145,1,0
BRDA:43,146,0,0
BRDA:43,146,1,0
BRDA:43,147,0,0
BRDA:43,147,1,0
BRDA:43,148,0,0
BRDA:43,148,1,0
BRDA:43,149,0,0
BRDA:43,149,1,0
BRDA:43,150,0,0
BRDA:43,150,1,0
BRDA:43,150,2,0
BRDA:43,150,3,0
BRDA:43,150,4,0
BRDA:43,151,0,0
BRDA:43,151,1,0
BRDA:43,151,2,0
BRDA:43,152,0,0
BRDA:43,152,1,0
BRDA:43,153,0,0
BRDA:43,153,1,0
BRDA:43,153,2,0
BRDA:43,153,3,0
BRDA:43,154,0,0
BRDA:43,154,1,0
BRDA:43,154,2,0
BRDA:43,155,0,0
BRDA:43,155,1,0
BRDA:43,155,2,0
BRDA:43,155,3,0
BRDA:43,156,0,0
BRDA:43,156,1,0
BRDA:43,157,0,0
BRDA:43,157,1,0
BRDA:43,157,2,0
BRDA:43,157,3,0
BRDA:43,158,0,0
BRDA:43,158,1,0
BRDA:43,158,2,0
BRDA:43,158,3,0
BRDA:43,158,4,0
BRDA:43,158,5,0
BRDA:43,159,0,0
BRDA:43,159,1,0
BRDA:43,160,0,0
BRDA:43,160,1,0
BRDA:43,161,0,0
BRDA:43,161,1,0
BRDA:43,162,0,0
BRDA:43,162,1,0
BRDA:43,163,0,0
BRDA:43,163,1,0
BRDA:43,164,0,0
BRDA:43,164,1,0
BRDA:43,165,0,0
BRDA:43,165,1,0
BRDA:43,166,0,0
BRDA:43,166,1,0
BRDA:43,167,0,0
BRDA:43,167,1,0
BRDA:43,168,0,0
BRDA:43,168,1,0
BRDA:43,169,0,0
BRDA:43,169,1,0
BRDA:43,170,0,0
BRDA:43,170,1,0
BRDA:43,171,0,0
BRDA:43,171,1,0
BRDA:43,172,0,0
BRDA:43,172,1,0
BRDA:43,173,0,0
BRDA:43,173,1,0
BRDA:43,174,0,0
BRDA:43,174,1,0
BRDA:43,175,0,0
BRDA:43,175,1,0
BRDA:43,176,0,0
BRDA:43,176,1,0
BRDA:43,177,0,0
BRDA:43,177,1,0
BRDA:43,177,2,0
BRDA:43,177,3,0
BRDA:43,178,0,0
BRDA:43,178,1,0
BRDA:43,179,0,0
BRDA:43,179,1,0
BRDA:43,180,0,0
BRDA:43,180,1,0
BRDA:43,180,2,0
BRDA:43,181,0,0
BRDA:43,181,1,0
BRDA:43,182,0,0
BRDA:43,182,1,0
BRDA:43,183,0,0
BRDA:43,183,1,0
BRDA:43,184,0,0
BRDA:43,184,1,0
BRDA:43,185,0,0
BRDA:43,185,1,0
BRDA:43,186,0,0
BRDA:43,186,1,0
BRDA:43,187,0,0
BRDA:43,187,1,0
BRDA:43,188,0,0
BRDA:43,188,1,0
BRDA:43,189,0,0
BRDA:43,189,1,0
BRDA:43,190,0,0
BRDA:43,190,1,0
BRDA:43,191,0,0
BRDA:43,191,1,0
BRDA:43,192,0,0
BRDA:43,192,1,0
BRDA:43,193,0,0
BRDA:43,193,1,0
BRDA:43,194,0,0
BRDA:43,194,1,0
BRDA:43,195,0,0
BRDA:43,195,1,0
BRDA:43,195,2,0
BRDA:43,196,0,0
BRDA:43,196,1,0
BRDA:43,197,0,6
BRDA:43,197,1,6
BRDA:43,198,0,6
BRDA:43,198,1,6
BRDA:43,198,2,6
BRDA:43,199,0,6
BRDA:43,199,1,0
BRDA:43,200,0,6
BRDA:43,200,1,0
BRDA:43,201,0,6
BRDA:43,201,1,0
BRDA:43,202,0,6
BRDA:43,202,1,6
BRDA:43,202,2,0
BRDA:43,203,0,6
BRDA:43,203,1,0
BRDA:43,204,0,6
BRDA:43,204,1,6
BRDA:43,205,0,0
BRDA:43,205,1,0
BRDA:43,206,0,6
BRDA:43,206,1,0
BRDA:43,207,0,28
BRDA:43,207,1,0
BRDA:43,208,0,0
BRDA:43,208,1,0
BRDA:43,209,0,0
BRDA:43,209,1,0
BRDA:43,210,0,0
BRDA:43,210,1,0
BRDA:43,211,0,0
BRDA:43,211,1,0
BRDA:43,212,0,0
BRDA:43,212,1,0
BRDA:43,213,0,0
BRDA:43,213,1,0
BRDA:43,214,0,0
BRDA:43,214,1,0
BRDA:43,215,0,0
BRDA:43,215,1,0
BRDA:43,216,0,0
BRDA:43,216,1,14
BRDA:43,217,0,14
BRDA:43,217,1,0
BRDA:43,218,0,10
BRDA:43,218,1,4
BRDA:43,219,0,0
BRDA:43,219,1,10
BRDA:43,220,0,0
BRDA:43,220,1,10
BRDA:43,221,0,10
BRDA:43,221,1,0
BRDA:43,222,0,0
BRDA:43,222,1,10
BRDA:43,223,0,10
BRDA:43,223,1,0
BRDA:43,223,2,0
BRDA:43,224,0,14
BRDA:43,224,1,0
BRDA:43,224,2,0
BRDA:43,224,3,0
BRDA:43,224,4,14
BRDA:43,225,0,0
BRDA:43,225,1,0
BRDA:43,226,0,0
BRDA:43,226,1,0
BRDA:43,227,0,0
BRDA:43,227,1,0
BRDA:43,228,0,0
BRDA:43,228,1,0
BRDA:43,229,0,0
BRDA:43,229,1,0
BRDA:43,230,0,0
BRDA:43,230,1,0
BRDA:43,231,0,0
BRDA:43,231,1,0
BRDA:43,232,0,0
BRDA:43,232,1,14
BRDA:43,233,0,14
BRDA:43,233,1,0
BRDA:43,234,0,0
BRDA:43,234,1,0
BRDA:43,235,0,0
BRDA:43,235,1,0
BRDA:43,236,0,14
BRDA:43,236,1,0
BRDA:43,237,0,14
BRDA:43,237,1,0
BRDA:43,238,0,14
BRDA:43,238,1,0
BRDA:43,238,2,0
BRDA:43,239,0,0
BRDA:43,239,1,14
BRDA:43,240,0,0
BRDA:43,240,1,14
BRDA:43,241,0,14
BRDA:43,241,1,14
BRDA:43,242,0,0
BRDA:43,242,1,0
BRDA:43,243,0,0
BRDA:43,243,1,0
BRDA:43,244,0,0
BRDA:43,244,1,0
BRDA:43,245,0,0
BRDA:43,245,1,0
BRDA:43,246,0,0
BRDA:43,246,1,0
BRDA:43,247,0,0
BRDA:43,247,1,0
BRDA:43,248,0,0
BRDA:43,248,1,0
BRDA:43,249,0,0
BRDA:43,249,1,0
BRDA:43,250,0,0
BRDA:43,250,1,0
BRDA:43,251,0,0
BRDA:43,251,1,0
BRDA:43,252,0,6
BRDA:43,252,1,0
BRDA:43,253,0,6
BRDA:43,253,1,0
BRDA:43,254,0,6
BRDA:43,254,1,0
BRDA:43,255,0,6
BRDA:43,255,1,0
BRDA:43,256,0,0
BRDA:43,256,1,0
BRDA:43,257,0,0
BRDA:43,257,1,0
BRDA:43,258,0,0
BRDA:43,258,1,0
BRDA:43,259,0,0
BRDA:43,259,1,0
BRDA:43,260,0,0
BRDA:43,260,1,0
BRDA:43,260,2,0
BRDA:43,261,0,0
BRDA:43,261,1,0
BRDA:43,262,0,0
BRDA:43,262,1,0
BRDA:43,263,0,0
BRDA:43,263,1,0
BRDA:43,264,0,0
BRDA:43,264,1,0
BRDA:70,265,0,19
BRDA:70,265,1,96
BRDA:74,266,0,0
BRDA:74,266,1,96
BRDA:78,267,0,0
BRDA:78,267,1,96
BRDA:81,268,0,22
BRDA:81,268,1,74
BRDA:110,269,0,0
BRDA:110,269,1,0
BRDA:110,270,0,0
BRDA:110,270,1,0
BRDA:119,271,0,0
BRDA:119,271,1,6
BRDA:128,272,0,0
BRDA:128,272,1,6
BRDA:140,273,0,0
BRDA:140,273,1,6
BRDA:149,274,0,0
BRDA:149,274,1,6
BRDA:161,275,0,6
BRDA:161,275,1,0
BRDA:170,276,0,0
BRDA:170,276,1,0
BRDA:175,277,0,0
BRDA:175,277,1,0
BRDA:178,278,0,0
BRDA:178,278,1,0
BRDA:202,279,0,6
BRDA:202,279,1,0
BRDA:202,280,0,6
BRDA:202,280,1,6
BRDA:203,281,0,10
BRDA:203,281,1,0
BRDA:203,282,0,10
BRDA:203,282,1,0
BRDA:203,283,0,10
BRDA:203,283,1,0
BRDA:203,284,0,20
BRDA:203,284,1,20
BRDA:203,284,2,20
BRDA:203,285,0,0
BRDA:203,285,1,10
BRDA:203,286,0,10
BRDA:203,286,1,10
BRDA:203,287,0,0
BRDA:203,287,1,0
BRDA:213,288,0,6
BRDA:213,288,1,0
BRDA:224,289,0,6
BRDA:224,289,1,6
BRDA:224,289,2,6
BRDA:224,290,0,6
BRDA:224,290,1,0
BRDA:225,291,0,390
BRDA:225,291,1,0
BRDA:227,292,0,0
BRDA:227,292,1,390
BRDA:227,293,0,390
BRDA:227,293,1,390
BRDA:227,294,0,390
BRDA:227,294,1,0
BRDA:227,295,0,0
BRDA:227,295,1,0
BRDA:232,296,0,0
BRDA:232,296,1,0
BRDA:235,297,0,6
BRDA:235,297,1,6
BRDA:235,297,2,6
BRDA:236,298,0,390
BRDA:236,298,1,0
BRDA:236,299,0,390
BRDA:236,299,1,390
BRDA:251,300,0,6
BRDA:251,300,1,6
BRDA:251,300,2,6
BRDA:251,301,0,6
BRDA:251,301,1,0
BRDA:252,302,0,168
BRDA:252,302,1,0
BRDA:254,303,0,168
BRDA:254,303,1,0
BRDA:254,304,0,168
BRDA:254,304,1,168
BRDA:254,305,0,0
BRDA:254,305,1,168
BRDA:254,306,0,168
BRDA:254,306,1,0
BRDA:259,307,0,0
BRDA:259,307,1,0
BRDA:262,308,0,6
BRDA:262,308,1,6
BRDA:262,308,2,6
BRDA:262,309,0,6
BRDA:262,309,1,0
BRDA:267,310,0,6
BRDA:267,310,1,6
BRDA:267,310,2,6
BRDA:268,311,0,0
BRDA:268,311,1,6
BRDA:268,312,0,6
BRDA:268,312,1,6
BRDA:270,313,0,6
BRDA:270,313,1,0
BRDA:270,314,0,168
BRDA:270,314,1,0
BRDA:270,315,0,168
BRDA:270,315,1,168
BRDA:287,316,0,10
BRDA:295,317,0,10
BRDA:295,317,1,10
BRDA:307,318,0,6
BRDA:307,318,1,6
BRDA:307,318,2,6
BRDA:307,319,0,6
BRDA:307,319,1,0
BRDA:308,320,0,168
BRDA:308,320,1,0
BRDA:310,321,0,168
BRDA:310,321,1,0
BRDA:310,322,0,168
BRDA:310,322,1,168
BRDA:310,323,0,0
BRDA:310,323,1,168
BRDA:310,324,0,168
BRDA:310,324,1,0
BRDA:315,325,0,0
BRDA:315,325,1,0
BRDA:318,326,0,6
BRDA:318,326,1,6
BRDA:318,326,2,6
BRDA:318,327,0,6
BRDA:318,327,1,0
BRDA:323,328,0,6
BRDA:323,328,1,6
BRDA:323,328,2,6
BRDA:324,329,0,0
BRDA:324,329,1,6
BRDA:324,330,0,6
BRDA:324,330,1,6
BRDA:326,331,0,6
BRDA:326,331,1,0
BRDA:326,332,0,168
BRDA:326,332,1,0
BRDA:326,333,0,168
BRDA:326,333,1,168
BRDA:385,334,0,6
BRDA:385,334,1,6
BRDA:385,334,2,6
BRDA:385,335,0,6
BRDA:385,335,1,0
BRDA:386,336,0,78
BRDA:386,336,1,0
BRDA:388,337,0,78
BRDA:388,337,1,0
BRDA:388,338,0,78
BRDA:388,338,1,78
BRDA:388,339,0,0
BRDA:388,339,1,78
BRDA:388,340,0,78
BRDA:388,340,1,0
BRDA:393,341,0,0
BRDA:393,341,1,0
BRDA:396,342,0,6
BRDA:396,342,1,6
BRDA:396,342,2,6
BRDA:397,343,0,78
BRDA:397,343,1,24
BRDA:397,344,0,102
BRDA:397,344,1,102
BRDA:435,345,0,0
BRDA:435,345,1,14
BRDA:458,346,0,0
BRDA:458,346,1,10
BRDA:467,347,0,10
BRDA:467,347,1,10
BRDA:469,348,0,9
BRDA:469,348,1,1
BRDA:510,349,0,10
BRDA:510,349,1,9
BRDA:510,349,2,9
BRDA:528,350,0,9
BRDA:528,350,1,4
BRDA:528,351,0,0
BRDA:528,351,1,13
BRDA:528,352,0,13
BRDA:528,352,1,13
BRDA:533,353,0,1
BRDA:533,353,1,9
BRDA:536,354,0,0
BRDA:536,354,1,9
BRDA:540,355,0,9
BRDA:540,355,1,0
BRDA:546,356,0,0
BRDA:546,356,1,10
BRDA:582,357,0,1
BRDA:582,357,1,13
BRDA:613,358,0,11
BRDA:613,358,1,3
BRDA:617,359,0,0
BRDA:617,359,1,10
BRDA:620,360,0,9
BRDA:620,360,1,1
BRDA:634,361,0,21
BRDA:634,362,0,23
BRDA:653,363,0,0
BRDA:653,364,0,0
BRDA:657,365,0,14
BRDA:657,365,1,14
BRDA:657,366,0,1
BRDA:657,366,1,13
BRDA:663,367,0,2
BRDA:663,367,1,12
BRDA:668,368,0,0
BRDA:668,368,1,2
BRDA:672,369,0,3
BRDA:672,369,1,9
BRDA:672,370,0,12
BRDA:672,370,1,12
BRDA:673,371,0,3
BRDA:673,371,1,9
BRDA:675,372,0,12
BRDA:675,372,1,12
BRDA:676,373,0,10
BRDA:676,373,1,2
BRDA:676,374,0,12
BRDA:676,374,1,12
BRDA:694,375,0,23
BRDA:694,375,1,21
BRDA:698,376,0,2
BRDA:698,376,1,12
BRDA:698,377,0,14
BRDA:698,377,1,14
BRDA:700,378,0,2
BRDA:700,378,1,10
BRDA:729,379,0,6
BRDA:729,379,1,6
BRDA:729,379,2,6
BRDA:729,380,0,6
BRDA:729,380,1,0
BRDA:730,381,0,132
BRDA:730,381,1,0
BRDA:732,382,0,132
BRDA:732,382,1,0
BRDA:732,383,0,132
BRDA:732,383,1,132
BRDA:732,384,0,0
BRDA:732,384,1,132
BRDA:732,385,0,132
BRDA:732,385,1,0
BRDA:737,386,0,0
BRDA:737,386,1,0
BRDA:740,387,0,6
BRDA:740,387,1,6
BRDA:740,387,2,6
BRDA:741,388,0,132
BRDA:741,388,1,0
BRDA:741,389,0,132
BRDA:741,389,1,132
BRDA:772,390,0,0
BRDA:772,390,1,0
BRDA:789,391,0,0
BRDA:789,391,1,0
BRDA:807,392,0,0
BRDA:807,392,1,0
BRDA:808,393,0,0
BRDA:808,393,1,0
BRDA:823,394,0,0
BRDA:823,394,1,0
BRDA:830,395,0,0
BRDA:830,395,1,0
BRDA:833,396,0,0
BRDA:833,396,1,0
BRDA:884,397,0,0
BRDA:884,398,0,32
BRDA:904,399,0,0
BRDA:904,399,1,43
BRDA:909,400,0,43
BRDA:909,400,1,0
BRDA:910,401,0,40
BRDA:910,401,1,3
BRDA:919,402,0,0
BRDA:919,402,1,0
BRDA:937,403,0,33
BRDA:937,403,1,0
BRDA:941,404,0,33
BRDA:941,404,1,21
BRDA:1001,405,0,0
BRDA:1001,405,1,23
BRDA:1004,406,0,23
BRDA:1004,406,1,3
BRDA:1007,407,0,13
BRDA:1007,407,1,10
BRDA:1007,408,0,23
BRDA:1007,408,1,10
BRDA:1067,409,0,10
BRDA:1067,409,1,2
BRDA:1073,410,0,1
BRDA:1073,410,1,0
BRDA:1080,411,0,11
BRDA:1080,411,1,0
BRDA:1084,412,0,4
BRDA:1084,412,1,7
BRDA:1098,413,0,0
BRDA:1098,413,1,26
BRDA:1135,414,0,10
BRDA:1135,415,0,10
BRDA:1140,416,0,0
BRDA:1140,416,1,32
BRDA:1140,417,0,32
BRDA:1140,417,1,32
BRDA:1141,418,0,22
BRDA:1141,418,1,10
BRDA:1142,419,0,22
BRDA:1142,419,1,10
BRDA:1144,420,0,32
BRDA:1144,420,1,32
BRDA:1150,421,0,43
BRDA:1150,421,1,2
BRDA:1150,421,2,2
BRDA:1151,422,0,0
BRDA:1151,422,1,43
BRDA:1160,423,0,195
BRDA:1160,423,1,117
BRDA:1161,424,0,2
BRDA:1161,424,1,310
BRDA:1164,425,0,230
BRDA:1164,425,1,80
BRDA:1166,426,0,9
BRDA:1166,426,1,71
BRDA:1172,427,0,175
BRDA:1172,427,1,0
BRDA:1174,428,0,0
BRDA:1174,428,1,0
BRDA:1175,429,0,0
BRDA:1175,429,1,0
BRDA:1181,430,0,0
BRDA:1181,430,1,0
BRDA:1185,431,0,51
BRDA:1185,431,1,20
BRDA:1191,432,0,1
BRDA:1191,432,1,9
BRDA:1202,433,0,0
BRDA:1202,433,1,0
BRDA:1202,434,0,0
BRDA:1202,434,1,0
BRDA:1210,435,0,0
BRDA:1210,435,1,43
BRDA:1221,436,0,22
BRDA:1221,436,1,21
BRDA:1244,437,0,43
BRDA:1244,437,1,0
BRDA:1272,438,0,2
BRDA:1272,438,1,0
BRDA:1277,439,0,0
BRDA:1277,439,1,0
BRDA:1283,440,0,0
BRDA:1283,440,1,0
BRDA:1298,441,0,0
BRDA:1298,441,1,12
BRDA:1305,442,0,0
BRDA:1305,442,1,0
BRDA:1340,443,0,0
BRDA:1340,443,1,0
BRDA:1340,444,0,0
BRDA:1340,444,1,0
BRDA:1352,445,0,0
BRDA:1352,445,1,0
BRDA:1352,446,0,0
BRDA:1352,446,1,0
BRDA:1364,447,0,86
BRDA:1364,447,1,207
BRDA:1364,448,0,293
BRDA:1364,448,1,293
BRDA:1364,449,0,203
BRDA:1364,449,1,90
BRDA:1364,450,0,293
BRDA:1364,450,1,293
BRDA:1365,451,0,90
BRDA:1365,451,1,203
BRDA:1365,452,0,293
BRDA:1365,452,1,293
BRDA:1365,453,0,203
BRDA:1365,453,1,90
BRDA:1365,454,0,293
BRDA:1365,454,1,293
BRDA:1373,455,0,0
BRDA:1373,455,1,9
BRDA:1373,456,0,9
BRDA:1373,456,1,9
BRDA:1373,457,0,9
BRDA:1373,457,1,0
BRDA:1373,458,0,9
BRDA:1373,458,1,9
BRDA:1374,459,0,0
BRDA:1374,459,1,9
BRDA:1374,460,0,9
BRDA:1374,460,1,9
BRDA:1374,461,0,9
BRDA:1374,461,1,0
BRDA:1374,462,0,9
BRDA:1374,462,1,9
BRDA:1385,463,0,47
BRDA:1385,463,1,44
BRDA:1385,463,2,41
BRDA:1413,464,0,0
BRDA:1413,464,1,89
BRDA:1415,465,0,0
BRDA:1415,465,1,89
BRDA:1425,466,0,71
BRDA:1425,466,1,112
BRDA:1435,467,0,2
BRDA:1435,467,1,87
BRDA:1436,468,0,0
BRDA:1436,468,1,2
BRDA:1442,469,0,56
BRDA:1442,469,1,33
BRDA:1444,470,0,6
BRDA:1444,470,1,50
BRDA:1446,471,0,12
BRDA:1446,471,1,44
BRDA:1456,472,0,12
BRDA:1456,472,1,20
BRDA:1458,473,0,12
BRDA:1458,473,1,0
BRDA:1496,474,0,6
BRDA:1496,474,1,6
BRDA:1496,474,2,6
BRDA:1497,475,0,6
BRDA:1497,475,1,0
BRDA:1497,476,0,6
BRDA:1497,476,1,6
BRDA:1523,477,0,0
BRDA:1523,477,1,4
BRDA:1523,478,0,4
BRDA:1523,478,1,0
BRDA:1533,479,0,0
BRDA:1533,479,1,10
BRDA:1536,480,0,0
BRDA:1536,480,1,10
BRDA:1554,481,0,12
BRDA:1554,481,1,0
BRDA:1570,482,0,0
BRDA:1570,482,1,0
BRDA:1570,483,0,0
BRDA:1570,483,1,0
BRDA:1598,484,0,13
BRDA:1598,484,1,10
BRDA:1599,485,0,0
BRDA:1599,485,1,13
BRDA:1620,486,0,2
BRDA:1620,486,1,7
BRDA:1640,487,0,25
BRDA:1640,487,1,25
BRDA:1647,488,0,0
BRDA:1647,488,1,10
BRDA:1665,489,0,1
BRDA:1665,489,1,10
BRDA:1666,490,0,0
BRDA:1666,490,1,1
BRDA:1671,491,0,1
BRDA:1671,491,1,0
BRDA:1680,492,0,1
BRDA:1680,492,1,9
BRDA:1685,493,0,9
BRDA:1685,493,1,0
BRDA:1698,494,0,10
BRDA:1698,494,1,0
BRDA:1708,495,0,14
BRDA:1708,495,1,91
BRDA:1712,496,0,36
BRDA:1712,496,1,55
BRDA:1737,497,0,6
BRDA:1737,497,1,6
BRDA:1737,497,2,6
BRDA:1737,498,0,6
BRDA:1737,498,1,0
BRDA:1738,499,0,126
BRDA:1738,499,1,0
BRDA:1740,500,0,24
BRDA:1740,500,1,102
BRDA:1740,501,0,126
BRDA:1740,501,1,126
BRDA:1740,502,0,102
BRDA:1740,502,1,24
BRDA:1740,503,0,24
BRDA:1740,503,1,0
BRDA:1745,504,0,0
BRDA:1745,504,1,0
BRDA:1748,505,0,6
BRDA:1748,505,1,6
BRDA:1748,505,2,6
BRDA:1749,506,0,126
BRDA:1749,506,1,0
BRDA:1749,507,0,126
BRDA:1749,507,1,126
BRDA:1773,508,0,1
BRDA:1773,508,1,3
BRDA:1776,509,0,0
BRDA:1776,509,1,3
BRDA:1791,510,0,0
BRDA:1791,510,1,4
BRDA:1793,511,0,0
BRDA:1793,511,1,0
BRDA:1798,512,0,0
BRDA:1798,512,1,0
BRDA:1804,513,0,4
BRDA:1804,513,1,0
BRDA:1806,514,0,1
BRDA:1806,514,1,9
BRDA:1811,515,0,6
BRDA:1811,515,1,3
BRDA:1813,516,0,3
BRDA:1813,516,1,3
BRDA:1813,516,2,3
BRDA:1816,517,0,3
BRDA:1816,517,1,0
BRDA:1823,518,0,1
BRDA:1823,518,1,9
BRDA:1825,519,0,0
BRDA:1825,519,1,9
BRDA:1828,520,0,6
BRDA:1828,520,1,3
BRDA:1838,521,0,1
BRDA:1838,521,1,3
BRDA:1845,522,0,0
BRDA:1845,522,1,6
BRDA:1848,523,0,1
BRDA:1848,523,1,5
BRDA:1873,524,0,28
BRDA:1873,524,1,29
BRDA:1875,525,0,1
BRDA:1875,525,1,28
BRDA:1877,526,0,0
BRDA:1877,526,1,28
BRDA:1877,527,0,28
BRDA:1877,527,1,28
BRDA:1878,528,0,5
BRDA:1878,528,1,23
BRDA:1881,529,0,5
BRDA:1881,529,1,4
BRDA:1882,530,0,3
BRDA:1882,530,1,2
BRDA:1883,531,0,5
BRDA:1883,531,1,4
BRDA:1884,532,0,3
BRDA:1884,532,1,2
BRDA:1887,533,0,20
BRDA:1887,533,1,0
BRDA:1892,534,0,5
BRDA:1892,534,1,4
BRDA:1892,534,2,1
BRDA:1893,535,0,5
BRDA:1893,535,1,0
BRDA:1898,536,0,4
BRDA:1898,536,1,1
BRDA:1907,537,0,5
BRDA:1907,537,1,52
BRDA:1909,538,0,28
BRDA:1909,538,1,24
BRDA:1911,539,0,1
BRDA:1911,539,1,23
BRDA:1920,540,0,14
BRDA:1920,540,1,9
BRDA:1944,541,0,0
BRDA:1944,541,1,0
BRDA:1946,542,0,0
BRDA:1946,542,1,0
BRDA:1948,543,0,0
BRDA:1948,543,1,0
BRDA:1948,544,0,0
BRDA:1948,544,1,0
BRDA:1949,545,0,0
BRDA:1949,545,1,0
BRDA:1952,546,0,0
BRDA:1952,546,1,0
BRDA:1953,547,0,0
BRDA:1953,547,1,0
BRDA:1954,548,0,0
BRDA:1954,548,1,0
BRDA:1955,549,0,0
BRDA:1955,549,1,0
BRDA:1958,550,0,0
BRDA:1958,550,1,0
BRDA:1963,551,0,0
BRDA:1963,551,1,0
BRDA:1963,551,2,0
BRDA:1964,552,0,0
BRDA:1964,552,1,0
BRDA:1969,553,0,0
BRDA:1969,553,1,0
BRDA:1978,554,0,0
BRDA:1978,554,1,0
BRDA:1980,555,0,0
BRDA:1980,555,1,0
BRDA:1982,556,0,0
BRDA:1982,556,1,0
BRDA:1991,557,0,0
BRDA:1991,557,1,0
BRDA:2079,558,0,6
BRDA:2079,558,1,6
BRDA:2079,558,2,6
BRDA:2079,559,0,6
BRDA:2079,559,1,0
BRDA:2080,560,0,102
BRDA:2080,560,1,0
BRDA:2082,561,0,102
BRDA:2082,561,1,0
BRDA:2082,562,0,102
BRDA:2082,562,1,102
BRDA:2082,563,0,0
BRDA:2082,563,1,102
BRDA:2082,564,0,102
BRDA:2082,564,1,0
BRDA:2087,565,0,0
BRDA:2087,565,1,0
BRDA:2090,566,0,6
BRDA:2090,566,1,6
BRDA:2090,566,2,6
BRDA:2091,567,0,102
BRDA:2091,567,1,0
BRDA:2091,568,0,102
BRDA:2091,568,1,102
BRDA:2132,569,0,12
BRDA:2132,569,1,0
BRDA:2149,570,0,0
BRDA:2149,570,1,8
BRDA:2248,571,0,0
BRDA:2248,571,1,1
BRDA:2254,572,0,2
BRDA:2254,572,1,0
BRDA:2260,573,0,2
BRDA:2260,573,1,0
BRDA:2260,574,0,0
BRDA:2260,574,1,2
BRDA:2260,575,0,2
BRDA:2260,575,1,2
BRDA:2261,576,0,1
BRDA:2261,576,1,1
BRDA:2272,577,0,0
BRDA:2272,577,1,2
BRDA:2272,578,0,2
BRDA:2272,578,1,2
BRDA:2279,579,0,0
BRDA:2279,579,1,0
BRDA:2279,580,0,0
BRDA:2279,580,1,0
BRDA:2284,581,0,0
BRDA:2284,581,1,0
BRDA:2289,582,0,0
BRDA:2289,582,1,0
BRDA:2294,583,0,20
BRDA:2294,583,1,0
BRDA:2299,584,0,0
BRDA:2299,584,1,8
BRDA:2301,585,0,8
BRDA:2301,585,1,0
BRDA:2307,586,0,0
BRDA:2307,586,1,1
BRDA:2340,587,0,0
BRDA:2340,587,1,1
BRDA:2342,588,0,0
BRDA:2342,588,1,0
BRDA:2349,589,0,1
BRDA:2349,589,1,0
BRDA:2350,590,0,1
BRDA:2350,590,1,0
BRDA:2384,591,0,4
BRDA:2389,592,0,0
BRDA:2404,593,0,0
BRDA:2404,593,1,4
BRDA:2408,594,0,4
BRDA:2408,594,1,0
BRDA:2408,595,0,4
BRDA:2408,595,1,4
BRDA:2410,596,0,4
BRDA:2410,596,1,4
BRDA:2410,597,0,1
BRDA:2410,597,1,3
BRDA:2410,598,0,4
BRDA:2410,598,1,4
BRDA:2410,599,0,0
BRDA:2410,599,1,4
BRDA:2410,600,0,4
BRDA:2410,600,1,4
BRDA:2430,601,0,4
BRDA:2430,601,1,0
BRDA:2454,602,0,0
BRDA:2454,602,1,0
BRDA:2475,603,0,1
BRDA:2485,604,0,0
BRDA:2485,604,1,1
BRDA:2493,605,0,3
BRDA:2493,605,1,1
BRDA:2499,606,0,1
BRDA:2499,606,1,1
BRDA:2515,607,0,6
BRDA:2515,607,1,6
BRDA:2515,607,2,6
BRDA:2515,608,0,6
BRDA:2515,608,1,0
BRDA:2516,609,0,54
BRDA:2516,609,1,0
BRDA:2518,610,0,54
BRDA:2518,610,1,0
BRDA:2518,611,0,54
BRDA:2518,611,1,54
BRDA:2518,612,0,0
BRDA:2518,612,1,54
BRDA:2518,613,0,54
BRDA:2518,613,1,0
BRDA:2523,614,0,0
BRDA:2523,614,1,0
BRDA:2526,615,0,6
BRDA:2526,615,1,6
BRDA:2526,615,2,6
BRDA:2527,616,0,54
BRDA:2527,616,1,0
BRDA:2527,617,0,54
BRDA:2527,617,1,54
BRDA:2548,618,0,11
BRDA:2548,618,1,37
BRDA:2550,619,0,0
BRDA:2550,619,1,37
BRDA:2552,620,0,0
BRDA:2552,620,1,37
BRDA:2552,621,0,37
BRDA:2552,621,1,0
BRDA:2554,622,0,18
BRDA:2554,622,1,19
BRDA:2554,623,0,37
BRDA:2554,623,1,18
BRDA:2556,624,0,0
BRDA:2556,624,1,18
BRDA:2559,625,0,18
BRDA:2559,625,1,8
BRDA:2578,626,0,0
BRDA:2578,626,1,0
BRDA:2580,627,0,0
BRDA:2580,627,1,0
BRDA:2583,628,0,0
BRDA:2583,628,1,0
BRDA:2610,629,0,0
BRDA:2610,629,1,0
BRDA:2648,630,0,38
BRDA:2648,630,1,22
BRDA:2661,631,0,22
BRDA:2661,631,1,178
BRDA:2665,632,0,0
BRDA:2665,632,1,178
BRDA:2668,633,0,0
BRDA:2668,633,1,178
BRDA:2722,634,0,129
BRDA:2722,634,1,111
BRDA:2725,635,0,15
BRDA:2725,635,1,15
BRDA:2727,636,0,1
BRDA:2727,636,1,0
BRDA:2743,637,0,348
BRDA:2743,637,1,228
BRDA:2766,638,0,138
BRDA:2766,638,1,0
BRDA:2766,639,0,138
BRDA:2766,639,1,138
BRDA:2782,640,0,12
BRDA:2782,640,1,0
BRDA:2782,641,0,12
BRDA:2782,641,1,12
BRF:1344
BRH:645
end_of_record
TN:
SF:test\helpers.tsx
FN:12,renderApp
FN:24,TextInput
FN:25,(anonymous_6)
FNF:3
FNH:3
FNDA:10,renderApp
FNDA:20,TextInput
FNDA:5,(anonymous_6)
DA:4,6
DA:5,6
DA:7,6
DA:8,6
DA:9,6
DA:12,6
DA:13,10
DA:18,10
DA:22,6
DA:24,6
DA:25,20
DA:26,20
LF:12
LH:12
BRDA:25,0,0,5
BRDA:25,0,1,5
BRF:2
BRH:2
end_of_record
